#
# A fatal error has been detected by the Java Runtime Environment:
#
#  SIGBUS (0xa) at pc=0x00007ff80660f8a7, pid=2518, tid=259
#
# JRE version: Java(TM) SE Runtime Environment (15.0.2+7) (build 15.0.2+7-27)
# Java VM: Java HotSpot(TM) 64-Bit Server VM (15.0.2+7-27, mixed mode, sharing, tiered, compressed oops, g1 gc, bsd-amd64)
# Problematic frame:
# C  [CoreGraphics+0xc8a7]  ERROR_CGDataProvider_BufferIsNotReadable+0x27
#
# No core dump will be written. Core dumps have been disabled. To enable core dumping, try "ulimit -c unlimited" before starting Java again
#
# If you would like to submit a bug report, please visit:
#   https://bugreport.java.com/bugreport/crash.jsp
# The crash happened outside the Java Virtual Machine in native code.
# See problematic frame for where to report the bug.
#

---------------  S U M M A R Y ------------

Command Line: -Dfile.encoding=UTF-8 --module-path=/Users/rima/git/FXGLGames/Pacman/target/classes:/Users/rima/.m2/repository/com/github/almasb/fxgl/11.16/fxgl-11.16.jar:/Users/rima/.m2/repository/org/openjfx/javafx-fxml/16/javafx-fxml-16-mac.jar:/Users/rima/.m2/repository/org/openjfx/javafx-controls/16/javafx-controls-16-mac.jar:/Users/rima/.m2/repository/com/github/almasb/fxgl-core/11.16/fxgl-core-11.16.jar:/Users/rima/.m2/repository/org/openjfx/javafx-graphics/16/javafx-graphics-16-mac.jar:/Users/rima/.m2/repository/org/openjfx/javafx-base/16/javafx-base-16-mac.jar:/Users/rima/.m2/repository/com/github/almasb/fxgl-io/11.16/fxgl-io-11.16.jar:/Users/rima/.m2/repository/com/gluonhq/attach/storage/4.0.9/storage-4.0.9.jar:/Users/rima/.m2/repository/com/gluonhq/attach/util/4.0.9/util-4.0.9.jar:/Users/rima/.m2/repository/com/github/almasb/fxgl-ui/11.16/fxgl-ui-11.16.jar:/Users/rima/.m2/repository/com/github/almasb/fxgl-entity/11.16/fxgl-entity-11.16.jar:/Users/rima/.m2/repository/com/github/almasb/fxgl-media/11.16/fxgl-media-11.16.jar:/Users/rima/.m2/repository/org/openjfx/javafx-media/16/javafx-media-16-mac.jar:/Users/rima/.m2/repository/com/gluonhq/attach/audio/4.0.9/audio-4.0.9.jar:/Users/rima/.m2/repository/com/github/almasb/fxgl-input/11.16/fxgl-input-11.16.jar:/Users/rima/.m2/repository/com/github/almasb/fxgl-scene/11.16/fxgl-scene-11.16.jar:/Users/rima/.m2/repository/com/github/almasb/fxgl-gameplay/11.16/fxgl-gameplay-11.16.jar:/Users/rima/.m2/repository/com/fasterxml/jackson/core/jackson-annotations/2.12.1/jackson-annotations-2.12.1.jar:/Users/rima/.m2/repository/com/fasterxml/jackson/core/jackson-databind/2.12.1/jackson-databind-2.12.1.jar:/Users/rima/.m2/repository/com/fasterxml/jackson/core/jackson-core/2.12.1/jackson-core-2.12.1.jar:/Users/rima/.m2/repository/com/gluonhq/attach/lifecycle/4.0.9/lifecycle-4.0.9.jar:/Users/rima/.m2/repository/org/jetbrains/kotlin/kotlin-stdlib/1.4.30/kotlin-stdlib-1.4.30-modular.jar -XX:+ShowCodeDetailsInExceptionMessages -Djdk.module.main=pacman.main pacman.main/com.almasb.fxglgames.pacman.PacmanApp

Host: MacBookPro17,1 x86_64 2400 MHz, 8 cores, 8G, Darwin 21.1.0
Time: Fri Nov  5 22:37:09 2021 IST elapsed time: 10.292578 seconds (0d 0h 0m 10s)

---------------  T H R E A D  ---------------

Current thread (0x00007fa437a6ca00):  JavaThread "JavaFX Application Thread" [_thread_in_native, id=259, stack(0x0000000305963000,0x0000000306163000)]

Stack: [0x0000000305963000,0x0000000306163000],  sp=0x000000030615d300,  free space=8168k
Native frames: (J=compiled Java code, A=aot compiled Java code, j=interpreted, Vv=VM code, C=native code)
C  [CoreGraphics+0xc8a7]  ERROR_CGDataProvider_BufferIsNotReadable+0x27
C  [CoreGraphics+0xc743]  CGDataProviderRetainBytePtr+0x111
C  [CoreGraphics+0x22cecb]  CGDataProviderCreateProtectedCopy+0x13
C  [CoreGraphics+0x1ea72a]  CGImageCreateCopyWithProtectedDataProvider+0x3e
C  [CoreGraphics+0x3968b]  CGContextDrawImageWithOptions+0x90
C  [SkyLight+0x1e86db]  SLSRegisterCursorWithImages+0x38e
C  [AppKit+0x1dee19]  -[NSCursor _reallySet]+0x244
C  [AppKit+0x1deb89]  -[NSCursor set]+0xb2
C  [libglass.dylib+0x5e71]  Java_com_sun_glass_ui_mac_MacCursor__1setCustom+0x121
j  com.sun.glass.ui.mac.MacCursor._setCustom(J)V+0 javafx.graphics
j  com.sun.glass.ui.mac.MacCursor.set()V+60 javafx.graphics
j  com.sun.glass.ui.mac.MacWindow._setCursor(JLcom/sun/glass/ui/Cursor;)V+4 javafx.graphics
j  com.sun.glass.ui.Window.setCursor(Lcom/sun/glass/ui/Cursor;)V+9 javafx.graphics
j  com.sun.javafx.tk.quantum.ViewScene.lambda$setCursor$1(Ljava/lang/Object;)V+34 javafx.graphics
j  com.sun.javafx.tk.quantum.ViewScene$$Lambda$224+0x0000000800cd5f88.run()V+8 javafx.graphics
J 4826 c1 com.sun.glass.ui.InvokeLaterDispatcher$Future.run()V javafx.graphics (91 bytes) @ 0x0000000115bbf3f4 [0x0000000115bbf2e0+0x0000000000000114]
v  ~StubRoutines::call_stub
V  [libjvm.dylib+0x4adf62]  _ZN9JavaCalls11call_helperEP9JavaValueRK12methodHandleP17JavaCallArgumentsP6Thread+0x2e2
V  [libjvm.dylib+0x505d27]  _ZL20jni_invoke_nonstaticP7JNIEnv_P9JavaValueP8_jobject11JNICallTypeP10_jmethodIDP18JNI_ArgumentPusherP6Thread+0x397
V  [libjvm.dylib+0x50a3db]  jni_CallVoidMethod+0x19b
C  [libglass.dylib+0x8f48]  -[GlassRunnable run]+0x58
C  [Foundation+0x81d63]  __NSThreadPerformPerform+0xb3
C  [CoreFoundation+0x7fb68]  __CFRUNLOOP_IS_CALLING_OUT_TO_A_SOURCE0_PERFORM_FUNCTION__+0x11
C  [CoreFoundation+0x7fad0]  __CFRunLoopDoSource0+0xb4
C  [CoreFoundation+0x7f843]  __CFRunLoopDoSources0+0xf2
C  [CoreFoundation+0x7e25f]  __CFRunLoopRun+0x381
C  [CoreFoundation+0x7d809]  CFRunLoopRunSpecific+0x237
C  [HIToolbox+0x2f3e1]  RunCurrentEventLoopInMode+0x124
C  [HIToolbox+0x2f137]  ReceiveNextEventCommon+0x24b
C  [HIToolbox+0x2eed5]  _BlockUntilNextEventMatchingListInModeWithFilter+0x46
C  [AppKit+0x3e8f0]  _DPSNextEvent+0x376
C  [AppKit+0x3cf5c]  -[NSApplication(NSEvent) _nextEventMatchingEventMask:untilDate:inMode:dequeue:]+0x583
C  [AppKit+0x2f359]  -[NSApplication run]+0x24a
C  [libglass.dylib+0xaf60]  -[GlassApplication runLoop:]+0x750
C  [Foundation+0x81d63]  __NSThreadPerformPerform+0xb3
C  [CoreFoundation+0x7fb68]  __CFRUNLOOP_IS_CALLING_OUT_TO_A_SOURCE0_PERFORM_FUNCTION__+0x11
C  [CoreFoundation+0x7fad0]  __CFRunLoopDoSource0+0xb4
C  [CoreFoundation+0x7f843]  __CFRunLoopDoSources0+0xf2
C  [CoreFoundation+0x7e25f]  __CFRunLoopRun+0x381
C  [CoreFoundation+0x7d809]  CFRunLoopRunSpecific+0x237
C  [libjli.dylib+0x6e32]  CreateExecutionEnvironment+0x192
C  [libjli.dylib+0x2674]  JLI_Launch+0x614
C  [java+0xc16]  main+0x196
C  0x00000002010e34fe
C  0x0000000000000004

Java frames: (J=compiled Java code, j=interpreted, Vv=VM code)
j  com.sun.glass.ui.mac.MacCursor._setCustom(J)V+0 javafx.graphics
j  com.sun.glass.ui.mac.MacCursor.set()V+60 javafx.graphics
j  com.sun.glass.ui.mac.MacWindow._setCursor(JLcom/sun/glass/ui/Cursor;)V+4 javafx.graphics
j  com.sun.glass.ui.Window.setCursor(Lcom/sun/glass/ui/Cursor;)V+9 javafx.graphics
j  com.sun.javafx.tk.quantum.ViewScene.lambda$setCursor$1(Ljava/lang/Object;)V+34 javafx.graphics
j  com.sun.javafx.tk.quantum.ViewScene$$Lambda$224+0x0000000800cd5f88.run()V+8 javafx.graphics
J 4826 c1 com.sun.glass.ui.InvokeLaterDispatcher$Future.run()V javafx.graphics (91 bytes) @ 0x0000000115bbf3f4 [0x0000000115bbf2e0+0x0000000000000114]
v  ~StubRoutines::call_stub

siginfo: si_signo: 10 (SIGBUS), si_code: 2 (BUS_ADRERR), si_addr: 0x0000000786a43888

Register to memory mapping:

RAX=
[error occurred during error reporting (printing register info), id 0xa, SIGBUS (0xa) at pc=0x000000010a96d1e9]

Registers:
RAX=0x0000000786a43888, RBX=0x00007fa435f4d7e0, RCX=0x00000000000120a8, RDX=0x0000000000000008
RSP=0x000000030615d300, RBP=0x000000030615d310, RSI=0x0000000000000000, RDI=0x0000000786a43888
R8 =0x00000000000167aa, R9 =0x00000000000020a8, R10=0x00007fa435f4d8b0, R11=0x0000000000000071
R12=0x00007fa435f4d7e0, R13=0x00007fa435f4e060, R14=0x00007fa435f4d890, R15=0x0000000000000125
RIP=0x00007ff80660f8a7, EFLAGS=0x0000000000000246, ERR=0x0000000000000004
  TRAPNO=0x000000000000000e

Top of Stack: (sp=0x000000030615d300)
0x000000030615d300:   0000000786a43888 00007fa435f4d7e0
0x000000030615d310:   000000030615d340 00007ff80660f743
0x000000030615d320:   0000000000000000 00007fa435f4e060
0x000000030615d330:   0000600002594780 0000000000000125
0x000000030615d340:   000000030615d370 00007ff80682fecb
0x000000030615d350:   00007fa435f4e060 0000000000000033
0x000000030615d360:   0000600002594780 0000000000000125
0x000000030615d370:   000000030615d390 00007ff8067ed72a
0x000000030615d380:   0000000000000000 0000600002594780
0x000000030615d390:   000000030615d440 00007ff80663c68b
0x000000030615d3a0:   0000000000000000 0000000000000000
0x000000030615d3b0:   4049800000000000 4048800000000000
0x000000030615d3c0:   0000000000000033 0000600002594780
0x000000030615d3d0:   0000600002292d90 00007fa435f6ad30
0x000000030615d3e0:   000000030615d440 00007ff80665f054
0x000000030615d3f0:   0000000000000020 00000000000000cc
0x000000030615d400:   000060000316e670 0000600002bbf810
0x000000030615d410:   0000000000000001 0000000000000031
0x000000030615d420:   0000000000000033 0000600002594780
0x000000030615d430:   0000000000000000 000000030615d5cc
0x000000030615d440:   000000030615dee0 00007ff80645a6db
0x000000030615d450:   0000000000000000 0000000000000000
0x000000030615d460:   4049800000000000 4048800000000000
0x000000030615d470:   401c000000000000 0000000000000000
0x000000030615d480:   4018000000000000 0000000000000000
0x000000030615d490:   4049800000000000 0000000000000000
0x000000030615d4a0:   4048800000000000 0000000000000000
0x000000030615d4b0:   0000000000000001 0000000000000000
0x000000030615d4c0:   00000000000009c3 0000000000000000
0x000000030615d4d0:   0000000000000000 0000000000000001
0x000000030615d4e0:   00000000000009c3 0000000100000000
0x000000030615d4f0:   000a889b00000000 00007fa435f4e060 

Instructions: (pc=0x00007ff80660f8a7)
0x00007ff80660f7a7:   54 d6 6e 00 eb 0c 45 31 f6 eb 1f 48 8d 35 68 d6
0x00007ff80660f7b7:   6e 00 bf 03 00 00 00 48 89 da 31 c0 e8 3d 31 49
0x00007ff80660f7c7:   00 e8 bb 73 44 00 84 c0 75 23 44 89 f0 48 83 c4
0x00007ff80660f7d7:   08 5b 41 5e 41 5f 5d c3 48 8d 3d 0a 57 3b 3c 48
0x00007ff80660f7e7:   8d 35 5b 34 c8 3d e8 f6 5d 4f 00 eb 96 e8 9a 1a
0x00007ff80660f7f7:   4f 00 90 90 90 90 90 90 90 90 90 90 90 90 90 90
0x00007ff80660f807:   90 55 48 89 e5 5d e9 42 55 4f 00 90 90 90 90 90
0x00007ff80660f817:   90 90 55 48 89 e5 53 50 48 89 fb 48 83 3d ce 56
0x00007ff80660f827:   3b 3c ff 75 33 48 85 db 74 25 80 3d 48 0e 74 3c
0x00007ff80660f837:   00 74 1c 48 8b bb 10 01 00 00 48 85 ff 74 10 be
0x00007ff80660f847:   00 01 00 08 48 83 c4 08 5b 5d e9 4a 57 4f 00 31
0x00007ff80660f857:   c0 48 83 c4 08 5b 5d c3 48 8d 3d 92 56 3b 3c 48
0x00007ff80660f867:   8d 35 5b 34 c8 3d e8 76 5d 4f 00 eb b8 66 2e 0f
0x00007ff80660f877:   1f 84 00 00 00 00 00 66 90 55 48 89 e5 48 83 ec
0x00007ff80660f887:   10 48 89 7d f0 c6 45 ff aa c6 45 ff 00 e8 33 00
0x00007ff80660f897:   00 00 24 01 0f b6 c0 83 f8 01 75 09 48 8b 45 f0
0x00007ff80660f8a7:   8a 00 88 45 ff 48 83 c4 10 5d c3 66 2e 0f 1f 84
0x00007ff80660f8b7:   00 00 00 00 00 0f 1f 40 00 90 90 90 90 90 90 90
0x00007ff80660f8c7:   90 90 90 90 90 55 48 89 e5 48 83 3d 30 56 3b 3c
0x00007ff80660f8d7:   ff 75 08 8a 05 20 56 3b 3c 5d c3 48 8d 3d 1f 56
0x00007ff80660f8e7:   3b 3c 48 8d 35 18 34 c8 3d e8 f3 5c 4f 00 eb e3
0x00007ff80660f8f7:   55 48 89 e5 48 bf 01 00 00 00 02 0d 0a 00 e8 26
0x00007ff80660f907:   5d 4f 00 88 05 f0 55 3b 3c 5d c3 90 90 90 90 90
0x00007ff80660f917:   90 90 90 90 90 90 90 90 90 55 48 89 e5 48 83 ec
0x00007ff80660f927:   20 48 89 7d e8 48 89 75 f0 c6 45 ff aa c6 45 ff
0x00007ff80660f937:   00 e8 8f ff ff ff 24 01 0f b6 c0 83 f8 01 75 0e
0x00007ff80660f947:   48 8b 45 e8 48 8b 4d f0 8a 04 08 88 45 ff 48 83
0x00007ff80660f957:   c4 20 5d c3 90 90 90 90 90 90 90 48 85 ff 74 12
0x00007ff80660f967:   55 48 89 e5 48 8d 05 50 fc 04 00 48 39 47 50 5d
0x00007ff80660f977:   74 03 31 c0 c3 b0 01 c3 90 90 90 90 90 90 90 90
0x00007ff80660f987:   90 90 90 48 85 ff 74 12 55 48 89 e5 48 8d 05 6e
0x00007ff80660f997:   fe ff ff 48 39 47 50 5d 74 03 31 c0 c3 b0 01 c3 


Stack slot to memory mapping:
stack at sp + 0 slots: 
[error occurred during error reporting (inspecting top of stack), id 0xa, SIGBUS (0xa) at pc=0x000000010a96d1e9]


---------------  P R O C E S S  ---------------

Threads class SMR info:
_java_thread_list=0x0000600001184480, length=21, elements={
0x00007fa43601a400, 0x00007fa4370a3c00, 0x00007fa4370a6400, 0x00007fa43603e000,
0x00007fa43601de00, 0x00007fa436041e00, 0x00007fa436042400, 0x00007fa42600a400,
0x00007fa436042a00, 0x00007fa43780d000, 0x00007fa42601c600, 0x00007fa43614ac00,
0x00007fa437253600, 0x00007fa437a6ca00, 0x00007fa437a9c000, 0x00007fa437be2a00,
0x00007fa437a76400, 0x00007fa437b8aa00, 0x00007fa4370a7a00, 0x00007fa426034e00,
0x00007fa426073200
}

Java Threads: ( => current thread )
  0x00007fa43601a400 JavaThread "main" [_thread_blocked, id=8707, stack(0x00000003061e6000,0x00000003062e6000)]
  0x00007fa4370a3c00 JavaThread "Reference Handler" daemon [_thread_blocked, id=16643, stack(0x00000003068fb000,0x00000003069fb000)]
  0x00007fa4370a6400 JavaThread "Finalizer" daemon [_thread_blocked, id=22019, stack(0x00000003069fe000,0x0000000306afe000)]
  0x00007fa43603e000 JavaThread "Signal Dispatcher" daemon [_thread_blocked, id=39683, stack(0x0000000306c97000,0x0000000306d97000)]
  0x00007fa43601de00 JavaThread "Service Thread" daemon [_thread_blocked, id=39171, stack(0x0000000306d9a000,0x0000000306e9a000)]
  0x00007fa436041e00 JavaThread "C2 CompilerThread0" daemon [_thread_in_native, id=38403, stack(0x0000000306e9d000,0x0000000306f9d000)]
  0x00007fa436042400 JavaThread "C1 CompilerThread0" daemon [_thread_in_native, id=25347, stack(0x0000000306fa0000,0x00000003070a0000)]
  0x00007fa42600a400 JavaThread "Sweeper thread" daemon [_thread_blocked, id=37379, stack(0x00000003070a3000,0x00000003071a3000)]
  0x00007fa436042a00 JavaThread "Common-Cleaner" daemon [_thread_blocked, id=26627, stack(0x00000003071a6000,0x00000003072a6000)]
  0x00007fa43780d000 JavaThread "Notification Thread" daemon [_thread_blocked, id=27907, stack(0x00000003072a9000,0x00000003073a9000)]
  0x00007fa42601c600 JavaThread "JavaFX-Launcher" [_thread_blocked, id=28931, stack(0x00000003074af000,0x00000003075af000)]
  0x00007fa43614ac00 JavaThread "QuantumRenderer-0" daemon [_thread_blocked, id=33795, stack(0x00000003075b2000,0x00000003076b2000)]
  0x00007fa437253600 JavaThread "InvokeLaterDispatcher" daemon [_thread_blocked, id=48387, stack(0x00000003076b5000,0x00000003077b5000)]
=>0x00007fa437a6ca00 JavaThread "JavaFX Application Thread" [_thread_in_native, id=259, stack(0x0000000305963000,0x0000000306163000)]
  0x00007fa437a9c000 JavaThread "FXGL Background Thread 1" daemon [_thread_blocked, id=64771, stack(0x0000000307ed5000,0x0000000307fd5000)]
  0x00007fa437be2a00 JavaThread "Prism Font Disposer" daemon [_thread_blocked, id=163367, stack(0x00000003080e7000,0x00000003081e7000)]
  0x00007fa437a76400 JavaThread "FXGL Background Thread 2" daemon [_thread_blocked, id=71431, stack(0x00000003077b8000,0x00000003078b8000)]
  0x00007fa437b8aa00 JavaThread "FXGL Background Thread 3" daemon [_thread_blocked, id=162819, stack(0x00000003081ea000,0x00000003082ea000)]
  0x00007fa4370a7a00 JavaThread "FXGL Background Thread 4" daemon [_thread_in_Java, id=98307, stack(0x00000003082ed000,0x00000003083ed000)]
  0x00007fa426034e00 JavaThread "PulseTimer-CVDisplayLink thread" daemon [_thread_in_native, id=161795, stack(0x00000003083f0000,0x0000000308470000)]
  0x00007fa426073200 JavaThread "Cleaner-0" daemon [_thread_blocked, id=159747, stack(0x0000000308473000,0x0000000308573000)]

Other Threads:
  0x00007fa4368152f0 VMThread "VM Thread" [stack: 0x00000003067f8000,0x00000003068f8000] [id=17411]
  0x00007fa436907290 WatcherThread [stack: 0x00000003073ac000,0x00000003074ac000] [id=28175]
  0x00007fa435f088f0 GCTaskThread "GC Thread#0" [stack: 0x00000003062e9000,0x00000003063e9000] [id=13827]
  0x00007fa436849650 GCTaskThread "GC Thread#1" [stack: 0x00000003079c6000,0x0000000307ac6000] [id=68867]
  0x00007fa436849970 GCTaskThread "GC Thread#2" [stack: 0x0000000307ac9000,0x0000000307bc9000] [id=68611]
  0x00007fa436849c90 GCTaskThread "GC Thread#3" [stack: 0x0000000307bcc000,0x0000000307ccc000] [id=62211]
  0x00007fa436857bb0 GCTaskThread "GC Thread#4" [stack: 0x0000000307ccf000,0x0000000307dcf000] [id=62467]
  0x00007fa436858270 GCTaskThread "GC Thread#5" [stack: 0x0000000307dd2000,0x0000000307ed2000] [id=62979]
  0x00007fa436804ca0 ConcurrentGCThread "G1 Main Marker" [stack: 0x00000003063ec000,0x00000003064ec000] [id=18435]
  0x00007fa436805770 ConcurrentGCThread "G1 Conc#0" [stack: 0x00000003064ef000,0x00000003065ef000] [id=18179]
  0x00007fa436956e60 ConcurrentGCThread "G1 Conc#1" [stack: 0x0000000308576000,0x0000000308676000] [id=99843]
  0x00007fa4368112a0 ConcurrentGCThread "G1 Refine#0" [stack: 0x00000003065f2000,0x00000003066f2000] [id=15619]
  0x00007fa436811d80 ConcurrentGCThread "G1 Young RemSet Sampling" [stack: 0x00000003066f5000,0x00000003067f5000] [id=17923]

Threads with active compile tasks:
C2 CompilerThread0    10303 5256       4       javafx.scene.Node::setScenes (75 bytes)
C1 CompilerThread0    10303 5282       3       jdk.internal.misc.Unsafe::copyMemory (33 bytes)

VM state: not at safepoint (normal execution)

VM Mutex/Monitor currently owned by a thread: None

Heap address: 0x0000000780000000, size: 2048 MB, Compressed Oops mode: Zero based, Oop shift amount: 3
CDS archive(s) mapped at: [0x0000000800000000-0x0000000800b2d000-0x0000000800b2d000), size 11718656, SharedBaseAddress: 0x0000000800000000, ArchiveRelocationMode: 0.
Compressed class space mapped at: 0x0000000800b30000-0x0000000840b30000, size: 1073741824
Narrow klass base: 0x0000000800000000, Narrow klass shift: 3, Narrow klass range: 0x100000000

GC Precious Log:
 CPUs: 8 total, 8 available
 Memory: 8192M
 Large Page Support: Disabled
 NUMA Support: Disabled
 Compressed Oops: Enabled (Zero based)
 Heap Region Size: 1M
 Heap Min Capacity: 8M
 Heap Initial Capacity: 128M
 Heap Max Capacity: 2G
 Pre-touch: Disabled
 Parallel Workers: 8
 Concurrent Workers: 2
 Concurrent Refinement Workers: 8
 Periodic GC: Disabled

Heap:
 garbage-first heap   total 56320K, used 34268K [0x0000000780000000, 0x0000000800000000)
  region size 1024K, 10 young (10240K), 1 survivors (1024K)
 Metaspace       used 28299K, capacity 28587K, committed 28928K, reserved 1075200K
  class space    used 3432K, capacity 3533K, committed 3584K, reserved 1048576K

Heap Regions: E=young(eden), S=young(survivor), O=old, HS=humongous(starts), HC=humongous(continues), CS=collection set, F=free, OA=open archive, CA=closed archive, TAMS=top-at-mark-start (previous, next)
|   0|0x0000000780000000, 0x0000000780100000, 0x0000000780100000|100%| O|  |TAMS 0x0000000780100000, 0x0000000780000000| Untracked 
|   1|0x0000000780100000, 0x0000000780200000, 0x0000000780200000|100%| O|  |TAMS 0x0000000780200000, 0x0000000780100000| Untracked 
|   2|0x0000000780200000, 0x0000000780300000, 0x0000000780300000|100%| O|  |TAMS 0x0000000780300000, 0x0000000780200000| Untracked 
|   3|0x0000000780300000, 0x0000000780386600, 0x0000000780400000| 52%| O|  |TAMS 0x0000000780386600, 0x0000000780300000| Untracked 
|   4|0x0000000780400000, 0x0000000780500000, 0x0000000780500000|100%|HS|  |TAMS 0x0000000780500000, 0x0000000780400000| Complete 
|   5|0x0000000780500000, 0x0000000780600000, 0x0000000780600000|100%|HC|  |TAMS 0x0000000780600000, 0x0000000780500000| Complete 
|   6|0x0000000780600000, 0x0000000780700000, 0x0000000780700000|100%| O|  |TAMS 0x0000000780700000, 0x0000000780600000| Untracked 
|   7|0x0000000780700000, 0x0000000780800000, 0x0000000780800000|100%| O|  |TAMS 0x0000000780800000, 0x0000000780700000| Untracked 
|   8|0x0000000780800000, 0x0000000780900000, 0x0000000780900000|100%| O|  |TAMS 0x0000000780900000, 0x0000000780800000| Untracked 
|   9|0x0000000780900000, 0x0000000780a00000, 0x0000000780a00000|100%| O|  |TAMS 0x0000000780a00000, 0x0000000780900000| Untracked 
|  10|0x0000000780a00000, 0x0000000780b00000, 0x0000000780b00000|100%| O|  |TAMS 0x0000000780b00000, 0x0000000780a00000| Untracked 
|  11|0x0000000780b00000, 0x0000000780c00000, 0x0000000780c00000|100%| O|  |TAMS 0x0000000780c00000, 0x0000000780b00000| Untracked 
|  12|0x0000000780c00000, 0x0000000780d00000, 0x0000000780d00000|100%| O|  |TAMS 0x0000000780d00000, 0x0000000780c00000| Untracked 
|  13|0x0000000780d00000, 0x0000000780e00000, 0x0000000780e00000|100%| O|  |TAMS 0x0000000780e00000, 0x0000000780d00000| Untracked 
|  14|0x0000000780e00000, 0x0000000780f00000, 0x0000000780f00000|100%| O|  |TAMS 0x0000000780f00000, 0x0000000780e00000| Untracked 
|  15|0x0000000780f00000, 0x0000000781000000, 0x0000000781000000|100%| O|  |TAMS 0x0000000781000000, 0x0000000780f00000| Untracked 
|  16|0x0000000781000000, 0x0000000781100000, 0x0000000781100000|100%| O|  |TAMS 0x0000000781100000, 0x0000000781000000| Untracked 
|  17|0x0000000781100000, 0x0000000781200000, 0x0000000781200000|100%| O|  |TAMS 0x0000000781200000, 0x0000000781100000| Untracked 
|  18|0x0000000781200000, 0x0000000781300000, 0x0000000781300000|100%| O|  |TAMS 0x0000000781300000, 0x0000000781200000| Untracked 
|  19|0x0000000781300000, 0x0000000781300000, 0x0000000781400000|  0%| F|  |TAMS 0x0000000781300000, 0x0000000781300000| Untracked 
|  20|0x0000000781400000, 0x0000000781400000, 0x0000000781500000|  0%| F|  |TAMS 0x0000000781400000, 0x0000000781400000| Untracked 
|  21|0x0000000781500000, 0x0000000781500000, 0x0000000781600000|  0%| F|  |TAMS 0x0000000781500000, 0x0000000781500000| Untracked 
|  22|0x0000000781600000, 0x0000000781600000, 0x0000000781700000|  0%| F|  |TAMS 0x0000000781600000, 0x0000000781600000| Untracked 
|  23|0x0000000781700000, 0x0000000781700000, 0x0000000781800000|  0%| F|  |TAMS 0x0000000781700000, 0x0000000781700000| Untracked 
|  24|0x0000000781800000, 0x0000000781800000, 0x0000000781900000|  0%| F|  |TAMS 0x0000000781800000, 0x0000000781800000| Untracked 
|  25|0x0000000781900000, 0x0000000781900000, 0x0000000781a00000|  0%| F|  |TAMS 0x0000000781900000, 0x0000000781900000| Untracked 
|  26|0x0000000781a00000, 0x0000000781a26d78, 0x0000000781b00000| 15%| S|CS|TAMS 0x0000000781a00000, 0x0000000781a00000| Complete 
|  27|0x0000000781b00000, 0x0000000781b00000, 0x0000000781c00000|  0%| F|  |TAMS 0x0000000781b00000, 0x0000000781b00000| Untracked 
|  28|0x0000000781c00000, 0x0000000781c00000, 0x0000000781d00000|  0%| F|  |TAMS 0x0000000781c00000, 0x0000000781c00000| Untracked 
|  29|0x0000000781d00000, 0x0000000781d00000, 0x0000000781e00000|  0%| F|  |TAMS 0x0000000781d00000, 0x0000000781d00000| Untracked 
|  30|0x0000000781e00000, 0x0000000781e00000, 0x0000000781f00000|  0%| F|  |TAMS 0x0000000781e00000, 0x0000000781e00000| Untracked 
|  31|0x0000000781f00000, 0x0000000781f00000, 0x0000000782000000|  0%| F|  |TAMS 0x0000000781f00000, 0x0000000781f00000| Untracked 
|  32|0x0000000782000000, 0x0000000782000000, 0x0000000782100000|  0%| F|  |TAMS 0x0000000782000000, 0x0000000782000000| Untracked 
|  33|0x0000000782100000, 0x0000000782100000, 0x0000000782200000|  0%| F|  |TAMS 0x0000000782100000, 0x0000000782100000| Untracked 
|  34|0x0000000782200000, 0x0000000782200000, 0x0000000782300000|  0%| F|  |TAMS 0x0000000782200000, 0x0000000782200000| Untracked 
|  35|0x0000000782300000, 0x0000000782300000, 0x0000000782400000|  0%| F|  |TAMS 0x0000000782300000, 0x0000000782300000| Untracked 
|  36|0x0000000782400000, 0x0000000782400000, 0x0000000782500000|  0%| F|  |TAMS 0x0000000782400000, 0x0000000782400000| Untracked 
|  37|0x0000000782500000, 0x0000000782500000, 0x0000000782600000|  0%| F|  |TAMS 0x0000000782500000, 0x0000000782500000| Untracked 
|  38|0x0000000782600000, 0x000000078265fdb0, 0x0000000782700000| 37%| E|  |TAMS 0x0000000782600000, 0x0000000782600000| Complete 
|  97|0x0000000786100000, 0x0000000786200000, 0x0000000786200000|100%| E|CS|TAMS 0x0000000786100000, 0x0000000786100000| Complete 
|  98|0x0000000786200000, 0x0000000786300000, 0x0000000786300000|100%| E|CS|TAMS 0x0000000786200000, 0x0000000786200000| Complete 
|  99|0x0000000786300000, 0x0000000786400000, 0x0000000786400000|100%| E|CS|TAMS 0x0000000786300000, 0x0000000786300000| Complete 
| 100|0x0000000786400000, 0x0000000786500000, 0x0000000786500000|100%| E|CS|TAMS 0x0000000786400000, 0x0000000786400000| Complete 
| 101|0x0000000786500000, 0x0000000786600000, 0x0000000786600000|100%| E|CS|TAMS 0x0000000786500000, 0x0000000786500000| Complete 
| 102|0x0000000786600000, 0x0000000786700000, 0x0000000786700000|100%| E|CS|TAMS 0x0000000786600000, 0x0000000786600000| Complete 
| 103|0x0000000786700000, 0x0000000786800000, 0x0000000786800000|100%| E|CS|TAMS 0x0000000786700000, 0x0000000786700000| Complete 
| 127|0x0000000787f00000, 0x0000000788000000, 0x0000000788000000|100%| E|CS|TAMS 0x0000000787f00000, 0x0000000787f00000| Complete 
|1022|0x00000007bfe00000, 0x00000007bfe51000, 0x00000007bff00000| 31%|OA|  |TAMS 0x00000007bfe51000, 0x00000007bfe00000| Untracked 
|1023|0x00000007bff00000, 0x00000007bff79000, 0x00000007c0000000| 47%|CA|  |TAMS 0x00000007bff79000, 0x00000007bff00000| Untracked 
|2042|0x00000007ffa00000, 0x00000007ffb00000, 0x00000007ffb00000|100%| O|  |TAMS 0x00000007ffb00000, 0x00000007ffa00000| Untracked 
|2043|0x00000007ffb00000, 0x00000007ffc00000, 0x00000007ffc00000|100%| O|  |TAMS 0x00000007ffc00000, 0x00000007ffb00000| Untracked 
|2044|0x00000007ffc00000, 0x00000007ffd00000, 0x00000007ffd00000|100%| O|  |TAMS 0x00000007ffd00000, 0x00000007ffc00000| Untracked 
|2045|0x00000007ffd00000, 0x00000007ffe00000, 0x00000007ffe00000|100%| O|  |TAMS 0x00000007ffe00000, 0x00000007ffd00000| Untracked 
|2046|0x00000007ffe00000, 0x00000007fff00000, 0x00000007fff00000|100%| O|  |TAMS 0x00000007fff00000, 0x00000007ffe00000| Untracked 
|2047|0x00000007fff00000, 0x0000000800000000, 0x0000000800000000|100%| O|  |TAMS 0x0000000800000000, 0x00000007fff00000| Untracked 

Card table byte_map: [0x0000000109d5f000,0x000000010a15f000] _byte_map_base: 0x000000010615f000

Marking Bits (Prev, Next): (CMBitMap*) 0x00007fa43700d250, (CMBitMap*) 0x00007fa43700d210
 Prev Bits: [0x0000000125d36000, 0x0000000127d36000)
 Next Bits: [0x0000000123d36000, 0x0000000125d36000)

Polling page: 0x0000000100fe8000

Metaspace:

Usage:
  Non-class:     24.47 MB capacity,    24.29 MB (>99%) used,   147.97 KB ( <1%) free+waste,    36.81 KB ( <1%) overhead. 
      Class:      3.45 MB capacity,     3.35 MB ( 97%) used,    86.69 KB (  2%) free+waste,    13.94 KB ( <1%) overhead. 
       Both:     27.92 MB capacity,    27.64 MB (>99%) used,   234.66 KB ( <1%) free+waste,    50.75 KB ( <1%) overhead. 

Virtual space:
  Non-class space:       26.00 MB reserved,      24.75 MB ( 95%) committed 
      Class space:        1.00 GB reserved,       3.50 MB ( <1%) committed 
             Both:        1.03 GB reserved,      28.25 MB (  3%) committed 

Chunk freelists:
   Non-Class:  226.00 KB
       Class:  19.00 KB
        Both:  245.00 KB

MaxMetaspaceSize: 17179869184.00 GB
CompressedClassSpaceSize: 1.00 GB

CodeHeap 'non-profiled nmethods': size=120028Kb used=2466Kb max_used=2466Kb free=117561Kb
 bounds [0x000000011c7ff000, 0x000000011ca6f000, 0x0000000123d36000]
CodeHeap 'profiled nmethods': size=120028Kb used=10370Kb max_used=10370Kb free=109657Kb
 bounds [0x00000001152c8000, 0x0000000115cf8000, 0x000000011c7ff000]
CodeHeap 'non-nmethods': size=5704Kb used=1501Kb max_used=1530Kb free=4202Kb
 bounds [0x0000000114d36000, 0x0000000114fa6000, 0x00000001152c8000]
 total_blobs=6117 nmethods=5273 adapters=756
 compilation: enabled
              stopped_count=0, restarted_count=0
 full_count=0

Compilation events (20 events):
Event: 10.271 Thread 0x00007fa436042400 5259       3       javafx.scene.shape.Shape::<init> (29 bytes)
Event: 10.271 Thread 0x00007fa436042400 nmethod 5259 0x0000000115cd4390 code [0x0000000115cd4560, 0x0000000115cd4a90]
Event: 10.271 Thread 0x00007fa436042400 5260       3       javafx.scene.shape.Shape$3::<init> (10 bytes)
Event: 10.271 Thread 0x00007fa436042400 nmethod 5260 0x0000000115cd4c10 code [0x0000000115cd4e00, 0x0000000115cd53a0]
Event: 10.271 Thread 0x00007fa436042400 5261       3       javafx.scene.paint.Paint$1::isMutable (5 bytes)
Event: 10.271 Thread 0x00007fa436042400 nmethod 5261 0x0000000115cd5590 code [0x0000000115cd5720, 0x0000000115cd58e0]
Event: 10.273 Thread 0x00007fa436042400 5262       3       java.nio.FloatBuffer::rewind (7 bytes)
Event: 10.273 Thread 0x00007fa436042400 nmethod 5262 0x0000000115cd5990 code [0x0000000115cd5b20, 0x0000000115cd5c90]
Event: 10.276 Thread 0x00007fa436042400 5263       3       com.sun.javafx.collections.ObservableListWrapper::contains (11 bytes)
Event: 10.276 Thread 0x00007fa436042400 nmethod 5263 0x0000000115cd5d10 code [0x0000000115cd5ea0, 0x0000000115cd6060]
Event: 10.276 Thread 0x00007fa436042400 5264       2       javafx.beans.property.DoubleProperty::setValue (36 bytes)
Event: 10.276 Thread 0x00007fa436042400 nmethod 5264 0x0000000115cd6110 code [0x0000000115cd62e0, 0x0000000115cd6540]
Event: 10.285 Thread 0x00007fa436042400 5266       3       sun.reflect.annotation.AnnotationSupport::getDirectlyAndIndirectlyPresent (117 bytes)
Event: 10.286 Thread 0x00007fa436042400 nmethod 5266 0x0000000115cd6690 code [0x0000000115cd6980, 0x0000000115cd7c30]
Event: 10.286 Thread 0x00007fa436042400 5267       3       sun.reflect.annotation.AnnotationSupport::getIndirectlyPresent (60 bytes)
Event: 10.286 Thread 0x00007fa436042400 nmethod 5267 0x0000000115cd8210 code [0x0000000115cd8440, 0x0000000115cd8cd0]
Event: 10.286 Thread 0x00007fa436042400 5268       3       java.lang.Class::getDeclaredAnnotation (22 bytes)
Event: 10.286 Thread 0x00007fa436042400 nmethod 5268 0x0000000115cd8f90 code [0x0000000115cd9160, 0x0000000115cd95e0]
Event: 10.286 Thread 0x00007fa436042400 5269   !   3       com.sun.proxy.$Proxy5::value (29 bytes)
Event: 10.286 Thread 0x00007fa436042400 nmethod 5269 0x0000000115cd9790 code [0x0000000115cd9960, 0x0000000115cd9d10]

GC Heap History (20 events):
Event: 4.355 GC heap before
{Heap before GC invocations=8 (full 0):
 garbage-first heap   total 56320K, used 39773K [0x0000000780000000, 0x0000000800000000)
  region size 1024K, 14 young (14336K), 1 survivors (1024K)
 Metaspace       used 27632K, capacity 27977K, committed 28416K, reserved 1075200K
  class space    used 3423K, capacity 3501K, committed 3584K, reserved 1048576K
}
Event: 4.356 GC heap after
{Heap after GC invocations=9 (full 0):
 garbage-first heap   total 56320K, used 26116K [0x0000000780000000, 0x0000000800000000)
  region size 1024K, 1 young (1024K), 1 survivors (1024K)
 Metaspace       used 27632K, capacity 27977K, committed 28416K, reserved 1075200K
  class space    used 3423K, capacity 3501K, committed 3584K, reserved 1048576K
}
Event: 4.817 GC heap before
{Heap before GC invocations=9 (full 0):
 garbage-first heap   total 56320K, used 40452K [0x0000000780000000, 0x0000000800000000)
  region size 1024K, 15 young (15360K), 1 survivors (1024K)
 Metaspace       used 27710K, capacity 28073K, committed 28416K, reserved 1075200K
  class space    used 3426K, capacity 3533K, committed 3584K, reserved 1048576K
}
Event: 4.818 GC heap after
{Heap after GC invocations=10 (full 0):
 garbage-first heap   total 56320K, used 26042K [0x0000000780000000, 0x0000000800000000)
  region size 1024K, 1 young (1024K), 1 survivors (1024K)
 Metaspace       used 27710K, capacity 28073K, committed 28416K, reserved 1075200K
  class space    used 3426K, capacity 3533K, committed 3584K, reserved 1048576K
}
Event: 5.355 GC heap before
{Heap before GC invocations=11 (full 0):
 garbage-first heap   total 56320K, used 41402K [0x0000000780000000, 0x0000000800000000)
  region size 1024K, 16 young (16384K), 1 survivors (1024K)
 Metaspace       used 27824K, capacity 28137K, committed 28416K, reserved 1075200K
  class space    used 3426K, capacity 3533K, committed 3584K, reserved 1048576K
}
Event: 5.357 GC heap after
{Heap after GC invocations=12 (full 0):
 garbage-first heap   total 56320K, used 26048K [0x0000000780000000, 0x0000000800000000)
  region size 1024K, 1 young (1024K), 1 survivors (1024K)
 Metaspace       used 27824K, capacity 28137K, committed 28416K, reserved 1075200K
  class space    used 3426K, capacity 3533K, committed 3584K, reserved 1048576K
}
Event: 5.913 GC heap before
{Heap before GC invocations=12 (full 0):
 garbage-first heap   total 56320K, used 42432K [0x0000000780000000, 0x0000000800000000)
  region size 1024K, 17 young (17408K), 1 survivors (1024K)
 Metaspace       used 27858K, capacity 28201K, committed 28672K, reserved 1075200K
  class space    used 3426K, capacity 3533K, committed 3584K, reserved 1048576K
}
Event: 5.914 GC heap after
{Heap after GC invocations=13 (full 0):
 garbage-first heap   total 56320K, used 26041K [0x0000000780000000, 0x0000000800000000)
  region size 1024K, 1 young (1024K), 1 survivors (1024K)
 Metaspace       used 27858K, capacity 28201K, committed 28672K, reserved 1075200K
  class space    used 3426K, capacity 3533K, committed 3584K, reserved 1048576K
}
Event: 6.521 GC heap before
{Heap before GC invocations=14 (full 0):
 garbage-first heap   total 56320K, used 43449K [0x0000000780000000, 0x0000000800000000)
  region size 1024K, 18 young (18432K), 1 survivors (1024K)
 Metaspace       used 27878K, capacity 28202K, committed 28672K, reserved 1075200K
  class space    used 3426K, capacity 3533K, committed 3584K, reserved 1048576K
}
Event: 6.523 GC heap after
{Heap after GC invocations=15 (full 0):
 garbage-first heap   total 56320K, used 26043K [0x0000000780000000, 0x0000000800000000)
  region size 1024K, 1 young (1024K), 1 survivors (1024K)
 Metaspace       used 27878K, capacity 28202K, committed 28672K, reserved 1075200K
  class space    used 3426K, capacity 3533K, committed 3584K, reserved 1048576K
}
Event: 7.170 GC heap before
{Heap before GC invocations=15 (full 0):
 garbage-first heap   total 56320K, used 44475K [0x0000000780000000, 0x0000000800000000)
  region size 1024K, 19 young (19456K), 1 survivors (1024K)
 Metaspace       used 27956K, capacity 28267K, committed 28672K, reserved 1075200K
  class space    used 3429K, capacity 3533K, committed 3584K, reserved 1048576K
}
Event: 7.171 GC heap after
{Heap after GC invocations=16 (full 0):
 garbage-first heap   total 56320K, used 26065K [0x0000000780000000, 0x0000000800000000)
  region size 1024K, 1 young (1024K), 1 survivors (1024K)
 Metaspace       used 27956K, capacity 28267K, committed 28672K, reserved 1075200K
  class space    used 3429K, capacity 3533K, committed 3584K, reserved 1048576K
}
Event: 7.808 GC heap before
{Heap before GC invocations=17 (full 0):
 garbage-first heap   total 56320K, used 44497K [0x0000000780000000, 0x0000000800000000)
  region size 1024K, 19 young (19456K), 1 survivors (1024K)
 Metaspace       used 28043K, capacity 28331K, committed 28672K, reserved 1075200K
  class space    used 3429K, capacity 3533K, committed 3584K, reserved 1048576K
}
Event: 7.812 GC heap after
{Heap after GC invocations=18 (full 0):
 garbage-first heap   total 56320K, used 26064K [0x0000000780000000, 0x0000000800000000)
  region size 1024K, 1 young (1024K), 1 survivors (1024K)
 Metaspace       used 28043K, capacity 28331K, committed 28672K, reserved 1075200K
  class space    used 3429K, capacity 3533K, committed 3584K, reserved 1048576K
}
Event: 8.471 GC heap before
{Heap before GC invocations=18 (full 0):
 garbage-first heap   total 56320K, used 45520K [0x0000000780000000, 0x0000000800000000)
  region size 1024K, 20 young (20480K), 1 survivors (1024K)
 Metaspace       used 28125K, capacity 28459K, committed 28928K, reserved 1075200K
  class space    used 3432K, capacity 3533K, committed 3584K, reserved 1048576K
}
Event: 8.473 GC heap after
{Heap after GC invocations=19 (full 0):
 garbage-first heap   total 56320K, used 26073K [0x0000000780000000, 0x0000000800000000)
  region size 1024K, 1 young (1024K), 1 survivors (1024K)
 Metaspace       used 28125K, capacity 28459K, committed 28928K, reserved 1075200K
  class space    used 3432K, capacity 3533K, committed 3584K, reserved 1048576K
}
Event: 9.156 GC heap before
{Heap before GC invocations=20 (full 0):
 garbage-first heap   total 56320K, used 45529K [0x0000000780000000, 0x0000000800000000)
  region size 1024K, 20 young (20480K), 1 survivors (1024K)
 Metaspace       used 28126K, capacity 28459K, committed 28928K, reserved 1075200K
  class space    used 3432K, capacity 3533K, committed 3584K, reserved 1048576K
}
Event: 9.160 GC heap after
{Heap after GC invocations=21 (full 0):
 garbage-first heap   total 56320K, used 26071K [0x0000000780000000, 0x0000000800000000)
  region size 1024K, 1 young (1024K), 1 survivors (1024K)
 Metaspace       used 28126K, capacity 28459K, committed 28928K, reserved 1075200K
  class space    used 3432K, capacity 3533K, committed 3584K, reserved 1048576K
}
Event: 9.838 GC heap before
{Heap before GC invocations=21 (full 0):
 garbage-first heap   total 56320K, used 45527K [0x0000000780000000, 0x0000000800000000)
  region size 1024K, 20 young (20480K), 1 survivors (1024K)
 Metaspace       used 28203K, capacity 28523K, committed 28928K, reserved 1075200K
  class space    used 3432K, capacity 3533K, committed 3584K, reserved 1048576K
}
Event: 9.841 GC heap after
{Heap after GC invocations=22 (full 0):
 garbage-first heap   total 56320K, used 26076K [0x0000000780000000, 0x0000000800000000)
  region size 1024K, 1 young (1024K), 1 survivors (1024K)
 Metaspace       used 28203K, capacity 28523K, committed 28928K, reserved 1075200K
  class space    used 3432K, capacity 3533K, committed 3584K, reserved 1048576K
}

Deoptimization events (20 events):
Event: 10.264 Thread 0x00007fa43614ac00 DEOPT UNPACKING pc=0x0000000114d83e1f sp=0x00000003076b07e8 mode 2
Event: 10.270 Thread 0x00007fa43614ac00 Uncommon trap: trap_request=0xffffff45 fr.pc=0x000000011ca0ffac relative=0x0000000000000cac
Event: 10.270 Thread 0x00007fa43614ac00 Uncommon trap: reason=unstable_if action=reinterpret pc=0x000000011ca0ffac method=com.sun.prism.impl.ps.BaseShaderContext.getStockShaderIndex(Lcom/sun/prism/impl/ps/BaseShaderContext$MaskType;Lcom/sun/prism/paint/Paint;)I @ 26 c2
Event: 10.270 Thread 0x00007fa43614ac00 DEOPT PACKING pc=0x000000011ca0ffac sp=0x00000003076b0700
Event: 10.270 Thread 0x00007fa43614ac00 DEOPT UNPACKING pc=0x0000000114d83e1f sp=0x00000003076b0610 mode 2
Event: 10.287 Thread 0x00007fa437a6ca00 Uncommon trap: trap_request=0xffffffc6 fr.pc=0x000000011ca50674 relative=0x0000000000002c34
Event: 10.287 Thread 0x00007fa437a6ca00 Uncommon trap: reason=bimorphic_or_optimized_type_check action=maybe_recompile pc=0x000000011ca50674 method=com.sun.javafx.sg.prism.NGNode.setTransformMatrix(Lcom/sun/javafx/geom/transform/BaseTransform;)V @ 254 c2
Event: 10.287 Thread 0x00007fa437a6ca00 DEOPT PACKING pc=0x000000011ca50674 sp=0x000000030615dcd0
Event: 10.287 Thread 0x00007fa437a6ca00 DEOPT UNPACKING pc=0x0000000114d83e1f sp=0x000000030615dc30 mode 2
Event: 10.288 Thread 0x00007fa437a6ca00 Uncommon trap: trap_request=0xffffff45 fr.pc=0x000000011ca545f0 relative=0x0000000000000c50
Event: 10.288 Thread 0x00007fa437a6ca00 Uncommon trap: reason=unstable_if action=reinterpret pc=0x000000011ca545f0 method=com.sun.javafx.sg.prism.NGNode.setTransformedBounds(Lcom/sun/javafx/geom/BaseBounds;Z)V @ 87 c2
Event: 10.288 Thread 0x00007fa437a6ca00 DEOPT PACKING pc=0x000000011ca545f0 sp=0x000000030615dc30
Event: 10.288 Thread 0x00007fa437a6ca00 DEOPT UNPACKING pc=0x0000000114d83e1f sp=0x000000030615dc30 mode 2
Event: 10.288 Thread 0x00007fa437a6ca00 Uncommon trap: trap_request=0xffffff45 fr.pc=0x000000011ca50470 relative=0x0000000000002a30
Event: 10.288 Thread 0x00007fa437a6ca00 Uncommon trap: reason=unstable_if action=reinterpret pc=0x000000011ca50470 method=com.sun.javafx.sg.prism.NGNode.invalidateOpaqueRegion()V @ 9 c2
Event: 10.288 Thread 0x00007fa437a6ca00 DEOPT PACKING pc=0x000000011ca50470 sp=0x000000030615dcd0
Event: 10.288 Thread 0x00007fa437a6ca00 DEOPT UNPACKING pc=0x0000000114d83e1f sp=0x000000030615dbe0 mode 2
Event: 10.289 Thread 0x00007fa43614ac00 Uncommon trap: trap_request=0xffffff45 fr.pc=0x000000011c9b0d90 relative=0x0000000000000b10
Event: 10.289 Thread 0x00007fa43614ac00 Uncommon trap: reason=unstable_if action=reinterpret pc=0x000000011c9b0d90 method=com.sun.javafx.sg.prism.NGGroup.computeRenderRoot(Lcom/sun/javafx/sg/prism/NodePath;Lcom/sun/javafx/geom/RectBounds;ILcom/sun/javafx/geom/transform/BaseTransform;Lcom/sun/ja
Event: 10.289 Thread 0x00007fa43614ac00 DEOPT PACKING pc=0x000000011c9b0d90 sp=0x00000003076b0e20

Classes unloaded (0 events):
No events

Classes redefined (0 events):
No events

Internal exceptions (20 events):
Event: 1.868 Thread 0x00007fa437a76400 Exception <a 'java/lang/NoSuchMethodError'{0x00000007875ebb20}: 'int java.lang.invoke.DirectMethodHandle$Holder.invokeStaticInit(java.lang.Object, java.lang.Object, java.lang.Object, java.lang.Object)'> (0x00000007875ebb20) 
thrown [./open/src/hotspot/share/interpreter/linkResolver.cpp, line 782]
Event: 1.870 Thread 0x00007fa437a76400 Exception <a 'java/lang/NoSuchMethodError'{0x00000007875f59a8}: 'java.lang.Object java.lang.invoke.DirectMethodHandle$Holder.invokeInterface(java.lang.Object, java.lang.Object)'> (0x00000007875f59a8) 
thrown [./open/src/hotspot/share/interpreter/linkResolver.cpp, line 782]
Event: 1.870 Thread 0x00007fa437a76400 Exception <a 'java/lang/IncompatibleClassChangeError'{0x00000007875f93a0}: Found class java.lang.Object, but interface was expected> (0x00000007875f93a0) 
thrown [./open/src/hotspot/share/interpreter/linkResolver.cpp, line 848]
Event: 1.886 Thread 0x00007fa437a6ca00 Exception <a 'sun/nio/fs/UnixException'{0x0000000787303af8}> (0x0000000787303af8) 
thrown [./open/src/hotspot/share/prims/jni.cpp, line 578]
Event: 2.068 Thread 0x00007fa437a6ca00 Exception <a 'sun/nio/fs/UnixException'{0x00000007870eeec8}> (0x00000007870eeec8) 
thrown [./open/src/hotspot/share/prims/jni.cpp, line 578]
Event: 2.071 Thread 0x00007fa437a6ca00 Exception <a 'java/lang/NoSuchMethodError'{0x0000000786ee89c0}: 'long java.lang.invoke.DirectMethodHandle$Holder.invokeStatic(java.lang.Object, java.lang.Object, java.lang.Object)'> (0x0000000786ee89c0) 
thrown [./open/src/hotspot/share/interpreter/linkResolver.cpp, line 782]
Event: 2.072 Thread 0x00007fa437a6ca00 Exception <a 'java/lang/NoSuchMethodError'{0x0000000786eec370}: 'long java.lang.invoke.DirectMethodHandle$Holder.invokeStaticInit(java.lang.Object, java.lang.Object, java.lang.Object)'> (0x0000000786eec370) 
thrown [./open/src/hotspot/share/interpreter/linkResolver.cpp, line 782]
Event: 2.074 Thread 0x00007fa437a6ca00 Exception <a 'java/lang/NoSuchMethodError'{0x0000000786d04f10}: 'java.lang.Object java.lang.invoke.DirectMethodHandle$Holder.newInvokeSpecial(java.lang.Object, java.lang.Object, long)'> (0x0000000786d04f10) 
thrown [./open/src/hotspot/share/interpreter/linkResolver.cpp, line 782]
Event: 2.075 Thread 0x00007fa437a6ca00 Exception <a 'java/lang/NoSuchMethodError'{0x0000000786d089d8}: 'java.lang.Object java.lang.invoke.Invokers$Holder.linkToTargetMethod(java.lang.Object, long, java.lang.Object)'> (0x0000000786d089d8) 
thrown [./open/src/hotspot/share/interpreter/linkResolver.cpp, line 782]
Event: 2.092 Thread 0x00007fa437a6ca00 Exception <a 'java/lang/ClassNotFoundException'{0x0000000786d79940}: com/sun/javafx/scene/control/skin/resources/controls> (0x0000000786d79940) 
thrown [./open/src/hotspot/share/prims/jni.cpp, line 599]
Event: 2.095 Thread 0x00007fa437a6ca00 Exception <a 'java/lang/ClassNotFoundException'{0x0000000786c98d40}: com/sun/javafx/scene/control/skin/resources/controls_en> (0x0000000786c98d40) 
thrown [./open/src/hotspot/share/prims/jni.cpp, line 599]
Event: 2.095 Thread 0x00007fa437a6ca00 Exception <a 'java/lang/ClassNotFoundException'{0x0000000786c99cd0}: com/sun/javafx/scene/control/skin/resources/controls_en_IL> (0x0000000786c99cd0) 
thrown [./open/src/hotspot/share/prims/jni.cpp, line 599]
Event: 2.105 Thread 0x00007fa437a6ca00 Exception <a 'java/lang/NoSuchMethodError'{0x0000000786cacca0}: 'java.lang.Object java.lang.invoke.DirectMethodHandle$Holder.invokeInterface(java.lang.Object, java.lang.Object, java.lang.Object)'> (0x0000000786cacca0) 
thrown [./open/src/hotspot/share/interpreter/linkResolver.cpp, line 782]
Event: 2.107 Thread 0x00007fa437a6ca00 Exception <a 'java/lang/IncompatibleClassChangeError'{0x0000000786cb0538}: Found class java.lang.Object, but interface was expected> (0x0000000786cb0538) 
thrown [./open/src/hotspot/share/interpreter/linkResolver.cpp, line 848]
Event: 2.284 Thread 0x00007fa437a76400 Exception <a 'java/lang/ClassNotFoundException'{0x0000000787f2ca28}: jdk/net/ExtendedSocketOptions> (0x0000000787f2ca28) 
thrown [./open/src/hotspot/share/classfile/systemDictionary.cpp, line 295]
Event: 3.001 Thread 0x00007fa4370a7a00 Exception <a 'sun/nio/fs/UnixException'{0x000000078625d290}> (0x000000078625d290) 
thrown [./open/src/hotspot/share/prims/jni.cpp, line 578]
Event: 3.043 Thread 0x00007fa4370a7a00 Exception <a 'java/lang/NoSuchMethodError'{0x000000078618af48}: 'java.lang.Object java.lang.invoke.DirectMethodHandle$Holder.invokeSpecial(java.lang.Object, java.lang.Object, java.lang.Object, int, java.lang.Object)'> (0x000000078618af48) 
thrown [./open/src/hotspot/share/interpreter/linkResolver.cpp, line 782]
Event: 3.373 Thread 0x00007fa437a6ca00 Exception <a 'java/lang/NoSuchMethodError'{0x0000000781fd6ff0}: 'int java.lang.invoke.DirectMethodHandle$Holder.invokeVirtual(java.lang.Object, java.lang.Object, java.lang.Object)'> (0x0000000781fd6ff0) 
thrown [./open/src/hotspot/share/interpreter/linkResolver.cpp, line 782]
Event: 3.406 Thread 0x00007fa437a6ca00 Exception <a 'java/lang/NoSuchMethodError'{0x0000000787f0c138}: 'java.lang.Object java.lang.invoke.DirectMethodHandle$Holder.newInvokeSpecial(java.lang.Object, java.lang.Object, int, int)'> (0x0000000787f0c138) 
thrown [./open/src/hotspot/share/interpreter/linkResolver.cpp, line 782]
Event: 3.450 Thread 0x00007fa43614ac00 Exception <a 'java/lang/NoSuchMethodError'{0x0000000786709a20}: 'java.lang.Object java.lang.invoke.DirectMethodHandle$Holder.invokeStaticInit(java.lang.Object, int)'> (0x0000000786709a20) 
thrown [./open/src/hotspot/share/interpreter/linkResolver.cpp, line 782]

Events (20 events):
Event: 8.473 Executing VM operation: HandshakeAllThreads done
Event: 8.486 Executing VM operation: G1Concurrent
Event: 8.493 Executing VM operation: G1Concurrent done
Event: 8.493 Executing VM operation: HandshakeAllThreads
Event: 8.494 Executing VM operation: HandshakeAllThreads done
Event: 8.500 Executing VM operation: G1Concurrent
Event: 8.501 Executing VM operation: G1Concurrent done
Event: 9.155 Executing VM operation: G1CollectForAllocation
Event: 9.160 Executing VM operation: G1CollectForAllocation done
Event: 9.299 Loaded shared library /Users/rima/.openjfx/cache/16/libprism_es2.dylib
Event: 9.836 Executing VM operation: G1CollectForAllocation
Event: 9.841 Executing VM operation: G1CollectForAllocation done
Event: 9.867 Executing VM operation: G1Concurrent
Event: 9.877 Executing VM operation: G1Concurrent done
Event: 9.877 Executing VM operation: HandshakeAllThreads
Event: 9.878 Executing VM operation: HandshakeAllThreads done
Event: 9.888 Executing VM operation: G1Concurrent
Event: 9.888 Executing VM operation: G1Concurrent done
Event: 10.228 Executing VM operation: ICBufferFull
Event: 10.229 Executing VM operation: ICBufferFull done


Dynamic libraries:
0x0000000109617000 	/Library/Java/JavaVirtualMachines/jdk-15.0.2.jdk/Contents/Home/lib/libjli.dylib
0x00007ff80c4f2000 	/usr/lib/libz.1.dylib
0x00007ff80c5d8000 	/usr/lib/libSystem.B.dylib
0x00007ff80c5d3000 	/usr/lib/system/libcache.dylib
0x00007ff80c58f000 	/usr/lib/system/libcommonCrypto.dylib
0x00007ff80c5b8000 	/usr/lib/system/libcompiler_rt.dylib
0x00007ff80c5ae000 	/usr/lib/system/libcopyfile.dylib
0x00007ff801142000 	/usr/lib/system/libcorecrypto.dylib
0x00007ff801201000 	/usr/lib/system/libdispatch.dylib
0x00007ff8013c3000 	/usr/lib/system/libdyld.dylib
0x00007ff80c5ca000 	/usr/lib/system/libkeymgr.dylib
0x00007ff80c56d000 	/usr/lib/system/libmacho.dylib
0x00007ff80bbfe000 	/usr/lib/system/libquarantine.dylib
0x00007ff80c5c8000 	/usr/lib/system/libremovefile.dylib
0x00007ff806241000 	/usr/lib/system/libsystem_asl.dylib
0x00007ff8010f0000 	/usr/lib/system/libsystem_blocks.dylib
0x00007ff801288000 	/usr/lib/system/libsystem_c.dylib
0x00007ff80c5c0000 	/usr/lib/system/libsystem_collections.dylib
0x00007ff80ae34000 	/usr/lib/system/libsystem_configuration.dylib
0x00007ff80a0f4000 	/usr/lib/system/libsystem_containermanager.dylib
0x00007ff80c2a6000 	/usr/lib/system/libsystem_coreservices.dylib
0x00007ff80390f000 	/usr/lib/system/libsystem_darwin.dylib
0x00007ff80c5cb000 	/usr/lib/system/libsystem_dnssd.dylib
0x00007ff801285000 	/usr/lib/system/libsystem_featureflags.dylib
0x00007ff8013d9000 	/usr/lib/system/libsystem_info.dylib
0x00007ff80c505000 	/usr/lib/system/libsystem_m.dylib
0x00007ff8011d5000 	/usr/lib/system/libsystem_malloc.dylib
0x00007ff8061de000 	/usr/lib/system/libsystem_networkextension.dylib
0x00007ff803d37000 	/usr/lib/system/libsystem_notify.dylib
0x00007ff8127c5000 	/usr/lib/system/libsystem_product_info_filter.dylib
0x00007ff80ae38000 	/usr/lib/system/libsystem_sandbox.dylib
0x00007ff80c5c5000 	/usr/lib/system/libsystem_secinit.dylib
0x00007ff801380000 	/usr/lib/system/libsystem_kernel.dylib
0x00007ff8013cf000 	/usr/lib/system/libsystem_platform.dylib
0x00007ff8013b7000 	/usr/lib/system/libsystem_pthread.dylib
0x00007ff807b05000 	/usr/lib/system/libsystem_symptoms.dylib
0x00007ff801129000 	/usr/lib/system/libsystem_trace.dylib
0x00007ff80c59b000 	/usr/lib/system/libunwind.dylib
0x00007ff8010f2000 	/usr/lib/system/libxpc.dylib
0x00007ff80136a000 	/usr/lib/libc++abi.dylib
0x00007ff801248000 	/usr/lib/libobjc.A.dylib
0x00007ff80c5a6000 	/usr/lib/liboah.dylib
0x00007ff801311000 	/usr/lib/libc++.1.dylib
0x00007ff8184f4000 	/System/Library/Frameworks/Cocoa.framework/Versions/A/Cocoa
0x00007ff803d95000 	/System/Library/Frameworks/AppKit.framework/Versions/C/AppKit
0x00007ff8072e5000 	/System/Library/Frameworks/CoreData.framework/Versions/A/CoreData
0x00007ff8021b0000 	/System/Library/Frameworks/Foundation.framework/Versions/C/Foundation
0x00007ff804c22000 	/System/Library/PrivateFrameworks/UIFoundation.framework/Versions/A/UIFoundation
0x00007ff8124cc000 	/System/Library/PrivateFrameworks/RemoteViewServices.framework/Versions/A/RemoteViewServices
0x00007ff80a7cb000 	/System/Library/PrivateFrameworks/XCTTargetBootstrap.framework/Versions/A/XCTTargetBootstrap
0x00007ff80e4a3000 	/System/Library/PrivateFrameworks/InternationalSupport.framework/Versions/A/InternationalSupport
0x00007ff80e52d000 	/System/Library/PrivateFrameworks/UserActivity.framework/Versions/A/UserActivity
0x00007ff80d88a000 	/usr/lib/libspindump.dylib
0x00007ff804eb0000 	/System/Library/Frameworks/UniformTypeIdentifiers.framework/Versions/A/UniformTypeIdentifiers
0x00007ff808f0a000 	/usr/lib/libapp_launch_measurement.dylib
0x00007ff807cbf000 	/System/Library/PrivateFrameworks/CoreAnalytics.framework/Versions/A/CoreAnalytics
0x00007ff808f0d000 	/System/Library/PrivateFrameworks/CoreAutoLayout.framework/Versions/A/CoreAutoLayout
0x00007ff80a12c000 	/System/Library/Frameworks/Metal.framework/Versions/A/Metal
0x00007ff80ae43000 	/usr/lib/liblangid.dylib
0x00007ff80a7cf000 	/System/Library/PrivateFrameworks/CoreSVG.framework/Versions/A/CoreSVG
0x00007ff806272000 	/System/Library/PrivateFrameworks/SkyLight.framework/Versions/A/SkyLight
0x00007ff806603000 	/System/Library/Frameworks/CoreGraphics.framework/Versions/A/CoreGraphics
0x00007ff812b37000 	/System/Library/Frameworks/Accelerate.framework/Versions/A/Accelerate
0x00007ff80d305000 	/System/Library/PrivateFrameworks/IconServices.framework/Versions/A/IconServices
0x00007ff80a111000 	/System/Library/Frameworks/IOSurface.framework/Versions/A/IOSurface
0x00007ff807ced000 	/usr/lib/libDiagnosticMessagesClient.dylib
0x00007ff816196000 	/System/Library/Frameworks/ApplicationServices.framework/Versions/A/ApplicationServices
0x00007ff80a7b7000 	/System/Library/PrivateFrameworks/DFRFoundation.framework/Versions/A/DFRFoundation
0x00007ff803686000 	/usr/lib/libicucore.A.dylib
0x00007ff80f1c5000 	/System/Library/Frameworks/AudioToolbox.framework/Versions/A/AudioToolbox
0x00007ff80e4af000 	/System/Library/PrivateFrameworks/DataDetectorsCore.framework/Versions/A/DataDetectorsCore
0x00007ff909c44000 	/System/Library/PrivateFrameworks/TextInput.framework/Versions/A/TextInput
0x00007ff8061f5000 	/usr/lib/libMobileGestalt.dylib
0x00007ff80a4bf000 	/System/Library/Frameworks/Carbon.framework/Versions/A/Frameworks/HIToolbox.framework/Versions/A/HIToolbox
0x00007ff808938000 	/System/Library/Frameworks/QuartzCore.framework/Versions/A/QuartzCore
0x00007ff803327000 	/System/Library/Frameworks/Security.framework/Versions/A/Security
0x00007ff812504000 	/System/Library/Frameworks/Carbon.framework/Versions/A/Frameworks/SpeechRecognition.framework/Versions/A/SpeechRecognition
0x00007ff808c6a000 	/System/Library/PrivateFrameworks/CoreUI.framework/Versions/A/CoreUI
0x00007ff802c01000 	/System/Library/Frameworks/CoreAudio.framework/Versions/A/CoreAudio
0x00007ff807ddb000 	/System/Library/Frameworks/DiskArbitration.framework/Versions/A/DiskArbitration
0x00007ff80dc6d000 	/System/Library/PrivateFrameworks/MultitouchSupport.framework/Versions/A/MultitouchSupport
0x00007ff8061f4000 	/usr/lib/libenergytrace.dylib
0x00007ff803c81000 	/System/Library/Frameworks/IOKit.framework/Versions/A/IOKit
0x00007ff8128ee000 	/System/Library/Frameworks/CoreServices.framework/Versions/A/CoreServices
0x00007ff808ea4000 	/System/Library/PrivateFrameworks/PerformanceAnalysis.framework/Versions/A/PerformanceAnalysis
0x00007ffa196b3000 	/System/Library/Frameworks/OpenGL.framework/Versions/A/OpenGL
0x00007ff80bb2a000 	/System/Library/PrivateFrameworks/MobileKeyBag.framework/Versions/A/MobileKeyBag
0x00007ff806d32000 	/System/Library/Frameworks/ColorSync.framework/Versions/A/ColorSync
0x00007ff801404000 	/System/Library/Frameworks/CoreFoundation.framework/Versions/A/CoreFoundation
0x00007ff80aa4a000 	/System/Library/Frameworks/CoreImage.framework/Versions/A/CoreImage
0x00007ff802a17000 	/System/Library/Frameworks/CoreText.framework/Versions/A/CoreText
0x00007ff80a7fe000 	/System/Library/Frameworks/ImageIO.framework/Versions/A/ImageIO
0x00007ff80c5de000 	/System/Library/PrivateFrameworks/SoftLinking.framework/Versions/A/SoftLinking
0x00007ff808f55000 	/usr/lib/libxml2.2.dylib
0x00007ff80c85e000 	/usr/lib/libcompression.dylib
0x00007ff80e3d9000 	/System/Library/PrivateFrameworks/TextureIO.framework/Versions/A/TextureIO
0x00007ff80cf7e000 	/usr/lib/libate.dylib
0x00007ff80cd37000 	/usr/lib/liblzma.5.dylib
0x00007ff801ec1000 	/System/Library/Frameworks/SystemConfiguration.framework/Versions/A/SystemConfiguration
0x00007ff80c5da000 	/usr/lib/libfakelink.dylib
0x00007ff805d48000 	/System/Library/Frameworks/CFNetwork.framework/Versions/A/CFNetwork
0x00007ff80c719000 	/usr/lib/libarchive.2.dylib
0x00007ff80ae3f000 	/System/Library/PrivateFrameworks/AppleSystemInfo.framework/Versions/A/AppleSystemInfo
0x00007ff80bc24000 	/usr/lib/libbsm.0.dylib
0x00007ff80537f000 	/usr/lib/libnetwork.dylib
0x00007ff80c573000 	/usr/lib/system/libkxld.dylib
0x00007ff80b853000 	/System/Library/PrivateFrameworks/IOMobileFramebuffer.framework/Versions/A/IOMobileFramebuffer
0x00007ffb17055000 	/usr/lib/libCoreEntitlements.dylib
0x00007ff80c288000 	/System/Library/PrivateFrameworks/AppleFSCompression.framework/Versions/A/AppleFSCompression
0x00007ff80bc0d000 	/usr/lib/libcoretls.dylib
0x00007ff80cd51000 	/usr/lib/libcoretls_cfhelpers.dylib
0x00007ff80c859000 	/usr/lib/libpam.2.dylib
0x00007ff80772b000 	/usr/lib/libsqlite3.dylib
0x00007ff80cdc0000 	/usr/lib/libxar.1.dylib
0x00007ff80c298000 	/usr/lib/libbz2.1.0.dylib
0x00007ff80c5df000 	/usr/lib/libpcap.A.dylib
0x00007ff807afc000 	/usr/lib/libdns_services.dylib
0x00007ff80c82b000 	/usr/lib/libapple_nghttp2.dylib
0x00007ff80c616000 	/usr/lib/libiconv.2.dylib
0x00007ff80c56c000 	/usr/lib/libcharset.1.dylib
0x00007ff808ed8000 	/System/Library/Frameworks/CoreServices.framework/Versions/A/Frameworks/FSEvents.framework/Versions/A/FSEvents
0x00007ff803919000 	/System/Library/Frameworks/CoreServices.framework/Versions/A/Frameworks/CarbonCore.framework/Versions/A/CarbonCore
0x00007ff807d40000 	/System/Library/Frameworks/CoreServices.framework/Versions/A/Frameworks/Metadata.framework/Versions/A/Metadata
0x00007ff80c2ab000 	/System/Library/Frameworks/CoreServices.framework/Versions/A/Frameworks/OSServices.framework/Versions/A/OSServices
0x00007ff80c79f000 	/System/Library/Frameworks/CoreServices.framework/Versions/A/Frameworks/SearchKit.framework/Versions/A/SearchKit
0x00007ff807a8e000 	/System/Library/Frameworks/CoreServices.framework/Versions/A/Frameworks/AE.framework/Versions/A/AE
0x00007ff801905000 	/System/Library/Frameworks/CoreServices.framework/Versions/A/Frameworks/LaunchServices.framework/Versions/A/LaunchServices
0x00007ff80cce8000 	/System/Library/Frameworks/CoreServices.framework/Versions/A/Frameworks/DictionaryServices.framework/Versions/A/DictionaryServices
0x00007ff808ee5000 	/System/Library/Frameworks/CoreServices.framework/Versions/A/Frameworks/SharedFileList.framework/Versions/A/SharedFileList
0x00007ff80bc01000 	/usr/lib/libCheckFix.dylib
0x00007ff806258000 	/System/Library/PrivateFrameworks/TCC.framework/Versions/A/TCC
0x00007ff80ae45000 	/System/Library/PrivateFrameworks/CoreNLP.framework/Versions/A/CoreNLP
0x00007ff807cf0000 	/System/Library/PrivateFrameworks/MetadataUtilities.framework/Versions/A/MetadataUtilities
0x00007ff801f71000 	/usr/lib/libmecabra.dylib
0x00007ff80bc34000 	/usr/lib/libmecab.dylib
0x00007ff801f3c000 	/usr/lib/libCRFSuite.dylib
0x00007ff80bc91000 	/usr/lib/libgermantok.dylib
0x00007ff80c806000 	/usr/lib/libThaiTokenizer.dylib
0x00007ff807de2000 	/System/Library/Frameworks/Accelerate.framework/Versions/A/Frameworks/vImage.framework/Versions/A/vImage
0x00007ff8128c5000 	/System/Library/Frameworks/Accelerate.framework/Versions/A/Frameworks/vecLib.framework/Versions/A/vecLib
0x00007ff80ce01000 	/System/Library/Frameworks/Accelerate.framework/Versions/A/Frameworks/vecLib.framework/Versions/A/libvMisc.dylib
0x00007ff80b647000 	/System/Library/Frameworks/Accelerate.framework/Versions/A/Frameworks/vecLib.framework/Versions/A/libvDSP.dylib
0x00007ff801c7d000 	/System/Library/Frameworks/Accelerate.framework/Versions/A/Frameworks/vecLib.framework/Versions/A/libBLAS.dylib
0x00007ff80c93b000 	/System/Library/Frameworks/Accelerate.framework/Versions/A/Frameworks/vecLib.framework/Versions/A/libLAPACK.dylib
0x00007ff80bc94000 	/System/Library/Frameworks/Accelerate.framework/Versions/A/Frameworks/vecLib.framework/Versions/A/libLinearAlgebra.dylib
0x00007ff80c844000 	/System/Library/Frameworks/Accelerate.framework/Versions/A/Frameworks/vecLib.framework/Versions/A/libSparseBLAS.dylib
0x00007ff80c935000 	/System/Library/Frameworks/Accelerate.framework/Versions/A/Frameworks/vecLib.framework/Versions/A/libQuadrature.dylib
0x00007ff80af2f000 	/System/Library/Frameworks/Accelerate.framework/Versions/A/Frameworks/vecLib.framework/Versions/A/libBNNS.dylib
0x00007ff801e52000 	/System/Library/Frameworks/Accelerate.framework/Versions/A/Frameworks/vecLib.framework/Versions/A/libSparse.dylib
0x00007ff80af28000 	/System/Library/PrivateFrameworks/LinguisticData.framework/Versions/A/LinguisticData
0x00007ff801e07000 	/System/Library/PrivateFrameworks/Lexicon.framework/Versions/A/Lexicon
0x00007ff80cdfa000 	/usr/lib/libChineseTokenizer.dylib
0x00007ff80256b000 	/System/Library/PrivateFrameworks/LanguageModeling.framework/Versions/A/LanguageModeling
0x00007ff80c808000 	/System/Library/PrivateFrameworks/AppleSauce.framework/Versions/A/AppleSauce
0x00007ff80b841000 	/System/Library/PrivateFrameworks/CoreEmoji.framework/Versions/A/CoreEmoji
0x00007ff80c708000 	/usr/lib/libcmph.dylib
0x00007ff808ebc000 	/System/Library/Frameworks/OpenDirectory.framework/Versions/A/Frameworks/CFOpenDirectory.framework/Versions/A/CFOpenDirectory
0x00007ff808eb0000 	/System/Library/Frameworks/OpenDirectory.framework/Versions/A/OpenDirectory
0x00007ff80cd53000 	/System/Library/PrivateFrameworks/APFS.framework/Versions/A/APFS
0x00007ff80bb62000 	/System/Library/Frameworks/SecurityFoundation.framework/Versions/A/SecurityFoundation
0x00007ff80cdce000 	/usr/lib/libutil.dylib
0x00007ff803c44000 	/System/Library/PrivateFrameworks/CoreServicesStore.framework/Versions/A/CoreServicesStore
0x00007ff80cdd2000 	/usr/lib/libxslt.1.dylib
0x00007ff80bbef000 	/System/Library/PrivateFrameworks/BackgroundTaskManagement.framework/Versions/A/BackgroundTaskManagement
0x00007ff80e2fb000 	/System/Library/Frameworks/ImageIO.framework/Versions/A/Resources/libRadiance.dylib
0x00007ff80e304000 	/System/Library/Frameworks/ImageIO.framework/Versions/A/Resources/libJPEG.dylib
0x00007ff80e255000 	/System/Library/Frameworks/ImageIO.framework/Versions/A/Resources/libPng.dylib
0x00007ff80e276000 	/System/Library/Frameworks/ImageIO.framework/Versions/A/Resources/libTIFF.dylib
0x00007ff80e362000 	/System/Library/Frameworks/ImageIO.framework/Versions/A/Resources/libGIF.dylib
0x00007ff80db8a000 	/System/Library/Frameworks/ImageIO.framework/Versions/A/Resources/libJP2.dylib
0x00007ff80d2cc000 	/usr/lib/libexpat.1.dylib
0x00007ff80db3f000 	/System/Library/PrivateFrameworks/AppleJPEG.framework/Versions/A/AppleJPEG
0x00007ff80a386000 	/System/Library/PrivateFrameworks/FontServices.framework/libFontParser.dylib
0x00007ff807a38000 	/System/Library/PrivateFrameworks/RunningBoardServices.framework/Versions/A/RunningBoardServices
0x00007ff818a65000 	/System/Library/PrivateFrameworks/IOSurfaceAccelerator.framework/Versions/A/IOSurfaceAccelerator
0x00007ff80dc69000 	/System/Library/PrivateFrameworks/WatchdogClient.framework/Versions/A/WatchdogClient
0x00007ff80265a000 	/System/Library/Frameworks/CoreDisplay.framework/Versions/A/CoreDisplay
0x00007ff80a286000 	/System/Library/Frameworks/CoreMedia.framework/Versions/A/CoreMedia
0x00007ff80a123000 	/System/Library/PrivateFrameworks/IOAccelerator.framework/Versions/A/IOAccelerator
0x00007ff809038000 	/System/Library/Frameworks/CoreVideo.framework/Versions/A/CoreVideo
0x00007ff80c857000 	/System/Library/Frameworks/MetalPerformanceShaders.framework/Versions/A/MetalPerformanceShaders
0x00007ff80dca4000 	/System/Library/Frameworks/VideoToolbox.framework/Versions/A/VideoToolbox
0x00007ff807980000 	/System/Library/PrivateFrameworks/BaseBoard.framework/Versions/A/BaseBoard
0x00007ff807711000 	/System/Library/PrivateFrameworks/ProtocolBuffer.framework/Versions/A/ProtocolBuffer
0x00007ff80e2f4000 	/System/Library/PrivateFrameworks/GPUWrangler.framework/Versions/A/GPUWrangler
0x00007ff80e2d7000 	/System/Library/PrivateFrameworks/IOPresentment.framework/Versions/A/IOPresentment
0x00007ff80e2fe000 	/System/Library/PrivateFrameworks/DSExternalDisplay.framework/Versions/A/DSExternalDisplay
0x00007ffa196a7000 	/System/Library/Frameworks/OpenGL.framework/Versions/A/Libraries/libCoreFSCache.dylib
0x00007ffb05654000 	/System/Library/PrivateFrameworks/GPUCompiler.framework/Versions/31001/Libraries/libGPUCompilerUtils.dylib
0x00007ff80e367000 	/System/Library/PrivateFrameworks/CMCaptureCore.framework/Versions/A/CMCaptureCore
0x00007ff80d878000 	/System/Library/PrivateFrameworks/AppServerSupport.framework/Versions/A/AppServerSupport
0x00007ff80fa42000 	/System/Library/PrivateFrameworks/perfdata.framework/Versions/A/perfdata
0x00007ff802786000 	/System/Library/PrivateFrameworks/AudioToolboxCore.framework/Versions/A/AudioToolboxCore
0x00007ff80a263000 	/System/Library/PrivateFrameworks/caulk.framework/Versions/A/caulk
0x00007ff80f36f000 	/usr/lib/libAudioStatistics.dylib
0x00007ff906503000 	/System/Library/PrivateFrameworks/SystemPolicy.framework/Versions/A/SystemPolicy
0x00007ff80f5bb000 	/usr/lib/libSMC.dylib
0x00007ff8183a7000 	/System/Library/Frameworks/CoreMIDI.framework/Versions/A/CoreMIDI
0x00007ff80e225000 	/usr/lib/libAudioToolboxUtility.dylib
0x00007ff90298b000 	/System/Library/PrivateFrameworks/OSAServicesClient.framework/Versions/A/OSAServicesClient
0x00007ff80fa4f000 	/usr/lib/libperfcheck.dylib
0x00007ff906f8f000 	/usr/lib/libmis.dylib
0x00007ffa19703000 	/System/Library/Frameworks/OpenGL.framework/Versions/A/Libraries/libGLU.dylib
0x00007ffa196c6000 	/System/Library/Frameworks/OpenGL.framework/Versions/A/Libraries/libGFXShared.dylib
0x00007ffa198d4000 	/System/Library/Frameworks/OpenGL.framework/Versions/A/Libraries/libGL.dylib
0x00007ffa196cf000 	/System/Library/Frameworks/OpenGL.framework/Versions/A/Libraries/libGLImage.dylib
0x00007ffa196c3000 	/System/Library/Frameworks/OpenGL.framework/Versions/A/Libraries/libCVMSPluginSupport.dylib
0x00007ffa196ae000 	/System/Library/Frameworks/OpenGL.framework/Versions/A/Libraries/libCoreVMClient.dylib
0x00007ff80adc3000 	/System/Library/Frameworks/MetalPerformanceShaders.framework/Versions/A/Frameworks/MPSCore.framework/Versions/A/MPSCore
0x00007ff80c1f3000 	/System/Library/Frameworks/MetalPerformanceShaders.framework/Versions/A/Frameworks/MPSImage.framework/Versions/A/MPSImage
0x00007ff80bcaa000 	/System/Library/Frameworks/MetalPerformanceShaders.framework/Versions/A/Frameworks/MPSNeuralNetwork.framework/Versions/A/MPSNeuralNetwork
0x00007ff80c11f000 	/System/Library/Frameworks/MetalPerformanceShaders.framework/Versions/A/Frameworks/MPSMatrix.framework/Versions/A/MPSMatrix
0x00007ff80bedb000 	/System/Library/Frameworks/MetalPerformanceShaders.framework/Versions/A/Frameworks/MPSRayIntersector.framework/Versions/A/MPSRayIntersector
0x00007ff80c158000 	/System/Library/Frameworks/MetalPerformanceShaders.framework/Versions/A/Frameworks/MPSNDArray.framework/Versions/A/MPSNDArray
0x00007ffa1e2ac000 	/System/Library/Frameworks/MetalPerformanceShaders.framework/Versions/A/Frameworks/MPSFunctions.framework/Versions/A/MPSFunctions
0x00007ff801b60000 	/System/Library/PrivateFrameworks/MetalTools.framework/Versions/A/MetalTools
0x00007ff80ae3d000 	/System/Library/PrivateFrameworks/AggregateDictionary.framework/Versions/A/AggregateDictionary
0x00007ff80d0ae000 	/usr/lib/libIOReport.dylib
0x00007ffa1ace3000 	/System/Library/Frameworks/OpenCL.framework/Versions/A/OpenCL
0x00007ff80d412000 	/System/Library/PrivateFrameworks/FaceCore.framework/Versions/A/FaceCore
0x00007ff80d403000 	/System/Library/PrivateFrameworks/GraphVisualizer.framework/Versions/A/GraphVisualizer
0x00007ffb0555f000 	/System/Library/PrivateFrameworks/FontServices.framework/Versions/A/FontServices
0x00007ff80d82f000 	/System/Library/PrivateFrameworks/OTSVG.framework/Versions/A/OTSVG
0x00007ff808c20000 	/System/Library/Frameworks/ApplicationServices.framework/Versions/A/Frameworks/ATS.framework/Versions/A/Resources/libFontRegistry.dylib
0x00007ff80d880000 	/System/Library/PrivateFrameworks/FontServices.framework/libhvf.dylib
0x00007ffb05560000 	/System/Library/PrivateFrameworks/FontServices.framework/libXTFontStaticRegistryData.dylib
0x00007ff80d27c000 	/System/Library/PrivateFrameworks/AppleVA.framework/Versions/A/AppleVA
0x00007ff80f38f000 	/System/Library/Frameworks/ApplicationServices.framework/Versions/A/Frameworks/ATS.framework/Versions/A/ATS
0x00007ff806e2e000 	/System/Library/Frameworks/ApplicationServices.framework/Versions/A/Frameworks/HIServices.framework/Versions/A/HIServices
0x00007ff80e371000 	/System/Library/Frameworks/ApplicationServices.framework/Versions/A/Frameworks/PrintCore.framework/Versions/A/PrintCore
0x00007ff80f70e000 	/System/Library/Frameworks/ApplicationServices.framework/Versions/A/Frameworks/QD.framework/Versions/A/QD
0x00007ff80f706000 	/System/Library/Frameworks/ApplicationServices.framework/Versions/A/Frameworks/ColorSyncLegacy.framework/Versions/A/ColorSyncLegacy
0x00007ff80f37f000 	/System/Library/Frameworks/ApplicationServices.framework/Versions/A/Frameworks/SpeechSynthesis.framework/Versions/A/SpeechSynthesis
0x00007ff80e332000 	/System/Library/Frameworks/ApplicationServices.framework/Versions/A/Frameworks/ATSUI.framework/Versions/A/ATSUI
0x00007ff80f69b000 	/usr/lib/libcups.2.dylib
0x00007ff80fa5e000 	/System/Library/Frameworks/Kerberos.framework/Versions/A/Kerberos
0x00007ff80fa6d000 	/System/Library/Frameworks/GSS.framework/Versions/A/GSS
0x00007ff80f3fb000 	/usr/lib/libresolv.9.dylib
0x00007ff80d88f000 	/System/Library/PrivateFrameworks/Heimdal.framework/Versions/A/Heimdal
0x00007ff816511000 	/System/Library/Frameworks/Kerberos.framework/Versions/A/Libraries/libHeimdalProxy.dylib
0x00007ff807b0d000 	/System/Library/Frameworks/Network.framework/Versions/A/Network
0x00007ff80d2e6000 	/usr/lib/libheimdal-asn1.dylib
0x00007ff80fab8000 	/System/Library/PrivateFrameworks/CommonAuth.framework/Versions/A/CommonAuth
0x00007ff80f300000 	/System/Library/PrivateFrameworks/AudioSession.framework/Versions/A/AudioSession
0x00007ff80d376000 	/System/Library/PrivateFrameworks/MediaExperience.framework/Versions/A/MediaExperience
0x00007ff80f194000 	/System/Library/PrivateFrameworks/AudioSession.framework/libSessionUtility.dylib
0x00007ff80f71a000 	/System/Library/PrivateFrameworks/AudioResourceArbitration.framework/Versions/A/AudioResourceArbitration
0x00007ff80d2ef000 	/System/Library/PrivateFrameworks/IconFoundation.framework/Versions/A/IconFoundation
0x00007ff8124f4000 	/System/Library/PrivateFrameworks/SpeechRecognitionCore.framework/Versions/A/SpeechRecognitionCore
0x000000010a5ba000 	/Library/Java/JavaVirtualMachines/jdk-15.0.2.jdk/Contents/Home/lib/server/libjvm.dylib
0x00000001096a1000 	/Library/Java/JavaVirtualMachines/jdk-15.0.2.jdk/Contents/Home/lib/libjimage.dylib
0x0000000109726000 	/Library/Java/JavaVirtualMachines/jdk-15.0.2.jdk/Contents/Home/lib/libjava.dylib
0x000000012c2cf000 	/Library/Java/JavaVirtualMachines/jdk-15.0.2.jdk/Contents/Home/lib/libnio.dylib
0x000000012c316000 	/Library/Java/JavaVirtualMachines/jdk-15.0.2.jdk/Contents/Home/lib/libnet.dylib
0x000000012c3ba000 	/Library/Java/JavaVirtualMachines/jdk-15.0.2.jdk/Contents/Home/lib/libzip.dylib
0x000000012c6a9000 	/Users/rima/.openjfx/cache/16/libprism_es2.dylib
0x00007ff803c05000 	/System/Library/PrivateFrameworks/CoreServicesInternal.framework/Versions/A/CoreServicesInternal
0x00007ffa198df000 	/System/Library/Frameworks/OpenGL.framework/Versions/A/Resources/GLEngine.bundle/GLEngine
0x00007ffa19741000 	/System/Library/Frameworks/OpenGL.framework/Versions/A/Libraries/libGLProgrammability.dylib
0x000000012c8b6000 	/System/Library/Extensions/AppleMetalOpenGLRenderer.bundle/Contents/MacOS/AppleMetalOpenGLRenderer
0x00007ffa19a6e000 	/System/Library/Frameworks/OpenGL.framework/Versions/A/Resources/GLRendererFloat.bundle/GLRendererFloat
0x00007ffa1b84d000 	/System/Library/Extensions/AGXMetal13_3.bundle/Contents/MacOS/AGXMetal13_3
0x00007ff906faa000 	/System/Library/PrivateFrameworks/GPURawCounter.framework/Versions/A/GPURawCounter
0x00007ff901b27000 	/System/Library/PrivateFrameworks/IOGPU.framework/Versions/A/IOGPU
0x000000012ca97000 	/Users/rima/.openjfx/cache/16/libglass.dylib
0x00007ff813cc5000 	/System/Library/Frameworks/FileProvider.framework/Versions/A/FileProvider
0x00007ff8078ec000 	/System/Library/Frameworks/Accounts.framework/Versions/A/Accounts
0x00007ff813e3d000 	/System/Library/PrivateFrameworks/GenerationalStorage.framework/Versions/A/GenerationalStorage
0x00007ff81494a000 	/System/Library/PrivateFrameworks/CoreSymbolication.framework/Versions/A/CoreSymbolication
0x00007ff8136c9000 	/System/Library/PrivateFrameworks/SymptomDiagnosticReporter.framework/Versions/A/SymptomDiagnosticReporter
0x00007ff804ec4000 	/System/Library/PrivateFrameworks/DesktopServicesPriv.framework/Versions/A/DesktopServicesPriv
0x00007ff803d46000 	/usr/lib/libsandbox.1.dylib
0x00007ff8090b6000 	/System/Library/PrivateFrameworks/UserManagement.framework/Versions/A/UserManagement
0x00007ff81490f000 	/System/Library/PrivateFrameworks/DebugSymbols.framework/Versions/A/DebugSymbols
0x00007ff80f6fb000 	/System/Library/PrivateFrameworks/NetAuth.framework/Versions/A/NetAuth
0x00007ff8105e7000 	/System/Library/PrivateFrameworks/Sharing.framework/Versions/A/Sharing
0x00007ff809089000 	/System/Library/PrivateFrameworks/login.framework/Versions/A/Frameworks/loginsupport.framework/Versions/A/loginsupport
0x00007ff815a47000 	/System/Library/PrivateFrameworks/Apple80211.framework/Versions/A/Apple80211
0x00007ff80c2d8000 	/System/Library/PrivateFrameworks/AuthKit.framework/Versions/A/AuthKit
0x00007ff80b937000 	/System/Library/PrivateFrameworks/CoreUtils.framework/Versions/A/CoreUtils
0x00007ff80b85e000 	/System/Library/Frameworks/CoreWLAN.framework/Versions/A/CoreWLAN
0x00007ff810742000 	/System/Library/Frameworks/IOBluetooth.framework/Versions/A/IOBluetooth
0x00007ff815aaf000 	/System/Library/PrivateFrameworks/CoreWiFi.framework/Versions/A/CoreWiFi
0x00007ff8144e4000 	/System/Library/PrivateFrameworks/FrontBoardServices.framework/Versions/A/FrontBoardServices
0x00007ff814576000 	/System/Library/PrivateFrameworks/BoardServices.framework/Versions/A/BoardServices
0x00007ff80bb51000 	/System/Library/PrivateFrameworks/AssertionServices.framework/Versions/A/AssertionServices
0x00007ff815c33000 	/System/Library/PrivateFrameworks/BackBoardServices.framework/Versions/A/BackBoardServices
0x00007ff80fb47000 	/System/Library/PrivateFrameworks/CorePhoneNumbers.framework/Versions/A/CorePhoneNumbers
0x00007ff8137e6000 	/System/Library/PrivateFrameworks/DiskManagement.framework/Versions/A/DiskManagement
0x00007ff8136fa000 	/System/Library/PrivateFrameworks/AppleIDAuthSupport.framework/Versions/A/AppleIDAuthSupport
0x00007ffa20212000 	/System/Library/PrivateFrameworks/AAAFoundation.framework/Versions/A/AAAFoundation
0x00007ff80fb28000 	/System/Library/PrivateFrameworks/KeychainCircle.framework/Versions/A/KeychainCircle
0x00007ff8137b2000 	/System/Library/PrivateFrameworks/MediaKit.framework/Versions/A/MediaKit
0x00007ff813706000 	/System/Library/Frameworks/DiscRecording.framework/Versions/A/DiscRecording
0x00007ff80d1f4000 	/usr/lib/libCoreStorage.dylib
0x00007ff815f20000 	/usr/lib/libcsfde.dylib
0x00007ff81080f000 	/System/Library/PrivateFrameworks/ProtectedCloudStorage.framework/Versions/A/ProtectedCloudStorage
0x00007ff815f1c000 	/System/Library/PrivateFrameworks/EFILogin.framework/Versions/A/EFILogin
0x00007ff813e63000 	/System/Library/PrivateFrameworks/OctagonTrust.framework/Versions/A/OctagonTrust
0x00007ffb04899000 	/System/Library/PrivateFrameworks/CoreUtilsExtras.framework/Versions/A/CoreUtilsExtras
0x00007ff813639000 	/System/Library/Frameworks/CoreBluetooth.framework/Versions/A/CoreBluetooth
0x00007ff816596000 	/System/Library/Frameworks/AudioUnit.framework/Versions/A/AudioUnit
0x00007ff80d1ec000 	/usr/lib/libMatch.1.dylib
0x00007ff90b362000 	/System/Library/Frameworks/Accelerate.framework/Versions/A/Frameworks/vImage.framework/Versions/A/Libraries/libCGInterfaces.dylib
0x000000012e50f000 	/usr/lib/libobjc-trampolines.dylib
0x00007ff808db0000 	/System/Library/PrivateFrameworks/ViewBridge.framework/Versions/A/ViewBridge
0x00007ffa208c8000 	/System/Library/PrivateFrameworks/AccessibilityBundles.framework/Versions/A/AccessibilityBundles
0x00007ff80d949000 	/System/Library/PrivateFrameworks/login.framework/Versions/A/login
0x000000013002d000 	/Users/rima/.openjfx/cache/16/libjavafx_font.dylib
0x0000000136af7000 	/System/Library/Frameworks/FileProvider.framework/OverrideBundles/CloudDocsFileProvider.bundle/Contents/MacOS/CloudDocsFileProvider
0x00007ff8092b1000 	/System/Library/PrivateFrameworks/CloudDocs.framework/Versions/A/CloudDocs
0x00007ff81623e000 	/System/Library/PrivateFrameworks/AppleAccount.framework/Versions/A/AppleAccount
0x00007ff8107f6000 	/System/Library/PrivateFrameworks/AppContainer.framework/Versions/A/AppContainer
0x00007ff8102ba000 	/System/Library/PrivateFrameworks/IDS.framework/Versions/A/IDS
0x00007ff816393000 	/System/Library/PrivateFrameworks/AppleIDSSOAuthentication.framework/Versions/A/AppleIDSSOAuthentication
0x00007ff80908c000 	/System/Library/PrivateFrameworks/ApplePushService.framework/Versions/A/ApplePushService
0x00007ff815fa0000 	/System/Library/PrivateFrameworks/AppSupport.framework/Versions/A/AppSupport
0x00007ff80f0f8000 	/System/Library/PrivateFrameworks/IMFoundation.framework/Versions/A/IMFoundation
0x00007ff9021ce000 	/System/Library/PrivateFrameworks/Marco.framework/Versions/A/Marco
0x00007ff81042d000 	/System/Library/PrivateFrameworks/IDSFoundation.framework/Versions/A/IDSFoundation
0x00007ff807968000 	/System/Library/PrivateFrameworks/CommonUtilities.framework/Versions/A/CommonUtilities
0x00007ff906baf000 	/System/Library/PrivateFrameworks/FTServices.framework/Versions/A/FTServices
0x00007ff819d69000 	/System/Library/PrivateFrameworks/Engram.framework/Versions/A/Engram
0x00007ff819d10000 	/usr/lib/libtidy.A.dylib
0x00007ff80dafb000 	/System/Library/PrivateFrameworks/Bom.framework/Versions/A/Bom
0x00007ff80d0b6000 	/System/Library/PrivateFrameworks/CrashReporterSupport.framework/Versions/A/CrashReporterSupport
0x00007ff910b40000 	/System/Library/PrivateFrameworks/FTAWD.framework/Versions/A/FTAWD
0x00007ff912c26000 	/System/Library/PrivateFrameworks/OSAnalytics.framework/Versions/A/OSAnalytics
0x00007ff91dcdc000 	/System/Library/PrivateFrameworks/Symbolication.framework/Versions/A/Symbolication
0x00007ff906f6c000 	/System/Library/PrivateFrameworks/MallocStackLogging.framework/Versions/A/MallocStackLogging
0x00007ff812baf000 	/System/Library/PrivateFrameworks/CoreDaemon.framework/Versions/B/CoreDaemon
0x00007ff812baa000 	/System/Library/PrivateFrameworks/AppleSRP.framework/Versions/A/AppleSRP
0x00007ff80bbf9000 	/System/Library/Frameworks/ServiceManagement.framework/Versions/A/ServiceManagement
0x00007ff81080b000 	/System/Library/PrivateFrameworks/SecCodeWrapper.framework/Versions/A/SecCodeWrapper
0x0000000136b43000 	/System/Library/Frameworks/FileProvider.framework/OverrideBundles/FileProviderOverride.bundle/Contents/MacOS/FileProviderOverride
0x0000000136be8000 	/System/Library/Frameworks/FileProvider.framework/OverrideBundles/FinderSyncCollaborationFileProviderOverride.bundle/Contents/MacOS/FinderSyncCollaborationFileProviderOverride
0x00007ff917415000 	/System/Library/PrivateFrameworks/FinderSyncPriv.framework/Versions/A/FinderSyncPriv
0x00007ff8090dc000 	/System/Library/Frameworks/CloudKit.framework/Versions/A/CloudKit
0x00007ff816643000 	/System/Library/PrivateFrameworks/C2.framework/Versions/A/C2
0x00007ff80a052000 	/System/Library/Frameworks/CoreLocation.framework/Versions/A/CoreLocation
0x00007ff81663b000 	/System/Library/Frameworks/PushKit.framework/Versions/A/PushKit
0x00007ff814a00000 	/System/Library/PrivateFrameworks/CoreTime.framework/Versions/A/CoreTime
0x00007ff818124000 	/System/Library/PrivateFrameworks/RTCReporting.framework/Versions/A/RTCReporting
0x00007ff810ad4000 	/System/Library/PrivateFrameworks/GeoServices.framework/Versions/A/GeoServices
0x00007ff80f16b000 	/System/Library/PrivateFrameworks/LocationSupport.framework/Versions/A/LocationSupport
0x00007ffb05d49000 	/System/Library/PrivateFrameworks/GeoServicesCore.framework/Versions/A/GeoServicesCore
0x00007ff9029c7000 	/System/Library/PrivateFrameworks/PhoneNumbers.framework/Versions/A/PhoneNumbers
0x00007ff815ea5000 	/System/Library/PrivateFrameworks/RemoteServiceDiscovery.framework/Versions/A/RemoteServiceDiscovery
0x00007ff904f89000 	/usr/lib/libFosl_dynamic.dylib
0x00007ff90ac38000 	/usr/lib/libncurses.5.4.dylib
0x00007ffb17163000 	/usr/lib/libRosetta.dylib
0x00007ff812bbb000 	/System/Library/PrivateFrameworks/SystemAdministration.framework/Versions/A/SystemAdministration
0x00007ff80e599000 	/System/Library/Frameworks/MediaToolbox.framework/Versions/A/MediaToolbox
0x00007ff8124c0000 	/System/Library/Frameworks/DirectoryService.framework/Versions/A/DirectoryService
0x00007ff815dbf000 	/System/Library/PrivateFrameworks/DiskImages.framework/Versions/A/DiskImages
0x00007ff815f98000 	/System/Library/PrivateFrameworks/LoginUIKit.framework/Versions/A/Frameworks/LoginUICore.framework/Versions/A/LoginUICore
0x00007ff80daf7000 	/usr/lib/libodfde.dylib
0x00007ff813c95000 	/System/Library/PrivateFrameworks/CoreAVCHD.framework/Versions/A/CoreAVCHD
0x00007ff812b7f000 	/System/Library/Frameworks/MediaAccessibility.framework/Versions/A/MediaAccessibility
0x00007ff813c91000 	/System/Library/PrivateFrameworks/Mangrove.framework/Versions/A/Mangrove
0x00007ff812b8a000 	/System/Library/PrivateFrameworks/AlgosScoreFramework.framework/Versions/A/AlgosScoreFramework
0x00007ffb01d01000 	/System/Library/PrivateFrameworks/CMPhoto.framework/Versions/A/CMPhoto
0x00007ff8147e5000 	/System/Library/PrivateFrameworks/AppleVPA.framework/Versions/A/AppleVPA
0x00007ff8138d6000 	/System/Library/PrivateFrameworks/CoreAUC.framework/Versions/A/CoreAUC
0x00007ff815f2c000 	/usr/lib/libcurl.4.dylib
0x00007ff815c8b000 	/usr/lib/libcrypto.44.dylib
0x00007ff815d92000 	/usr/lib/libssl.46.dylib
0x00007ff815c51000 	/System/Library/Frameworks/LDAP.framework/Versions/A/LDAP
0x00007ff815c89000 	/System/Library/PrivateFrameworks/TrustEvaluationAgent.framework/Versions/A/TrustEvaluationAgent
0x00007ff80f414000 	/usr/lib/libsasl2.2.dylib


VM Arguments:
jvm_args: -Dfile.encoding=UTF-8 --module-path=/Users/rima/git/FXGLGames/Pacman/target/classes:/Users/rima/.m2/repository/com/github/almasb/fxgl/11.16/fxgl-11.16.jar:/Users/rima/.m2/repository/org/openjfx/javafx-fxml/16/javafx-fxml-16-mac.jar:/Users/rima/.m2/repository/org/openjfx/javafx-controls/16/javafx-controls-16-mac.jar:/Users/rima/.m2/repository/com/github/almasb/fxgl-core/11.16/fxgl-core-11.16.jar:/Users/rima/.m2/repository/org/openjfx/javafx-graphics/16/javafx-graphics-16-mac.jar:/Users/rima/.m2/repository/org/openjfx/javafx-base/16/javafx-base-16-mac.jar:/Users/rima/.m2/repository/com/github/almasb/fxgl-io/11.16/fxgl-io-11.16.jar:/Users/rima/.m2/repository/com/gluonhq/attach/storage/4.0.9/storage-4.0.9.jar:/Users/rima/.m2/repository/com/gluonhq/attach/util/4.0.9/util-4.0.9.jar:/Users/rima/.m2/repository/com/github/almasb/fxgl-ui/11.16/fxgl-ui-11.16.jar:/Users/rima/.m2/repository/com/github/almasb/fxgl-entity/11.16/fxgl-entity-11.16.jar:/Users/rima/.m2/repository/com/github/almasb/fxgl-media/11.16/fxgl-media-11.16.jar:/Users/rima/.m2/repository/org/openjfx/javafx-media/16/javafx-media-16-mac.jar:/Users/rima/.m2/repository/com/gluonhq/attach/audio/4.0.9/audio-4.0.9.jar:/Users/rima/.m2/repository/com/github/almasb/fxgl-input/11.16/fxgl-input-11.16.jar:/Users/rima/.m2/repository/com/github/almasb/fxgl-scene/11.16/fxgl-scene-11.16.jar:/Users/rima/.m2/repository/com/github/almasb/fxgl-gameplay/11.16/fxgl-gameplay-11.16.jar:/Users/rima/.m2/repository/com/fasterxml/jackson/core/jackson-annotations/2.12.1/jackson-annotations-2.12.1.jar:/Users/rima/.m2/repository/com/fasterxml/jackson/core/jackson-databind/2.12.1/jackson-databind-2.12.1.jar:/Users/rima/.m2/repository/com/fasterxml/jackson/core/jackson-core/2.12.1/jackson-core-2.12.1.jar:/Users/rima/.m2/repository/com/gluonhq/attach/lifecycle/4.0.9/lifecycle-4.0.9.jar:/Users/rima/.m2/repository/org/jetbrains/kotlin/kotlin-stdlib/1.4.30/kotlin-stdlib-1.4.30-modular.jar -XX:+ShowCodeDetailsInExceptionMessages -Djdk.module.main=pacman.main 
java_command: pacman.main/com.almasb.fxglgames.pacman.PacmanApp
java_class_path (initial): /Users/rima/.m2/repository/org/openjfx/javafx-fxml/16/javafx-fxml-16.jar:/Users/rima/.m2/repository/org/openjfx/javafx-controls/16/javafx-controls-16.jar:/Users/rima/.m2/repository/org/openjfx/javafx-graphics/16/javafx-graphics-16.jar:/Users/rima/.m2/repository/org/openjfx/javafx-base/16/javafx-base-16.jar:/Users/rima/.m2/repository/org/openjfx/javafx-media/16/javafx-media-16.jar:/Users/rima/.m2/repository/org/jetbrains/kotlin/kotlin-stdlib-common/1.4.30/kotlin-stdlib-common-1.4.30.jar:/Users/rima/.m2/repository/org/jetbrains/annotations/13.0/annotations-13.0.jar
Launcher Type: SUN_STANDARD

[Global flags]
     intx CICompilerCount                          = 4                                         {product} {ergonomic}
     uint ConcGCThreads                            = 2                                         {product} {ergonomic}
     uint G1ConcRefinementThreads                  = 8                                         {product} {ergonomic}
   size_t G1HeapRegionSize                         = 1048576                                   {product} {ergonomic}
    uintx GCDrainStackTargetSize                   = 64                                        {product} {ergonomic}
   size_t InitialHeapSize                          = 134217728                                 {product} {ergonomic}
   size_t MarkStackSize                            = 4194304                                   {product} {ergonomic}
   size_t MaxHeapSize                              = 2147483648                                {product} {ergonomic}
   size_t MaxNewSize                               = 1287651328                                {product} {ergonomic}
   size_t MinHeapDeltaBytes                        = 1048576                                   {product} {ergonomic}
   size_t MinHeapSize                              = 8388608                                   {product} {ergonomic}
    uintx NonNMethodCodeHeapSize                   = 5839372                                {pd product} {ergonomic}
    uintx NonProfiledCodeHeapSize                  = 122909434                              {pd product} {ergonomic}
    uintx ProfiledCodeHeapSize                     = 122909434                              {pd product} {ergonomic}
    uintx ReservedCodeCacheSize                    = 251658240                              {pd product} {ergonomic}
     bool SegmentedCodeCache                       = true                                      {product} {ergonomic}
     bool ShowCodeDetailsInExceptionMessages       = true                                   {manageable} {command line}
   size_t SoftMaxHeapSize                          = 2147483648                             {manageable} {ergonomic}
     bool UseCompressedClassPointers               = true                                 {lp64_product} {ergonomic}
     bool UseCompressedOops                        = true                                 {lp64_product} {ergonomic}
     bool UseG1GC                                  = true                                      {product} {ergonomic}
     bool UseNUMA                                  = false                                     {product} {ergonomic}
     bool UseNUMAInterleaving                      = false                                     {product} {ergonomic}

Logging:
Log output configuration:
 #0: stdout all=warning uptime,level,tags
 #1: stderr all=off uptime,level,tags

Environment Variables:
PATH=/usr/bin:/bin:/usr/sbin:/sbin
SHELL=/bin/zsh

Signal Handlers:
SIGSEGV: [libjvm.dylib+0x9ff2f0], sa_mask[0]=11111111111111111111111111111111, sa_flags=SA_ONSTACK|SA_RESTART|SA_SIGINFO
SIGBUS: [libjvm.dylib+0x9ff2f0], sa_mask[0]=11111111111111111111111111111111, sa_flags=SA_RESTART|SA_SIGINFO
SIGFPE: [libjvm.dylib+0x9ff2f0], sa_mask[0]=11111111111111111111111111111111, sa_flags=SA_RESTART|SA_SIGINFO
SIGPIPE: [libjvm.dylib+0x82ae30], sa_mask[0]=11111111111111111111111111111111, sa_flags=SA_RESTART|SA_SIGINFO
SIGXFSZ: [libjvm.dylib+0x82ae30], sa_mask[0]=11111111111111111111111111111111, sa_flags=SA_RESTART|SA_SIGINFO
SIGILL: [libjvm.dylib+0x9ff2f0], sa_mask[0]=11111111111111111111111111111111, sa_flags=SA_RESTART|SA_SIGINFO
SIGUSR2: [libjvm.dylib+0x82b940], sa_mask[0]=00100000000000000000000000000000, sa_flags=SA_RESTART|SA_SIGINFO
SIGHUP: [libjvm.dylib+0x82a040], sa_mask[0]=11111111111111111111111111111111, sa_flags=SA_RESTART|SA_SIGINFO
SIGINT: [libjvm.dylib+0x82a040], sa_mask[0]=11111111111111111111111111111111, sa_flags=SA_RESTART|SA_SIGINFO
SIGTERM: [libjvm.dylib+0x82a040], sa_mask[0]=11111111111111111111111111111111, sa_flags=SA_RESTART|SA_SIGINFO
SIGQUIT: [libjvm.dylib+0x82a040], sa_mask[0]=11111111111111111111111111111111, sa_flags=SA_RESTART|SA_SIGINFO


---------------  S Y S T E M  ---------------

OS:uname: Darwin 21.1.0 Darwin Kernel Version 21.1.0: Wed Oct 13 17:33:24 PDT 2021; root:xnu-8019.41.5~1/RELEASE_ARM64_T8101 x86_64
OS uptime: 0 days 11:51 hours
rlimit (soft/hard): STACK 8176k/65520k , CORE 0k/infinity , NPROC 1333/2000 , NOFILE 10240/infinity , AS infinity/infinity , CPU infinity/infinity , DATA infinity/infinity , FSIZE infinity/infinity , MEMLOCK infinity/infinity , RSS infinity/infinity
load average: 2.41 2.37 2.11

CPU: total 8 (initial active 8) (1 cores per cpu, 1 threads per core) family 6 model 44 stepping 0 microcode 0x0, cmov, cx8, fxsr, mmx, sse, sse2, sse3, ssse3, sse4.1, sse4.2, popcnt, aes, clmul, tsc, tscinvbit, tscinv, clflush

Memory: 4k page, physical 8388608k(14792k free), swap 1048576k(1017600k free)

vm_info: Java HotSpot(TM) 64-Bit Server VM (15.0.2+7-27) for bsd-amd64 JRE (15.0.2+7-27), built on Dec  7 2020 20:08:32 by "mach5one" with clang 4.2.1 Compatible Apple LLVM 10.0.0 (clang-1000.11.45.5)

END.
