22:34:18.835 [main                     ] DEBUG Logger               - Configured Logger
22:34:18.859 [main                     ] DEBUG GameApplication      - Logging settings
Title: FXGL Pac-man
Version: 1.0
Width: 920
Height: 840
Fullscreen: false
Intro: false
Profiling: false
Single step:false
App Mode: DEVELOPER
Menu Key: ESCAPE
Stage Style: DECORATED
Scene Factory: class com.almasb.fxgl.app.scene.SceneFactory

22:34:20.368 [JavaFX Application Thread] DEBUG FXGLApplication      - Initializing FXGL
22:34:20.369 [JavaFX Application Thread] INFO  Engine               - FXGL-11.16 (25.05.2021 08.16) on MAC (J:15.0.2 FX:16)
22:34:20.370 [JavaFX Application Thread] DEBUG Engine               - JRE Vendor Name: Oracle Corporation
22:34:20.370 [JavaFX Application Thread] DEBUG Engine               - Running on OS: Mac OS X version 10.16
22:34:20.370 [JavaFX Application Thread] DEBUG Engine               - Architecture: x86_64
22:34:20.370 [JavaFX Application Thread] INFO  Engine               - Source code and latest versions at: https://github.com/AlmasB/FXGL
22:34:20.370 [JavaFX Application Thread] INFO  Engine               -              Join the FXGL chat at: https://gitter.im/AlmasB/FXGL
22:34:20.460 [JavaFX Application Thread] DEBUG PrimaryStageWindow   - Creating a JavaFX scene
22:34:20.461 [JavaFX Application Thread] DEBUG PrimaryStageWindow   - Target size > screen size
22:34:20.778 [JavaFX Application Thread] DEBUG PrimaryStageWindow   - Target settings size: 920.0 x 840.0
22:34:20.779 [JavaFX Application Thread] DEBUG PrimaryStageWindow   - Scaled scene size:    861.0 x 808.0
22:34:20.779 [JavaFX Application Thread] DEBUG PrimaryStageWindow   - Scaled ratio: (0.9358695652173913, 0.9619047619047619)
22:34:20.780 [JavaFX Application Thread] DEBUG PrimaryStageWindow   - Set initial scene to FXGLStartupScene
22:34:20.783 [JavaFX Application Thread] DEBUG PrimaryStageWindow   - Opening main window
22:34:20.864 [JavaFX Application Thread] DEBUG PrimaryStageWindow   - Window border size: (0.0, 1.0)
22:34:20.864 [JavaFX Application Thread] DEBUG PrimaryStageWindow   - Scaled size: 861.0 x 808.0
22:34:20.864 [JavaFX Application Thread] DEBUG PrimaryStageWindow   - Scaled ratio: (0.9358695652173913, 0.9358695652173913)
22:34:20.864 [JavaFX Application Thread] DEBUG PrimaryStageWindow   - Scene size: 861.0 x 808.0
22:34:20.864 [JavaFX Application Thread] DEBUG PrimaryStageWindow   - Stage size: 861.0 x 809.0
22:34:20.868 [FXGL Background Thread 1 ] DEBUG Engine               - Initializing environment variables
22:34:20.927 [FXGL Background Thread 1 ] DEBUG FXGLAssetLoaderServi - User app class for loading assets: class com.almasb.fxglgames.pacman.PacmanApp
22:34:20.928 [FXGL Background Thread 1 ] DEBUG GameApplicationServi - Applying CSS: fxgl_dark.css
22:34:20.930 [FXGL Background Thread 1 ] DEBUG FXGLAssetLoaderServi - Loading from file system: jar:file:///Users/rima/.m2/repository/com/github/almasb/fxgl/11.16/fxgl-11.16.jar!/fxglassets/ui/css/fxgl_dark.css
22:34:21.009 [FXGL Background Thread 1 ] DEBUG GameApplicationServi - Initializing application scenes
22:34:21.213 [FXGL Background Thread 1 ] DEBUG GameWorld            - Game world initialized
22:34:21.267 [FXGL Background Thread 1 ] DEBUG PhysicsWorld         - Physics world initialized: appHeight=840, physics.ppm=50.0
22:34:21.272 [FXGL Background Thread 1 ] DEBUG PhysicsWorld         - Using strategy: BRUTE_FORCE
22:34:21.284 [FXGL Background Thread 1 ] DEBUG GameScene            - Game scene initialized: 920x840
22:34:21.321 [FXGL Background Thread 1 ] DEBUG FXGL.DefaultMenu     - createMenuBodyGameMenu()
22:34:21.335 [FXGL Background Thread 1 ] DEBUG FXGL.DefaultMenu     - createOptionsMenu()
22:34:21.348 [FXGL Background Thread 1 ] DEBUG FXGLAssetLoaderServi - Loading from file system: jar:file:///Users/rima/.m2/repository/com/github/almasb/fxgl/11.16/fxgl-11.16.jar!/fxglassets/textures/particles/smoke.png
22:34:21.496 [FXGL Background Thread 1 ] DEBUG FXGLAssetLoaderServi - Loading from file system: jar:file:///Users/rima/.m2/repository/com/github/almasb/fxgl/11.16/fxgl-11.16.jar!/fxglassets/textures/particles/trace_horizontal.png
22:34:21.532 [FXGL Background Thread 1 ] DEBUG GameApplicationServi - Application scenes initialized
22:34:21.548 [FXGL Background Thread 1 ] DEBUG SystemBundleService  - Loading default FXGL system data
22:34:21.549 [FXGL Background Thread 1 ] DEBUG UpdaterService       - Checking for updates
22:34:21.554 [FXGL Background Thread 4 ] DEBUG FXGLApplication      - Loading fonts
22:34:21.554 [FXGL Background Thread 1 ] DEBUG FXGLApplication      - Loading default localization
22:34:21.559 [FXGL Background Thread 4 ] DEBUG FXGLAssetLoaderServi - Loading from file system: jar:file:///Users/rima/.m2/repository/com/github/almasb/fxgl/11.16/fxgl-11.16.jar!/fxglassets/ui/fonts/VarelaRound-Regular.ttf
22:34:21.559 [FXGL Background Thread 1 ] DEBUG FXGLAssetLoaderServi - Loading from file system: jar:file:///Users/rima/.m2/repository/com/github/almasb/fxgl/11.16/fxgl-11.16.jar!/fxglassets/languages/english.lang
22:34:21.578 [FXGL Background Thread 1 ] INFO  FXGLApplication      - FXGL initialization took: 0.709 sec
22:34:21.591 [JavaFX Application Thread] DEBUG Input                - Registered new binding: Up - W
22:34:21.599 [JavaFX Application Thread] DEBUG Input                - Registered new binding: Down - S
22:34:21.607 [JavaFX Application Thread] DEBUG Input                - Registered new binding: Left - A
22:34:21.611 [JavaFX Application Thread] DEBUG Input                - Registered new binding: Right - D
22:34:21.617 [JavaFX Application Thread] DEBUG FXGLAssetLoaderServi - Loading from file system: jar:file:///Users/rima/.m2/repository/com/github/almasb/fxgl/11.16/fxgl-11.16.jar!/fxglassets/textures/fxgl_icon.png
22:34:21.617 [FXGL Background Thread 4 ] DEBUG FXGLAssetLoaderServi - Loading from file system: jar:file:///Users/rima/.m2/repository/com/github/almasb/fxgl/11.16/fxgl-11.16.jar!/fxglassets/ui/fonts/Abel-Regular.ttf
22:34:21.630 [FXGL Background Thread 4 ] DEBUG FXGLAssetLoaderServi - Loading from file system: jar:file:///Users/rima/.m2/repository/com/github/almasb/fxgl/11.16/fxgl-11.16.jar!/fxglassets/ui/fonts/lucida_console.ttf
22:34:21.642 [FXGL Background Thread 4 ] DEBUG FXGLAssetLoaderServi - Loading from file system: jar:file:///Users/rima/.m2/repository/com/github/almasb/fxgl/11.16/fxgl-11.16.jar!/fxglassets/ui/fonts/Courier-Prime.ttf
22:34:21.680 [JavaFX Application Thread] DEBUG FXGLAssetLoaderServi - Loading from file system: jar:file:///Users/rima/.m2/repository/com/github/almasb/fxgl/11.16/fxgl-11.16.jar!/fxglassets/textures/fxgl_default_cursor.png
22:34:21.700 [JavaFX Application Thread] DEBUG Input                - Registered new binding: Screenshot - CTRL+8
22:34:21.707 [JavaFX Application Thread] DEBUG Input                - Registered new binding: System info dump - CTRL+9
22:34:21.713 [JavaFX Application Thread] DEBUG Input                - Registered new binding: Restart - CTRL+R
22:34:21.717 [JavaFX Application Thread] DEBUG Input                - Registered new binding: Toggle Debug Camera - CTRL+C
22:34:21.722 [JavaFX Application Thread] DEBUG LoopRunner           - Starting loop
22:34:21.723 [JavaFX Application Thread] DEBUG LoopRunner           - Initializing JavaFX AnimationTimerLoop
22:34:21.726 [JavaFX Application Thread] DEBUG GameApplicationServi - Starting new game
22:34:21.730 [JavaFX Application Thread] DEBUG Input                - Clearing active input actions
22:34:21.784 [JavaFX Application Thread] DEBUG GameApplicationServi - Removing overlay from FXGLStartupScene and adding to FXGLLoadingScene
22:34:21.789 [JavaFX Application Thread] DEBUG PrimaryStageWindow   - FXGLStartupScene -> FXGLLoadingScene
22:34:21.792 [JavaFX Application Thread] DEBUG GameApplicationServi - Clearing previous game
22:34:21.797 [JavaFX Application Thread] DEBUG GameScene            - Clearing game scene
22:34:21.802 [JavaFX Application Thread] DEBUG GameWorld            - Clearing game world
22:34:21.806 [JavaFX Application Thread] DEBUG PhysicsWorld         - Clearing physics world
22:34:21.814 [FXGL Background Thread 4 ] DEBUG FXGLApplication      - Initializing game
22:34:21.864 [JavaFX Application Thread] DEBUG FXGLApplication      - Registering font factories with UI factory
22:34:21.904 [FXGL Background Thread 4 ] DEBUG FXGLAssetLoaderServi - Loading from file system: file:/Users/rima/git/FXGLGames/Pacman/target/classes/assets/textures/coin.png
22:34:22.301 [FXGL Background Thread 4 ] DEBUG FXGLAssetLoaderServi - Loading from file system: file:/Users/rima/git/FXGLGames/Pacman/target/classes/assets/textures/spritesheet.png
22:34:22.672 [FXGL Background Thread 4 ] DEBUG FXGLAssetLoaderServi - Loading from file system: file:/Users/rima/git/FXGLGames/Pacman/target/classes/assets/textures/player.png
22:34:22.695 [FXGL Background Thread 4 ] DEBUG GameWorld            - Clearing removable entities
22:34:22.699 [FXGL Background Thread 4 ] DEBUG GameWorld            - Setting level: com.almasb.fxgl.entity.level.Level@1afdf6a3
22:34:22.779 [FXGL Background Thread 4 ] DEBUG FXGLAssetLoaderServi - Loading from file system: file:/Users/rima/git/FXGLGames/Pacman/target/classes/assets/ui/pacman_ui.fxml
22:34:22.866 [FXGL Background Thread 2 ] INFO  UpdaterService       - Your current version:  11.16
22:34:22.876 [FXGL Background Thread 2 ] INFO  UpdaterService       - Latest stable version: 11.17
22:34:22.943 [FXGL Background Thread 4 ] INFO  FXGLApplication      - Game initialization took: 1.129 sec
22:34:22.951 [JavaFX Application Thread] DEBUG Input                - Clearing active input actions
22:34:23.024 [JavaFX Application Thread] DEBUG GameApplicationServi - Removing overlay from FXGLLoadingScene and adding to GameScene
22:34:23.032 [JavaFX Application Thread] DEBUG PrimaryStageWindow   - FXGLLoadingScene -> GameScene
22:34:24.561 [FXGL Background Thread 3 ] DEBUG Engine               - Logging environment variables
22:34:24.566 [FXGL Background Thread 3 ] DEBUG Engine               - achievements: []
22:34:24.569 [FXGL Background Thread 3 ] DEBUG Engine               - actualHeight: 808.0
22:34:24.571 [FXGL Background Thread 3 ] DEBUG Engine               - actualHeightProperty: ReadOnlyDoubleProperty [value: 808.0]
22:34:24.572 [FXGL Background Thread 3 ] DEBUG Engine               - actualWidth: 861.0
22:34:24.574 [FXGL Background Thread 3 ] DEBUG Engine               - actualWidthProperty: ReadOnlyDoubleProperty [value: 861.0]
22:34:24.575 [FXGL Background Thread 3 ] DEBUG Engine               - appIcon: fxgl_icon.png
22:34:24.577 [FXGL Background Thread 3 ] DEBUG Engine               - applicationMode: DEVELOPER
22:34:24.579 [FXGL Background Thread 3 ] DEBUG Engine               - cSSList: [fxgl_dark.css]
22:34:24.581 [FXGL Background Thread 3 ] DEBUG Engine               - collisionDetectionStrategy: BRUTE_FORCE
22:34:24.583 [FXGL Background Thread 3 ] DEBUG Engine               - configClass: Optional.empty
22:34:24.585 [FXGL Background Thread 3 ] DEBUG Engine               - credits: []
22:34:24.587 [FXGL Background Thread 3 ] DEBUG Engine               - defaultCursor: CursorInfo(imageName=fxgl_default_cursor.png, hotspotX=7.0, hotspotY=6.0)
22:34:24.590 [FXGL Background Thread 3 ] DEBUG Engine               - devBBoxColorProperty: ObjectProperty [value: 0xff0000ff]
22:34:24.593 [FXGL Background Thread 3 ] DEBUG Engine               - devEnableDebugCameraProperty: BooleanProperty [value: false]
22:34:24.595 [FXGL Background Thread 3 ] DEBUG Engine               - devSensorColorProperty: ObjectProperty [value: 0xffff00ff]
22:34:24.598 [FXGL Background Thread 3 ] DEBUG Engine               - devShowBBoxProperty: BooleanProperty [value: false]
22:34:24.601 [FXGL Background Thread 3 ] DEBUG Engine               - devShowPositionProperty: BooleanProperty [value: false]
22:34:24.605 [FXGL Background Thread 3 ] DEBUG Engine               - enabledMenuItems: []
22:34:24.608 [FXGL Background Thread 3 ] DEBUG Engine               - engineServices: [class com.almasb.fxgl.app.services.FXGLAssetLoaderService, class com.almasb.fxgl.app.FXGLApplication$GameApplicationService, class com.almasb.fxgl.app.services.FXGLDialogService, class com.almasb.fxgl.app.services.IOTaskExecutorService, class com.almasb.fxgl.io.FileSystemService, class com.almasb.fxgl.localization.LocalizationService, class com.almasb.fxgl.app.services.SystemBundleService, class com.almasb.fxgl.profile.SaveLoadService, class com.almasb.fxgl.ui.FXGLUIFactoryServiceProvider, class com.almasb.fxgl.ui.FXGLDialogFactoryServiceProvider, class com.almasb.fxgl.audio.AudioPlayer, class com.almasb.fxgl.notification.impl.NotificationServiceProvider, class com.almasb.fxgl.achievement.AchievementService, class com.almasb.fxgl.cutscene.CutsceneService, class com.almasb.fxgl.minigames.MiniGameService, class com.almasb.fxgl.net.NetService, class com.almasb.fxgl.app.services.UpdaterService, class com.almasb.fxgl.dev.DevService]
22:34:24.610 [FXGL Background Thread 3 ] DEBUG Engine               - fontGame: Abel-Regular.ttf
22:34:24.611 [FXGL Background Thread 3 ] DEBUG Engine               - fontMono: lucida_console.ttf
22:34:24.612 [FXGL Background Thread 3 ] DEBUG Engine               - fontText: Courier-Prime.ttf
22:34:24.614 [FXGL Background Thread 3 ] DEBUG Engine               - fontUI: VarelaRound-Regular.ttf
22:34:24.618 [FXGL Background Thread 3 ] DEBUG Engine               - fullScreen: BooleanProperty [value: false]
22:34:24.621 [FXGL Background Thread 3 ] DEBUG Engine               - gameDifficulty: MEDIUM
22:34:24.623 [FXGL Background Thread 3 ] DEBUG Engine               - gameDifficultyProperty: ObjectProperty [value: MEDIUM]
22:34:24.627 [FXGL Background Thread 3 ] DEBUG Engine               - globalMusicVolume: 0.5
22:34:24.630 [FXGL Background Thread 3 ] DEBUG Engine               - globalMusicVolumeProperty: DoubleProperty [value: 0.5]
22:34:24.633 [FXGL Background Thread 3 ] DEBUG Engine               - globalSoundVolume: 0.5
22:34:24.636 [FXGL Background Thread 3 ] DEBUG Engine               - globalSoundVolumeProperty: DoubleProperty [value: 0.5]
22:34:24.640 [FXGL Background Thread 3 ] DEBUG Engine               - height: 840
22:34:24.642 [FXGL Background Thread 3 ] DEBUG Engine               - is3D: false
22:34:24.643 [FXGL Background Thread 3 ] DEBUG Engine               - isAndroid: false
22:34:24.645 [FXGL Background Thread 3 ] DEBUG Engine               - isBrowser: false
22:34:24.647 [FXGL Background Thread 3 ] DEBUG Engine               - isClickFeedbackEnabled: false
22:34:24.649 [FXGL Background Thread 3 ] DEBUG Engine               - isCloseConfirmation: false
22:34:24.651 [FXGL Background Thread 3 ] DEBUG Engine               - isDesktop: true
22:34:24.653 [FXGL Background Thread 3 ] DEBUG Engine               - isDeveloperMenuEnabled: false
22:34:24.654 [FXGL Background Thread 3 ] DEBUG Engine               - isEntityPreloadEnabled: true
22:34:24.656 [FXGL Background Thread 3 ] DEBUG Engine               - isExperimentalTiledLargeMap: false
22:34:24.657 [FXGL Background Thread 3 ] DEBUG Engine               - isFileSystemWriteAllowed: true
22:34:24.658 [FXGL Background Thread 3 ] DEBUG Engine               - isFullScreenAllowed: false
22:34:24.659 [FXGL Background Thread 3 ] DEBUG Engine               - isFullScreenFromStart: false
22:34:24.661 [FXGL Background Thread 3 ] DEBUG Engine               - isGameMenuEnabled: true
22:34:24.662 [FXGL Background Thread 3 ] DEBUG Engine               - isIOS: false
22:34:24.664 [FXGL Background Thread 3 ] DEBUG Engine               - isIntroEnabled: false
22:34:24.666 [FXGL Background Thread 3 ] DEBUG Engine               - isLinux: false
22:34:24.669 [FXGL Background Thread 3 ] DEBUG Engine               - isMac: true
22:34:24.671 [FXGL Background Thread 3 ] DEBUG Engine               - isMainMenuEnabled: false
22:34:24.672 [FXGL Background Thread 3 ] DEBUG Engine               - isManualResizeEnabled: true
22:34:24.672 [FXGL Background Thread 3 ] DEBUG Engine               - isMobile: false
22:34:24.674 [FXGL Background Thread 3 ] DEBUG Engine               - isNative: false
22:34:24.675 [FXGL Background Thread 3 ] DEBUG Engine               - isPreserveResizeRatio: true
22:34:24.675 [FXGL Background Thread 3 ] DEBUG Engine               - isProfilingEnabled: false
22:34:24.676 [FXGL Background Thread 3 ] DEBUG Engine               - isScaleAffectedOnResize: true
22:34:24.677 [FXGL Background Thread 3 ] DEBUG Engine               - isSingleStep: false
22:34:24.678 [FXGL Background Thread 3 ] DEBUG Engine               - isUserProfileEnabled: false
22:34:24.679 [FXGL Background Thread 3 ] DEBUG Engine               - isWindows: false
22:34:24.682 [FXGL Background Thread 3 ] DEBUG Engine               - language: ObjectProperty [value: ENGLISH]
22:34:24.685 [FXGL Background Thread 3 ] DEBUG Engine               - menuKey: ESCAPE
22:34:24.686 [FXGL Background Thread 3 ] DEBUG Engine               - mouseSensitivity: 0.2
22:34:24.687 [FXGL Background Thread 3 ] DEBUG Engine               - notificationViewClass: class com.almasb.fxgl.notification.view.XboxNotificationView
22:34:24.688 [FXGL Background Thread 3 ] DEBUG Engine               - pixelsPerMeter: 50.0
22:34:24.689 [FXGL Background Thread 3 ] DEBUG Engine               - platform: MAC
22:34:24.690 [FXGL Background Thread 3 ] DEBUG Engine               - prefHeightProperty: ReadOnlyDoubleProperty [value: 840.0]
22:34:24.691 [FXGL Background Thread 3 ] DEBUG Engine               - prefWidthProperty: ReadOnlyDoubleProperty [value: 920.0]
22:34:24.692 [FXGL Background Thread 3 ] DEBUG Engine               - profileDir: profiles/
22:34:24.693 [FXGL Background Thread 3 ] DEBUG Engine               - profileName: StringProperty [value: DEFAULT]
22:34:24.694 [FXGL Background Thread 3 ] DEBUG Engine               - randomSeed: -1
22:34:24.695 [FXGL Background Thread 3 ] DEBUG Engine               - runtimeInfo: RuntimeInfo(platform=MAC, version=11.16, build=25.05.2021 08.16)
22:34:24.696 [FXGL Background Thread 3 ] DEBUG Engine               - saveFileExt: sav
22:34:24.697 [FXGL Background Thread 3 ] DEBUG Engine               - scaledHeightProp$fxgl: DoubleProperty [bound, value: 808.0]
22:34:24.698 [FXGL Background Thread 3 ] DEBUG Engine               - scaledWidthProp$fxgl: DoubleProperty [bound, value: 861.0]
22:34:24.700 [FXGL Background Thread 3 ] DEBUG Engine               - sceneFactory: com.almasb.fxgl.app.scene.SceneFactory@2042515c
22:34:24.702 [FXGL Background Thread 3 ] DEBUG Engine               - secondsIn24h: 60
22:34:24.703 [FXGL Background Thread 3 ] DEBUG Engine               - soundMenuBack: menu/back.wav
22:34:24.704 [FXGL Background Thread 3 ] DEBUG Engine               - soundMenuPress: menu/press.wav
22:34:24.705 [FXGL Background Thread 3 ] DEBUG Engine               - soundMenuSelect: menu/select.wav
22:34:24.706 [FXGL Background Thread 3 ] DEBUG Engine               - soundNotification: core/notification.wav
22:34:24.707 [FXGL Background Thread 3 ] DEBUG Engine               - stageStyle: DECORATED
22:34:24.708 [FXGL Background Thread 3 ] DEBUG Engine               - supportedLanguages: [ENGLISH, FRENCH, GERMAN, HUNGARIAN, RUSSIAN]
22:34:24.709 [FXGL Background Thread 3 ] DEBUG Engine               - ticksPerSecond: -1
22:34:24.710 [FXGL Background Thread 3 ] DEBUG Engine               - title: FXGL Pac-man
22:34:24.711 [FXGL Background Thread 3 ] DEBUG Engine               - urlGithub: https://github.com/AlmasB/FXGL
22:34:24.711 [FXGL Background Thread 3 ] DEBUG Engine               - urlLeaderboard: http://fxgl-top.herokuapp.com/
22:34:24.713 [FXGL Background Thread 3 ] DEBUG Engine               - urlPOM: https://raw.githubusercontent.com/AlmasB/FXGL/release/README.md
22:34:24.714 [FXGL Background Thread 3 ] DEBUG Engine               - userAppClass: class com.almasb.fxglgames.pacman.PacmanApp
22:34:24.715 [FXGL Background Thread 3 ] DEBUG Engine               - version: 1.0
22:34:24.716 [FXGL Background Thread 3 ] DEBUG Engine               - versionCheckDays: 7
22:34:24.717 [FXGL Background Thread 3 ] DEBUG Engine               - width: 920
22:34:24.719 [FXGL Background Thread 3 ] DEBUG Engine               - Logging services
22:34:24.720 [FXGL Background Thread 3 ] DEBUG Engine               - class com.almasb.fxgl.app.services.FXGLAssetLoaderService
22:34:24.722 [FXGL Background Thread 3 ] DEBUG Engine               - class com.almasb.fxgl.app.FXGLApplication$GameApplicationService
22:34:24.723 [FXGL Background Thread 3 ] DEBUG Engine               - class com.almasb.fxgl.app.services.FXGLDialogService
22:34:24.725 [FXGL Background Thread 3 ] DEBUG Engine               - class com.almasb.fxgl.app.services.IOTaskExecutorService
22:34:24.726 [FXGL Background Thread 3 ] DEBUG Engine               - class com.almasb.fxgl.io.FileSystemService
22:34:24.729 [FXGL Background Thread 3 ] DEBUG Engine               - class com.almasb.fxgl.localization.LocalizationService
22:34:24.730 [FXGL Background Thread 3 ] DEBUG Engine               - class com.almasb.fxgl.app.services.SystemBundleService
22:34:24.731 [FXGL Background Thread 3 ] DEBUG Engine               - class com.almasb.fxgl.profile.SaveLoadService
22:34:24.733 [FXGL Background Thread 3 ] DEBUG Engine               - class com.almasb.fxgl.ui.FXGLUIFactoryServiceProvider
22:34:24.733 [FXGL Background Thread 3 ] DEBUG Engine               - class com.almasb.fxgl.ui.FXGLDialogFactoryServiceProvider
22:34:24.734 [FXGL Background Thread 3 ] DEBUG Engine               - class com.almasb.fxgl.audio.AudioPlayer
22:34:24.735 [FXGL Background Thread 3 ] DEBUG Engine               - class com.almasb.fxgl.notification.impl.NotificationServiceProvider
22:34:24.736 [FXGL Background Thread 3 ] DEBUG Engine               - class com.almasb.fxgl.achievement.AchievementService
22:34:24.737 [FXGL Background Thread 3 ] DEBUG Engine               - class com.almasb.fxgl.cutscene.CutsceneService
22:34:24.739 [FXGL Background Thread 3 ] DEBUG Engine               - class com.almasb.fxgl.minigames.MiniGameService
22:34:24.740 [FXGL Background Thread 3 ] DEBUG Engine               - class com.almasb.fxgl.net.NetService
22:34:24.742 [FXGL Background Thread 3 ] DEBUG Engine               - class com.almasb.fxgl.app.services.UpdaterService
22:34:24.743 [FXGL Background Thread 3 ] DEBUG Engine               - class com.almasb.fxgl.dev.DevService
22:34:29.998 [JavaFX Application Thread] DEBUG GameApplicationServi - Starting new game
22:34:30.000 [JavaFX Application Thread] DEBUG Input                - Clearing active input actions
22:34:30.041 [JavaFX Application Thread] DEBUG GameApplicationServi - Removing overlay from GameScene and adding to FXGLLoadingScene
22:34:30.045 [JavaFX Application Thread] DEBUG PrimaryStageWindow   - GameScene -> FXGLLoadingScene
22:34:30.047 [JavaFX Application Thread] DEBUG GameApplicationServi - Clearing previous game
22:34:30.049 [JavaFX Application Thread] DEBUG GameScene            - Clearing game scene
22:34:30.050 [JavaFX Application Thread] DEBUG GameWorld            - Clearing game world
22:34:30.088 [JavaFX Application Thread] DEBUG PhysicsWorld         - Clearing physics world
22:34:30.092 [FXGL Background Thread 4 ] DEBUG FXGLApplication      - Initializing game
22:34:30.326 [FXGL Background Thread 4 ] DEBUG GameWorld            - Clearing removable entities
22:34:30.328 [FXGL Background Thread 4 ] DEBUG GameWorld            - Setting level: com.almasb.fxgl.entity.level.Level@5bb9d46b
22:34:30.374 [FXGL Background Thread 4 ] DEBUG FXGLAssetLoaderServi - Loading from file system: file:/Users/rima/git/FXGLGames/Pacman/target/classes/assets/ui/pacman_ui.fxml
22:34:30.393 [FXGL Background Thread 4 ] INFO  FXGLApplication      - Game initialization took: 0.301 sec
22:34:30.395 [JavaFX Application Thread] DEBUG Input                - Clearing active input actions
22:34:30.443 [JavaFX Application Thread] DEBUG GameApplicationServi - Removing overlay from FXGLLoadingScene and adding to GameScene
22:34:30.445 [JavaFX Application Thread] DEBUG PrimaryStageWindow   - FXGLLoadingScene -> GameScene
22:34:38.130 [JavaFX Application Thread] DEBUG GameApplicationServi - Starting new game
22:34:38.147 [JavaFX Application Thread] DEBUG Input                - Clearing active input actions
22:34:38.216 [JavaFX Application Thread] DEBUG GameApplicationServi - Removing overlay from GameScene and adding to FXGLLoadingScene
22:34:38.220 [JavaFX Application Thread] DEBUG PrimaryStageWindow   - GameScene -> FXGLLoadingScene
22:34:38.221 [JavaFX Application Thread] DEBUG GameApplicationServi - Clearing previous game
22:34:38.222 [JavaFX Application Thread] DEBUG GameScene            - Clearing game scene
22:34:38.223 [JavaFX Application Thread] DEBUG GameWorld            - Clearing game world
22:34:38.239 [JavaFX Application Thread] DEBUG PhysicsWorld         - Clearing physics world
22:34:38.247 [FXGL Background Thread 4 ] DEBUG FXGLApplication      - Initializing game
22:34:38.360 [FXGL Background Thread 4 ] DEBUG GameWorld            - Clearing removable entities
22:34:38.361 [FXGL Background Thread 4 ] DEBUG GameWorld            - Setting level: com.almasb.fxgl.entity.level.Level@7bca79cf
22:34:38.374 [FXGL Background Thread 4 ] DEBUG FXGLAssetLoaderServi - Loading from file system: file:/Users/rima/git/FXGLGames/Pacman/target/classes/assets/ui/pacman_ui.fxml
22:34:38.394 [FXGL Background Thread 4 ] INFO  FXGLApplication      - Game initialization took: 0.147 sec
22:34:38.397 [JavaFX Application Thread] DEBUG Input                - Clearing active input actions
22:34:38.422 [JavaFX Application Thread] DEBUG GameApplicationServi - Removing overlay from FXGLLoadingScene and adding to GameScene
22:34:38.424 [JavaFX Application Thread] DEBUG PrimaryStageWindow   - FXGLLoadingScene -> GameScene
22:34:46.164 [JavaFX Application Thread] DEBUG GameApplicationServi - Starting new game
22:34:46.178 [JavaFX Application Thread] DEBUG Input                - Clearing active input actions
22:34:46.219 [JavaFX Application Thread] DEBUG GameApplicationServi - Removing overlay from GameScene and adding to FXGLLoadingScene
22:34:46.223 [JavaFX Application Thread] DEBUG PrimaryStageWindow   - GameScene -> FXGLLoadingScene
22:34:46.224 [JavaFX Application Thread] DEBUG GameApplicationServi - Clearing previous game
22:34:46.225 [JavaFX Application Thread] DEBUG GameScene            - Clearing game scene
22:34:46.226 [JavaFX Application Thread] DEBUG GameWorld            - Clearing game world
22:34:46.238 [JavaFX Application Thread] DEBUG PhysicsWorld         - Clearing physics world
22:34:46.246 [FXGL Background Thread 4 ] DEBUG FXGLApplication      - Initializing game
22:34:46.320 [FXGL Background Thread 4 ] DEBUG GameWorld            - Clearing removable entities
22:34:46.321 [FXGL Background Thread 4 ] DEBUG GameWorld            - Setting level: com.almasb.fxgl.entity.level.Level@eab6cb2
22:34:46.330 [FXGL Background Thread 4 ] DEBUG FXGLAssetLoaderServi - Loading from file system: file:/Users/rima/git/FXGLGames/Pacman/target/classes/assets/ui/pacman_ui.fxml
22:34:46.344 [FXGL Background Thread 4 ] INFO  FXGLApplication      - Game initialization took: 0.098 sec
22:34:46.346 [JavaFX Application Thread] DEBUG Input                - Clearing active input actions
22:34:46.358 [JavaFX Application Thread] DEBUG GameApplicationServi - Removing overlay from FXGLLoadingScene and adding to GameScene
22:34:46.360 [JavaFX Application Thread] DEBUG PrimaryStageWindow   - FXGLLoadingScene -> GameScene
22:34:52.691 [JavaFX Application Thread] DEBUG LoopRunner           - Pausing loop
22:34:55.661 [JavaFX Application Thread] DEBUG LoopRunner           - Resuming loop
22:34:57.123 [JavaFX Application Thread] DEBUG FXGLApplication      - Exiting FXGL
22:34:57.125 [JavaFX Application Thread] DEBUG LoopRunner           - Stopping loop
22:34:57.126 [JavaFX Application Thread] DEBUG SystemBundleService  - Saving FXGL system data
22:34:57.129 [JavaFX Application Thread] DEBUG FileSystemAccess     - Writing to: /Users/rima/git/FXGLGames/Pacman/system/fxgl.bundle
22:34:57.139 [JavaFX Application Thread] DEBUG Async                - Shutting down background threads
22:34:57.141 [JavaFX Application Thread] DEBUG PrimaryStageWindow   - Closing main window
22:34:57.157 [JavaFX Application Thread] DEBUG Logger               - Closing Logger
