22:37:31.720 [main                     ] DEBUG Logger               - Configured Logger
22:37:31.743 [main                     ] DEBUG GameApplication      - Logging settings
Title: FXGL Pac-man
Version: 1.0
Width: 920
Height: 840
Fullscreen: false
Intro: false
Profiling: false
Single step:false
App Mode: DEVELOPER
Menu Key: ESCAPE
Stage Style: DECORATED
Scene Factory: class com.almasb.fxgl.app.scene.SceneFactory

22:37:32.081 [JavaFX Application Thread] DEBUG FXGLApplication      - Initializing FXGL
22:37:32.083 [JavaFX Application Thread] INFO  Engine               - FXGL-11.16 (25.05.2021 08.16) on MAC (J:15.0.2 FX:16)
22:37:32.084 [JavaFX Application Thread] DEBUG Engine               - JRE Vendor Name: Oracle Corporation
22:37:32.084 [JavaFX Application Thread] DEBUG Engine               - Running on OS: Mac OS X version 10.16
22:37:32.084 [JavaFX Application Thread] DEBUG Engine               - Architecture: x86_64
22:37:32.084 [JavaFX Application Thread] INFO  Engine               - Source code and latest versions at: https://github.com/AlmasB/FXGL
22:37:32.084 [JavaFX Application Thread] INFO  Engine               -              Join the FXGL chat at: https://gitter.im/AlmasB/FXGL
22:37:32.154 [JavaFX Application Thread] DEBUG PrimaryStageWindow   - Creating a JavaFX scene
22:37:32.155 [JavaFX Application Thread] DEBUG PrimaryStageWindow   - Target size > screen size
22:37:32.192 [JavaFX Application Thread] DEBUG PrimaryStageWindow   - Target settings size: 920.0 x 840.0
22:37:32.193 [JavaFX Application Thread] DEBUG PrimaryStageWindow   - Scaled scene size:    865.0 x 812.0
22:37:32.194 [JavaFX Application Thread] DEBUG PrimaryStageWindow   - Scaled ratio: (0.9402173913043478, 0.9666666666666667)
22:37:32.195 [JavaFX Application Thread] DEBUG PrimaryStageWindow   - Set initial scene to FXGLStartupScene
22:37:32.202 [JavaFX Application Thread] DEBUG PrimaryStageWindow   - Opening main window
22:37:32.265 [JavaFX Application Thread] DEBUG PrimaryStageWindow   - Window border size: (0.0, 1.0)
22:37:32.265 [JavaFX Application Thread] DEBUG PrimaryStageWindow   - Scaled size: 865.0 x 812.0
22:37:32.266 [JavaFX Application Thread] DEBUG PrimaryStageWindow   - Scaled ratio: (0.9402173913043478, 0.9402173913043478)
22:37:32.266 [JavaFX Application Thread] DEBUG PrimaryStageWindow   - Scene size: 865.0 x 812.0
22:37:32.266 [JavaFX Application Thread] DEBUG PrimaryStageWindow   - Stage size: 865.0 x 813.0
22:37:32.270 [FXGL Background Thread 1 ] DEBUG Engine               - Initializing environment variables
22:37:32.327 [FXGL Background Thread 1 ] DEBUG FXGLAssetLoaderServi - User app class for loading assets: class com.almasb.fxglgames.pacman.PacmanApp
22:37:32.328 [FXGL Background Thread 1 ] DEBUG GameApplicationServi - Applying CSS: fxgl_dark.css
22:37:32.333 [FXGL Background Thread 1 ] DEBUG FXGLAssetLoaderServi - Loading from file system: jar:file:///Users/rima/.m2/repository/com/github/almasb/fxgl/11.16/fxgl-11.16.jar!/fxglassets/ui/css/fxgl_dark.css
22:37:32.463 [FXGL Background Thread 1 ] DEBUG GameApplicationServi - Initializing application scenes
22:37:32.606 [FXGL Background Thread 1 ] DEBUG GameWorld            - Game world initialized
22:37:32.641 [FXGL Background Thread 1 ] DEBUG PhysicsWorld         - Physics world initialized: appHeight=840, physics.ppm=50.0
22:37:32.644 [FXGL Background Thread 1 ] DEBUG PhysicsWorld         - Using strategy: BRUTE_FORCE
22:37:32.652 [FXGL Background Thread 1 ] DEBUG GameScene            - Game scene initialized: 920x840
22:37:32.662 [FXGL Background Thread 1 ] DEBUG FXGL.DefaultMenu     - createMenuBodyGameMenu()
22:37:32.673 [FXGL Background Thread 1 ] DEBUG FXGL.DefaultMenu     - createOptionsMenu()
22:37:32.682 [FXGL Background Thread 1 ] DEBUG FXGLAssetLoaderServi - Loading from file system: jar:file:///Users/rima/.m2/repository/com/github/almasb/fxgl/11.16/fxgl-11.16.jar!/fxglassets/textures/particles/smoke.png
22:37:32.807 [FXGL Background Thread 1 ] DEBUG FXGLAssetLoaderServi - Loading from file system: jar:file:///Users/rima/.m2/repository/com/github/almasb/fxgl/11.16/fxgl-11.16.jar!/fxglassets/textures/particles/trace_horizontal.png
22:37:32.834 [FXGL Background Thread 1 ] DEBUG GameApplicationServi - Application scenes initialized
22:37:32.843 [FXGL Background Thread 1 ] DEBUG SystemBundleService  - Loading FXGL system data
22:37:32.851 [FXGL Background Thread 1 ] DEBUG FileSystemAccess     - Reading from: /Users/rima/git/FXGLGames/Pacman/system/fxgl.bundle
22:37:32.859 [FXGL Background Thread 1 ] DEBUG SystemBundleService  - Bundle FXGL: {}
22:37:32.861 [FXGL Background Thread 1 ] DEBUG UpdaterService       - Checking for updates
22:37:32.866 [FXGL Background Thread 4 ] DEBUG FXGLApplication      - Loading fonts
22:37:32.872 [FXGL Background Thread 1 ] DEBUG FXGLApplication      - Loading default localization
22:37:32.872 [FXGL Background Thread 4 ] DEBUG FXGLAssetLoaderServi - Loading from file system: jar:file:///Users/rima/.m2/repository/com/github/almasb/fxgl/11.16/fxgl-11.16.jar!/fxglassets/ui/fonts/VarelaRound-Regular.ttf
22:37:32.875 [FXGL Background Thread 1 ] DEBUG FXGLAssetLoaderServi - Loading from file system: jar:file:///Users/rima/.m2/repository/com/github/almasb/fxgl/11.16/fxgl-11.16.jar!/fxglassets/languages/english.lang
22:37:32.910 [FXGL Background Thread 1 ] INFO  FXGLApplication      - FXGL initialization took: 0.635 sec
22:37:32.910 [FXGL Background Thread 4 ] DEBUG FXGLAssetLoaderServi - Loading from file system: jar:file:///Users/rima/.m2/repository/com/github/almasb/fxgl/11.16/fxgl-11.16.jar!/fxglassets/ui/fonts/Abel-Regular.ttf
22:37:32.919 [FXGL Background Thread 4 ] DEBUG FXGLAssetLoaderServi - Loading from file system: jar:file:///Users/rima/.m2/repository/com/github/almasb/fxgl/11.16/fxgl-11.16.jar!/fxglassets/ui/fonts/lucida_console.ttf
22:37:32.925 [JavaFX Application Thread] DEBUG Input                - Registered new binding: Up - W
22:37:32.928 [JavaFX Application Thread] DEBUG Input                - Registered new binding: Down - S
22:37:32.930 [FXGL Background Thread 4 ] DEBUG FXGLAssetLoaderServi - Loading from file system: jar:file:///Users/rima/.m2/repository/com/github/almasb/fxgl/11.16/fxgl-11.16.jar!/fxglassets/ui/fonts/Courier-Prime.ttf
22:37:32.930 [JavaFX Application Thread] DEBUG Input                - Registered new binding: Left - A
22:37:32.934 [JavaFX Application Thread] DEBUG Input                - Registered new binding: Right - D
22:37:32.937 [JavaFX Application Thread] DEBUG FXGLAssetLoaderServi - Loading from file system: jar:file:///Users/rima/.m2/repository/com/github/almasb/fxgl/11.16/fxgl-11.16.jar!/fxglassets/textures/fxgl_icon.png
22:37:32.979 [JavaFX Application Thread] DEBUG FXGLAssetLoaderServi - Loading from file system: jar:file:///Users/rima/.m2/repository/com/github/almasb/fxgl/11.16/fxgl-11.16.jar!/fxglassets/textures/fxgl_default_cursor.png
22:37:32.988 [JavaFX Application Thread] DEBUG Input                - Registered new binding: Screenshot - CTRL+8
22:37:32.992 [JavaFX Application Thread] DEBUG Input                - Registered new binding: System info dump - CTRL+9
22:37:32.996 [JavaFX Application Thread] DEBUG Input                - Registered new binding: Restart - CTRL+R
22:37:33.000 [JavaFX Application Thread] DEBUG Input                - Registered new binding: Toggle Debug Camera - CTRL+C
22:37:33.005 [JavaFX Application Thread] DEBUG LoopRunner           - Starting loop
22:37:33.007 [JavaFX Application Thread] DEBUG LoopRunner           - Initializing JavaFX AnimationTimerLoop
22:37:33.009 [JavaFX Application Thread] DEBUG GameApplicationServi - Starting new game
22:37:33.014 [JavaFX Application Thread] DEBUG Input                - Clearing active input actions
22:37:33.068 [JavaFX Application Thread] DEBUG GameApplicationServi - Removing overlay from FXGLStartupScene and adding to FXGLLoadingScene
22:37:33.074 [JavaFX Application Thread] DEBUG PrimaryStageWindow   - FXGLStartupScene -> FXGLLoadingScene
22:37:33.076 [JavaFX Application Thread] DEBUG GameApplicationServi - Clearing previous game
22:37:33.079 [JavaFX Application Thread] DEBUG GameScene            - Clearing game scene
22:37:33.082 [JavaFX Application Thread] DEBUG GameWorld            - Clearing game world
22:37:33.085 [JavaFX Application Thread] DEBUG PhysicsWorld         - Clearing physics world
22:37:33.088 [FXGL Background Thread 4 ] DEBUG FXGLApplication      - Initializing game
22:37:33.132 [JavaFX Application Thread] DEBUG FXGLApplication      - Registering font factories with UI factory
22:37:33.198 [FXGL Background Thread 4 ] DEBUG FXGLAssetLoaderServi - Loading from file system: file:/Users/rima/git/FXGLGames/Pacman/target/classes/assets/textures/coin.png
22:37:33.633 [FXGL Background Thread 4 ] DEBUG FXGLAssetLoaderServi - Loading from file system: file:/Users/rima/git/FXGLGames/Pacman/target/classes/assets/textures/spritesheet.png
22:37:34.001 [FXGL Background Thread 4 ] DEBUG FXGLAssetLoaderServi - Loading from file system: file:/Users/rima/git/FXGLGames/Pacman/target/classes/assets/textures/player.png
22:37:34.135 [FXGL Background Thread 2 ] INFO  UpdaterService       - Your current version:  11.16
22:37:34.139 [FXGL Background Thread 4 ] DEBUG GameWorld            - Clearing removable entities
22:37:34.147 [FXGL Background Thread 2 ] INFO  UpdaterService       - Latest stable version: 11.17
22:37:34.148 [FXGL Background Thread 4 ] DEBUG GameWorld            - Setting level: com.almasb.fxgl.entity.level.Level@4c9118ef
22:37:34.239 [FXGL Background Thread 4 ] DEBUG FXGLAssetLoaderServi - Loading from file system: file:/Users/rima/git/FXGLGames/Pacman/target/classes/assets/ui/pacman_ui.fxml
22:37:34.358 [FXGL Background Thread 4 ] INFO  FXGLApplication      - Game initialization took: 1.268 sec
22:37:34.362 [JavaFX Application Thread] DEBUG Input                - Clearing active input actions
22:37:34.420 [JavaFX Application Thread] DEBUG GameApplicationServi - Removing overlay from FXGLLoadingScene and adding to GameScene
22:37:34.424 [JavaFX Application Thread] DEBUG PrimaryStageWindow   - FXGLLoadingScene -> GameScene
22:37:35.867 [FXGL Background Thread 3 ] DEBUG Engine               - Logging environment variables
22:37:35.870 [FXGL Background Thread 3 ] DEBUG Engine               - achievements: []
22:37:35.874 [FXGL Background Thread 3 ] DEBUG Engine               - actualHeight: 812.0
22:37:35.876 [FXGL Background Thread 3 ] DEBUG Engine               - actualHeightProperty: ReadOnlyDoubleProperty [value: 812.0]
22:37:35.878 [FXGL Background Thread 3 ] DEBUG Engine               - actualWidth: 865.0
22:37:35.880 [FXGL Background Thread 3 ] DEBUG Engine               - actualWidthProperty: ReadOnlyDoubleProperty [value: 865.0]
22:37:35.881 [FXGL Background Thread 3 ] DEBUG Engine               - appIcon: fxgl_icon.png
22:37:35.883 [FXGL Background Thread 3 ] DEBUG Engine               - applicationMode: DEVELOPER
22:37:35.884 [FXGL Background Thread 3 ] DEBUG Engine               - cSSList: [fxgl_dark.css]
22:37:35.885 [FXGL Background Thread 3 ] DEBUG Engine               - collisionDetectionStrategy: BRUTE_FORCE
22:37:35.886 [FXGL Background Thread 3 ] DEBUG Engine               - configClass: Optional.empty
22:37:35.887 [FXGL Background Thread 3 ] DEBUG Engine               - credits: []
22:37:35.889 [FXGL Background Thread 3 ] DEBUG Engine               - defaultCursor: CursorInfo(imageName=fxgl_default_cursor.png, hotspotX=7.0, hotspotY=6.0)
22:37:35.895 [FXGL Background Thread 3 ] DEBUG Engine               - devBBoxColorProperty: ObjectProperty [value: 0xff0000ff]
22:37:35.897 [FXGL Background Thread 3 ] DEBUG Engine               - devEnableDebugCameraProperty: BooleanProperty [value: false]
22:37:35.903 [FXGL Background Thread 3 ] DEBUG Engine               - devSensorColorProperty: ObjectProperty [value: 0xffff00ff]
22:37:35.906 [FXGL Background Thread 3 ] DEBUG Engine               - devShowBBoxProperty: BooleanProperty [value: false]
22:37:35.909 [FXGL Background Thread 3 ] DEBUG Engine               - devShowPositionProperty: BooleanProperty [value: false]
22:37:35.912 [FXGL Background Thread 3 ] DEBUG Engine               - enabledMenuItems: []
22:37:35.913 [FXGL Background Thread 3 ] DEBUG Engine               - engineServices: [class com.almasb.fxgl.app.services.FXGLAssetLoaderService, class com.almasb.fxgl.app.FXGLApplication$GameApplicationService, class com.almasb.fxgl.app.services.FXGLDialogService, class com.almasb.fxgl.app.services.IOTaskExecutorService, class com.almasb.fxgl.io.FileSystemService, class com.almasb.fxgl.localization.LocalizationService, class com.almasb.fxgl.app.services.SystemBundleService, class com.almasb.fxgl.profile.SaveLoadService, class com.almasb.fxgl.ui.FXGLUIFactoryServiceProvider, class com.almasb.fxgl.ui.FXGLDialogFactoryServiceProvider, class com.almasb.fxgl.audio.AudioPlayer, class com.almasb.fxgl.notification.impl.NotificationServiceProvider, class com.almasb.fxgl.achievement.AchievementService, class com.almasb.fxgl.cutscene.CutsceneService, class com.almasb.fxgl.minigames.MiniGameService, class com.almasb.fxgl.net.NetService, class com.almasb.fxgl.app.services.UpdaterService, class com.almasb.fxgl.dev.DevService]
22:37:35.915 [FXGL Background Thread 3 ] DEBUG Engine               - fontGame: Abel-Regular.ttf
22:37:35.916 [FXGL Background Thread 3 ] DEBUG Engine               - fontMono: lucida_console.ttf
22:37:35.917 [FXGL Background Thread 3 ] DEBUG Engine               - fontText: Courier-Prime.ttf
22:37:35.918 [FXGL Background Thread 3 ] DEBUG Engine               - fontUI: VarelaRound-Regular.ttf
22:37:35.920 [FXGL Background Thread 3 ] DEBUG Engine               - fullScreen: BooleanProperty [value: false]
22:37:35.921 [FXGL Background Thread 3 ] DEBUG Engine               - gameDifficulty: MEDIUM
22:37:35.923 [FXGL Background Thread 3 ] DEBUG Engine               - gameDifficultyProperty: ObjectProperty [value: MEDIUM]
22:37:35.926 [FXGL Background Thread 3 ] DEBUG Engine               - globalMusicVolume: 0.5
22:37:35.929 [FXGL Background Thread 3 ] DEBUG Engine               - globalMusicVolumeProperty: DoubleProperty [value: 0.5]
22:37:35.934 [FXGL Background Thread 3 ] DEBUG Engine               - globalSoundVolume: 0.5
22:37:35.936 [FXGL Background Thread 3 ] DEBUG Engine               - globalSoundVolumeProperty: DoubleProperty [value: 0.5]
22:37:35.937 [FXGL Background Thread 3 ] DEBUG Engine               - height: 840
22:37:35.938 [FXGL Background Thread 3 ] DEBUG Engine               - is3D: false
22:37:35.939 [FXGL Background Thread 3 ] DEBUG Engine               - isAndroid: false
22:37:35.941 [FXGL Background Thread 3 ] DEBUG Engine               - isBrowser: false
22:37:35.942 [FXGL Background Thread 3 ] DEBUG Engine               - isClickFeedbackEnabled: false
22:37:35.943 [FXGL Background Thread 3 ] DEBUG Engine               - isCloseConfirmation: false
22:37:35.944 [FXGL Background Thread 3 ] DEBUG Engine               - isDesktop: true
22:37:35.946 [FXGL Background Thread 3 ] DEBUG Engine               - isDeveloperMenuEnabled: false
22:37:35.947 [FXGL Background Thread 3 ] DEBUG Engine               - isEntityPreloadEnabled: true
22:37:35.948 [FXGL Background Thread 3 ] DEBUG Engine               - isExperimentalTiledLargeMap: false
22:37:35.949 [FXGL Background Thread 3 ] DEBUG Engine               - isFileSystemWriteAllowed: true
22:37:35.950 [FXGL Background Thread 3 ] DEBUG Engine               - isFullScreenAllowed: false
22:37:35.951 [FXGL Background Thread 3 ] DEBUG Engine               - isFullScreenFromStart: false
22:37:35.951 [FXGL Background Thread 3 ] DEBUG Engine               - isGameMenuEnabled: true
22:37:35.953 [FXGL Background Thread 3 ] DEBUG Engine               - isIOS: false
22:37:35.955 [FXGL Background Thread 3 ] DEBUG Engine               - isIntroEnabled: false
22:37:35.956 [FXGL Background Thread 3 ] DEBUG Engine               - isLinux: false
22:37:35.958 [FXGL Background Thread 3 ] DEBUG Engine               - isMac: true
22:37:35.959 [FXGL Background Thread 3 ] DEBUG Engine               - isMainMenuEnabled: false
22:37:35.960 [FXGL Background Thread 3 ] DEBUG Engine               - isManualResizeEnabled: true
22:37:35.961 [FXGL Background Thread 3 ] DEBUG Engine               - isMobile: false
22:37:35.962 [FXGL Background Thread 3 ] DEBUG Engine               - isNative: false
22:37:35.963 [FXGL Background Thread 3 ] DEBUG Engine               - isPreserveResizeRatio: true
22:37:35.964 [FXGL Background Thread 3 ] DEBUG Engine               - isProfilingEnabled: false
22:37:35.965 [FXGL Background Thread 3 ] DEBUG Engine               - isScaleAffectedOnResize: true
22:37:35.966 [FXGL Background Thread 3 ] DEBUG Engine               - isSingleStep: false
22:37:35.968 [FXGL Background Thread 3 ] DEBUG Engine               - isUserProfileEnabled: false
22:37:35.969 [FXGL Background Thread 3 ] DEBUG Engine               - isWindows: false
22:37:35.970 [FXGL Background Thread 3 ] DEBUG Engine               - language: ObjectProperty [value: ENGLISH]
22:37:35.971 [FXGL Background Thread 3 ] DEBUG Engine               - menuKey: ESCAPE
22:37:35.975 [FXGL Background Thread 3 ] DEBUG Engine               - mouseSensitivity: 0.2
22:37:35.977 [FXGL Background Thread 3 ] DEBUG Engine               - notificationViewClass: class com.almasb.fxgl.notification.view.XboxNotificationView
22:37:35.978 [FXGL Background Thread 3 ] DEBUG Engine               - pixelsPerMeter: 50.0
22:37:35.979 [FXGL Background Thread 3 ] DEBUG Engine               - platform: MAC
22:37:35.980 [FXGL Background Thread 3 ] DEBUG Engine               - prefHeightProperty: ReadOnlyDoubleProperty [value: 840.0]
22:37:35.981 [FXGL Background Thread 3 ] DEBUG Engine               - prefWidthProperty: ReadOnlyDoubleProperty [value: 920.0]
22:37:35.982 [FXGL Background Thread 3 ] DEBUG Engine               - profileDir: profiles/
22:37:35.983 [FXGL Background Thread 3 ] DEBUG Engine               - profileName: StringProperty [value: DEFAULT]
22:37:35.984 [FXGL Background Thread 3 ] DEBUG Engine               - randomSeed: -1
22:37:35.985 [FXGL Background Thread 3 ] DEBUG Engine               - runtimeInfo: RuntimeInfo(platform=MAC, version=11.16, build=25.05.2021 08.16)
22:37:35.986 [FXGL Background Thread 3 ] DEBUG Engine               - saveFileExt: sav
22:37:35.988 [FXGL Background Thread 3 ] DEBUG Engine               - scaledHeightProp$fxgl: DoubleProperty [bound, value: 812.0]
22:37:35.990 [FXGL Background Thread 3 ] DEBUG Engine               - scaledWidthProp$fxgl: DoubleProperty [bound, value: 865.0]
22:37:35.993 [FXGL Background Thread 3 ] DEBUG Engine               - sceneFactory: com.almasb.fxgl.app.scene.SceneFactory@3fea3af3
22:37:35.994 [FXGL Background Thread 3 ] DEBUG Engine               - secondsIn24h: 60
22:37:35.996 [FXGL Background Thread 3 ] DEBUG Engine               - soundMenuBack: menu/back.wav
22:37:35.998 [FXGL Background Thread 3 ] DEBUG Engine               - soundMenuPress: menu/press.wav
22:37:35.999 [FXGL Background Thread 3 ] DEBUG Engine               - soundMenuSelect: menu/select.wav
22:37:36.000 [FXGL Background Thread 3 ] DEBUG Engine               - soundNotification: core/notification.wav
22:37:36.001 [FXGL Background Thread 3 ] DEBUG Engine               - stageStyle: DECORATED
22:37:36.002 [FXGL Background Thread 3 ] DEBUG Engine               - supportedLanguages: [ENGLISH, FRENCH, GERMAN, HUNGARIAN, RUSSIAN]
22:37:36.003 [FXGL Background Thread 3 ] DEBUG Engine               - ticksPerSecond: -1
22:37:36.003 [FXGL Background Thread 3 ] DEBUG Engine               - title: FXGL Pac-man
22:37:36.005 [FXGL Background Thread 3 ] DEBUG Engine               - urlGithub: https://github.com/AlmasB/FXGL
22:37:36.006 [FXGL Background Thread 3 ] DEBUG Engine               - urlLeaderboard: http://fxgl-top.herokuapp.com/
22:37:36.008 [FXGL Background Thread 3 ] DEBUG Engine               - urlPOM: https://raw.githubusercontent.com/AlmasB/FXGL/release/README.md
22:37:36.010 [FXGL Background Thread 3 ] DEBUG Engine               - userAppClass: class com.almasb.fxglgames.pacman.PacmanApp
22:37:36.011 [FXGL Background Thread 3 ] DEBUG Engine               - version: 1.0
22:37:36.012 [FXGL Background Thread 3 ] DEBUG Engine               - versionCheckDays: 7
22:37:36.013 [FXGL Background Thread 3 ] DEBUG Engine               - width: 920
22:37:36.015 [FXGL Background Thread 3 ] DEBUG Engine               - Logging services
22:37:36.018 [FXGL Background Thread 3 ] DEBUG Engine               - class com.almasb.fxgl.app.services.FXGLAssetLoaderService
22:37:36.020 [FXGL Background Thread 3 ] DEBUG Engine               - class com.almasb.fxgl.app.FXGLApplication$GameApplicationService
22:37:36.021 [FXGL Background Thread 3 ] DEBUG Engine               - class com.almasb.fxgl.app.services.FXGLDialogService
22:37:36.025 [FXGL Background Thread 3 ] DEBUG Engine               - class com.almasb.fxgl.app.services.IOTaskExecutorService
22:37:36.027 [FXGL Background Thread 3 ] DEBUG Engine               - class com.almasb.fxgl.io.FileSystemService
22:37:36.028 [FXGL Background Thread 3 ] DEBUG Engine               - class com.almasb.fxgl.localization.LocalizationService
22:37:36.029 [FXGL Background Thread 3 ] DEBUG Engine               - class com.almasb.fxgl.app.services.SystemBundleService
22:37:36.030 [FXGL Background Thread 3 ] DEBUG Engine               - class com.almasb.fxgl.profile.SaveLoadService
22:37:36.031 [FXGL Background Thread 3 ] DEBUG Engine               - class com.almasb.fxgl.ui.FXGLUIFactoryServiceProvider
22:37:36.032 [FXGL Background Thread 3 ] DEBUG Engine               - class com.almasb.fxgl.ui.FXGLDialogFactoryServiceProvider
22:37:36.033 [FXGL Background Thread 3 ] DEBUG Engine               - class com.almasb.fxgl.audio.AudioPlayer
22:37:36.033 [FXGL Background Thread 3 ] DEBUG Engine               - class com.almasb.fxgl.notification.impl.NotificationServiceProvider
22:37:36.034 [FXGL Background Thread 3 ] DEBUG Engine               - class com.almasb.fxgl.achievement.AchievementService
22:37:36.035 [FXGL Background Thread 3 ] DEBUG Engine               - class com.almasb.fxgl.cutscene.CutsceneService
22:37:36.036 [FXGL Background Thread 3 ] DEBUG Engine               - class com.almasb.fxgl.minigames.MiniGameService
22:37:36.037 [FXGL Background Thread 3 ] DEBUG Engine               - class com.almasb.fxgl.net.NetService
22:37:36.043 [FXGL Background Thread 3 ] DEBUG Engine               - class com.almasb.fxgl.app.services.UpdaterService
22:37:36.047 [FXGL Background Thread 3 ] DEBUG Engine               - class com.almasb.fxgl.dev.DevService
22:37:41.608 [JavaFX Application Thread] DEBUG GameApplicationServi - Starting new game
22:37:41.613 [JavaFX Application Thread] DEBUG Input                - Clearing active input actions
22:37:41.698 [JavaFX Application Thread] DEBUG GameApplicationServi - Removing overlay from GameScene and adding to FXGLLoadingScene
22:37:41.703 [JavaFX Application Thread] DEBUG PrimaryStageWindow   - GameScene -> FXGLLoadingScene
22:37:41.704 [JavaFX Application Thread] DEBUG GameApplicationServi - Clearing previous game
22:37:41.705 [JavaFX Application Thread] DEBUG GameScene            - Clearing game scene
22:37:41.705 [JavaFX Application Thread] DEBUG GameWorld            - Clearing game world
22:37:41.751 [JavaFX Application Thread] DEBUG PhysicsWorld         - Clearing physics world
22:37:41.756 [FXGL Background Thread 4 ] DEBUG FXGLApplication      - Initializing game
22:37:42.002 [FXGL Background Thread 4 ] DEBUG GameWorld            - Clearing removable entities
22:37:42.004 [FXGL Background Thread 4 ] DEBUG GameWorld            - Setting level: com.almasb.fxgl.entity.level.Level@4587ce5e
22:37:42.034 [FXGL Background Thread 4 ] DEBUG FXGLAssetLoaderServi - Loading from file system: file:/Users/rima/git/FXGLGames/Pacman/target/classes/assets/ui/pacman_ui.fxml
22:37:42.049 [FXGL Background Thread 4 ] INFO  FXGLApplication      - Game initialization took: 0.292 sec
22:37:42.051 [JavaFX Application Thread] DEBUG Input                - Clearing active input actions
22:37:42.078 [JavaFX Application Thread] DEBUG GameApplicationServi - Removing overlay from FXGLLoadingScene and adding to GameScene
22:37:42.082 [JavaFX Application Thread] DEBUG PrimaryStageWindow   - FXGLLoadingScene -> GameScene
22:37:49.672 [JavaFX Application Thread] DEBUG GameApplicationServi - Starting new game
22:37:49.676 [JavaFX Application Thread] DEBUG Input                - Clearing active input actions
22:37:49.706 [JavaFX Application Thread] DEBUG GameApplicationServi - Removing overlay from GameScene and adding to FXGLLoadingScene
22:37:49.708 [JavaFX Application Thread] DEBUG PrimaryStageWindow   - GameScene -> FXGLLoadingScene
22:37:49.709 [JavaFX Application Thread] DEBUG GameApplicationServi - Clearing previous game
22:37:49.710 [JavaFX Application Thread] DEBUG GameScene            - Clearing game scene
22:37:49.711 [JavaFX Application Thread] DEBUG GameWorld            - Clearing game world
22:37:49.723 [JavaFX Application Thread] DEBUG PhysicsWorld         - Clearing physics world
22:37:49.726 [FXGL Background Thread 4 ] DEBUG FXGLApplication      - Initializing game
22:37:49.793 [FXGL Background Thread 4 ] DEBUG GameWorld            - Clearing removable entities
22:37:49.795 [FXGL Background Thread 4 ] DEBUG GameWorld            - Setting level: com.almasb.fxgl.entity.level.Level@2bb09d69
22:37:49.810 [FXGL Background Thread 4 ] DEBUG FXGLAssetLoaderServi - Loading from file system: file:/Users/rima/git/FXGLGames/Pacman/target/classes/assets/ui/pacman_ui.fxml
22:37:49.833 [FXGL Background Thread 4 ] INFO  FXGLApplication      - Game initialization took: 0.107 sec
22:37:49.835 [JavaFX Application Thread] DEBUG Input                - Clearing active input actions
22:37:49.854 [JavaFX Application Thread] DEBUG GameApplicationServi - Removing overlay from FXGLLoadingScene and adding to GameScene
22:37:49.856 [JavaFX Application Thread] DEBUG PrimaryStageWindow   - FXGLLoadingScene -> GameScene
22:37:50.084 [JavaFX Application Thread] DEBUG FXGLApplication      - Exiting FXGL
22:37:50.085 [JavaFX Application Thread] DEBUG LoopRunner           - Stopping loop
22:37:50.086 [JavaFX Application Thread] DEBUG SystemBundleService  - Saving FXGL system data
22:37:50.090 [JavaFX Application Thread] DEBUG FileSystemAccess     - Writing to: /Users/rima/git/FXGLGames/Pacman/system/fxgl.bundle
22:37:50.093 [JavaFX Application Thread] DEBUG Async                - Shutting down background threads
22:37:50.097 [JavaFX Application Thread] DEBUG PrimaryStageWindow   - Closing main window
22:37:50.122 [JavaFX Application Thread] DEBUG Logger               - Closing Logger
