17:26:46.398 [main                     ] DEBUG Logger               - Configured Logger
17:26:46.405 [main                     ] DEBUG GameApplication      - Logging settings
Title: FXGL Pac-man
Version: 1.0
Width: 920
Height: 840
Fullscreen: false
Intro: false
Profiling: false
Single step:false
App Mode: DEVELOPER
Menu Key: ESCAPE
Stage Style: DECORATED
Scene Factory: class com.almasb.fxgl.app.scene.SceneFactory

17:26:47.566 [JavaFX Application Thread] DEBUG FXGLApplication      - Initializing FXGL
17:26:47.572 [JavaFX Application Thread] INFO  Engine               - FXGL-11.16 (25.05.2021 08.16) on WINDOWS (J:17 FX:16)
17:26:47.573 [JavaFX Application Thread] DEBUG Engine               - JRE Vendor Name: Eclipse Adoptium
17:26:47.573 [JavaFX Application Thread] DEBUG Engine               - Running on OS: Windows 10 version 10.0
17:26:47.573 [JavaFX Application Thread] DEBUG Engine               - Architecture: amd64
17:26:47.573 [JavaFX Application Thread] INFO  Engine               - Source code and latest versions at: https://github.com/AlmasB/FXGL
17:26:47.574 [JavaFX Application Thread] INFO  Engine               -              Join the FXGL chat at: https://gitter.im/AlmasB/FXGL
17:26:47.900 [JavaFX Application Thread] DEBUG PrimaryStageWindow   - Creating a JavaFX scene
17:26:47.900 [JavaFX Application Thread] DEBUG PrimaryStageWindow   - Target size > screen size
17:26:48.033 [JavaFX Application Thread] DEBUG PrimaryStageWindow   - Target settings size: 920.0 x 840.0
17:26:48.033 [JavaFX Application Thread] DEBUG PrimaryStageWindow   - Scaled scene size:    719.0 x 679.0
17:26:48.033 [JavaFX Application Thread] DEBUG PrimaryStageWindow   - Scaled ratio: (0.7815217391304348, 0.8083333333333333)
17:26:48.034 [JavaFX Application Thread] DEBUG PrimaryStageWindow   - Set initial scene to FXGLStartupScene
17:26:48.051 [JavaFX Application Thread] DEBUG PrimaryStageWindow   - Opening main window
17:26:48.186 [JavaFX Application Thread] DEBUG PrimaryStageWindow   - Window border size: (15.0, 37.66668701171875)
17:26:48.186 [JavaFX Application Thread] DEBUG PrimaryStageWindow   - Scaled size: 719.0 x 679.0
17:26:48.186 [JavaFX Application Thread] DEBUG PrimaryStageWindow   - Scaled ratio: (0.7815217391304348, 0.7815217391304348)
17:26:48.186 [JavaFX Application Thread] DEBUG PrimaryStageWindow   - Scene size: 719.0 x 679.0
17:26:48.187 [JavaFX Application Thread] DEBUG PrimaryStageWindow   - Stage size: 734.0 x 716.6666870117188
17:26:48.198 [FXGL Background Thread 1 ] DEBUG Engine               - Initializing environment variables
17:26:48.251 [FXGL Background Thread 1 ] DEBUG FXGLAssetLoaderServi - User app class for loading assets: class com.almasb.fxglgames.pacman.PacmanApp
17:26:48.252 [FXGL Background Thread 1 ] DEBUG GameApplicationServi - Applying CSS: fxgl_dark.css
17:26:48.252 [FXGL Background Thread 1 ] DEBUG FXGLAssetLoaderServi - Loading from file system: jar:file:///C:/Users/fatme/.m2/repository/com/github/almasb/fxgl/11.16/fxgl-11.16.jar!/fxglassets/ui/css/fxgl_dark.css
17:26:48.342 [FXGL Background Thread 1 ] DEBUG GameApplicationServi - Initializing application scenes
17:26:48.422 [FXGL Background Thread 1 ] DEBUG GameWorld            - Game world initialized
17:26:48.549 [FXGL Background Thread 1 ] DEBUG PhysicsWorld         - Physics world initialized: appHeight=840, physics.ppm=50.0
17:26:48.549 [FXGL Background Thread 1 ] DEBUG PhysicsWorld         - Using strategy: BRUTE_FORCE
17:26:48.553 [FXGL Background Thread 1 ] DEBUG GameScene            - Game scene initialized: 920x840
17:26:48.574 [FXGL Background Thread 1 ] DEBUG FXGL.DefaultMenu     - createMenuBodyGameMenu()
17:26:48.603 [FXGL Background Thread 1 ] DEBUG FXGL.DefaultMenu     - createOptionsMenu()
17:26:48.616 [FXGL Background Thread 1 ] DEBUG FXGLAssetLoaderServi - Loading from file system: jar:file:///C:/Users/fatme/.m2/repository/com/github/almasb/fxgl/11.16/fxgl-11.16.jar!/fxglassets/textures/particles/smoke.png
17:26:48.769 [FXGL Background Thread 1 ] DEBUG FXGLAssetLoaderServi - Loading from file system: jar:file:///C:/Users/fatme/.m2/repository/com/github/almasb/fxgl/11.16/fxgl-11.16.jar!/fxglassets/textures/particles/trace_horizontal.png
17:26:48.793 [FXGL Background Thread 1 ] DEBUG GameApplicationServi - Application scenes initialized
17:26:48.813 [FXGL Background Thread 1 ] DEBUG SystemBundleService  - Loading FXGL system data
17:26:48.818 [FXGL Background Thread 1 ] DEBUG FileSystemAccess     - Reading from: C:\Users\fatme\git\Pack-Man\Pacman\system\fxgl.bundle
17:26:48.825 [FXGL Background Thread 1 ] DEBUG SystemBundleService  - Bundle FXGL: {}
17:26:48.825 [FXGL Background Thread 1 ] DEBUG UpdaterService       - Checking for updates
17:26:48.831 [FXGL Background Thread 4 ] DEBUG FXGLApplication      - Loading fonts
17:26:48.832 [FXGL Background Thread 4 ] DEBUG FXGLAssetLoaderServi - Loading from file system: jar:file:///C:/Users/fatme/.m2/repository/com/github/almasb/fxgl/11.16/fxgl-11.16.jar!/fxglassets/ui/fonts/VarelaRound-Regular.ttf
17:26:48.832 [FXGL Background Thread 1 ] DEBUG FXGLApplication      - Loading default localization
17:26:48.832 [FXGL Background Thread 1 ] DEBUG FXGLAssetLoaderServi - Loading from file system: jar:file:///C:/Users/fatme/.m2/repository/com/github/almasb/fxgl/11.16/fxgl-11.16.jar!/fxglassets/languages/english.lang
17:26:48.897 [FXGL Background Thread 1 ] INFO  FXGLApplication      - FXGL initialization took: 0.698 sec
17:26:48.915 [JavaFX Application Thread] DEBUG Input                - Registered new binding: Up - W
17:26:48.915 [JavaFX Application Thread] DEBUG Input                - Registered new binding: Down - S
17:26:48.915 [JavaFX Application Thread] DEBUG Input                - Registered new binding: Left - A
17:26:48.916 [JavaFX Application Thread] DEBUG Input                - Registered new binding: Right - D
17:26:48.916 [JavaFX Application Thread] DEBUG FXGLAssetLoaderServi - Loading from file system: jar:file:///C:/Users/fatme/.m2/repository/com/github/almasb/fxgl/11.16/fxgl-11.16.jar!/fxglassets/textures/fxgl_icon.png
17:26:48.916 [FXGL Background Thread 4 ] DEBUG FXGLAssetLoaderServi - Loading from file system: jar:file:///C:/Users/fatme/.m2/repository/com/github/almasb/fxgl/11.16/fxgl-11.16.jar!/fxglassets/ui/fonts/Abel-Regular.ttf
17:26:48.939 [FXGL Background Thread 4 ] DEBUG FXGLAssetLoaderServi - Loading from file system: jar:file:///C:/Users/fatme/.m2/repository/com/github/almasb/fxgl/11.16/fxgl-11.16.jar!/fxglassets/ui/fonts/lucida_console.ttf
17:26:48.947 [JavaFX Application Thread] DEBUG FXGLAssetLoaderServi - Loading from file system: jar:file:///C:/Users/fatme/.m2/repository/com/github/almasb/fxgl/11.16/fxgl-11.16.jar!/fxglassets/textures/fxgl_default_cursor.png
17:26:48.953 [JavaFX Application Thread] DEBUG Input                - Registered new binding: Screenshot - CTRL+8
17:26:48.955 [JavaFX Application Thread] DEBUG Input                - Registered new binding: System info dump - CTRL+9
17:26:48.955 [JavaFX Application Thread] DEBUG Input                - Registered new binding: Restart - CTRL+R
17:26:48.956 [FXGL Background Thread 4 ] DEBUG FXGLAssetLoaderServi - Loading from file system: jar:file:///C:/Users/fatme/.m2/repository/com/github/almasb/fxgl/11.16/fxgl-11.16.jar!/fxglassets/ui/fonts/Courier-Prime.ttf
17:26:48.956 [JavaFX Application Thread] DEBUG Input                - Registered new binding: Toggle Debug Camera - CTRL+C
17:26:48.960 [JavaFX Application Thread] DEBUG LoopRunner           - Starting loop
17:26:48.961 [JavaFX Application Thread] DEBUG LoopRunner           - Initializing JavaFX AnimationTimerLoop
17:26:48.964 [JavaFX Application Thread] DEBUG GameApplicationServi - Starting new game
17:26:48.965 [JavaFX Application Thread] DEBUG Input                - Clearing active input actions
17:26:48.981 [JavaFX Application Thread] DEBUG GameApplicationServi - Removing overlay from FXGLStartupScene and adding to FXGLLoadingScene
17:26:48.982 [JavaFX Application Thread] DEBUG PrimaryStageWindow   - FXGLStartupScene -> FXGLLoadingScene
17:26:48.982 [JavaFX Application Thread] DEBUG GameApplicationServi - Clearing previous game
17:26:48.982 [JavaFX Application Thread] DEBUG GameScene            - Clearing game scene
17:26:48.982 [JavaFX Application Thread] DEBUG GameWorld            - Clearing game world
17:26:48.982 [JavaFX Application Thread] DEBUG PhysicsWorld         - Clearing physics world
17:26:48.984 [JavaFX Application Thread] DEBUG FXGLApplication      - Registering font factories with UI factory
17:26:48.984 [FXGL Background Thread 4 ] DEBUG FXGLApplication      - Initializing game
17:26:49.023 [FXGL Background Thread 4 ] DEBUG FXGLAssetLoaderServi - Loading from file system: file:/C:/Users/fatme/git/Pack-Man/Pacman/target/classes/assets/textures/coin.png
17:26:49.114 [FXGL Background Thread 4 ] DEBUG FXGLAssetLoaderServi - Loading from file system: file:/C:/Users/fatme/git/Pack-Man/Pacman/target/classes/assets/textures/spritesheet.png
17:26:49.262 [FXGL Background Thread 4 ] DEBUG FXGLAssetLoaderServi - Loading from file system: file:/C:/Users/fatme/git/Pack-Man/Pacman/target/classes/assets/textures/player.png
17:26:49.279 [FXGL Background Thread 4 ] DEBUG GameWorld            - Clearing removable entities
17:26:49.280 [FXGL Background Thread 4 ] DEBUG GameWorld            - Setting level: com.almasb.fxgl.entity.level.Level@5a1262b6
17:26:49.405 [FXGL Background Thread 4 ] DEBUG FXGLAssetLoaderServi - Loading from file system: file:/C:/Users/fatme/git/Pack-Man/Pacman/target/classes/assets/ui/pacman_ui.fxml
17:26:49.516 [FXGL Background Thread 4 ] WARN  FXGLAssetLoaderServi - Failed to load file:/C:/Users/fatme/git/Pack-Man/Pacman/target/classes/assets/ui/pacman_ui.fxml
java.lang.NullPointerException: Cannot invoke "javafx.scene.layout.Pane.getChildren()" because "this.root" is null
	at pacman.main/com.almasb.fxglgames.pacman.PacmanUIController.init(PacmanUIController.java:68)
	at com.almasb.fxgl.all/com.almasb.fxgl.app.services.UIAssetLoader.load(FXGLAssetLoaderService.kt:768)
	at com.almasb.fxgl.all/com.almasb.fxgl.app.services.UIAssetLoader.load(FXGLAssetLoaderService.kt:757)
	at com.almasb.fxgl.all/com.almasb.fxgl.app.services.FXGLAssetLoaderService.load(FXGLAssetLoaderService.kt:530)
	at com.almasb.fxgl.all/com.almasb.fxgl.app.services.FXGLAssetLoaderService.loadUI(FXGLAssetLoaderService.kt:460)
	at pacman.main/com.almasb.fxglgames.pacman.PacmanApp.initUI(PacmanApp.java:174)
	at com.almasb.fxgl.all/com.almasb.fxgl.app.FXGLApplication$InitAppTask.call(FXGLApplication.kt:321)
	at com.almasb.fxgl.all/com.almasb.fxgl.app.FXGLApplication$InitAppTask.call(FXGLApplication.kt:311)
	at javafx.graphics/javafx.concurrent.Task$TaskCallable.call(Task.java:1425)
	at java.base/java.util.concurrent.FutureTask.run(FutureTask.java:264)
	at java.base/java.util.concurrent.Executors$RunnableAdapter.call(Executors.java:539)
	at java.base/java.util.concurrent.FutureTask.run(FutureTask.java:264)
	at java.base/java.util.concurrent.ThreadPoolExecutor.runWorker(ThreadPoolExecutor.java:1136)
	at java.base/java.util.concurrent.ThreadPoolExecutor$Worker.run(ThreadPoolExecutor.java:635)
	at java.base/java.lang.Thread.run(Thread.java:833)

17:26:49.517 [FXGL Background Thread 4 ] INFO  FXGLApplication      - Game initialization took: 0.533 sec
17:26:49.519 [JavaFX Application Thread] DEBUG Input                - Clearing active input actions
17:26:49.548 [JavaFX Application Thread] DEBUG GameApplicationServi - Removing overlay from FXGLLoadingScene and adding to GameScene
17:26:49.549 [JavaFX Application Thread] DEBUG PrimaryStageWindow   - FXGLLoadingScene -> GameScene
17:26:50.022 [FXGL Background Thread 2 ] INFO  UpdaterService       - Your current version:  11.16
17:26:50.022 [FXGL Background Thread 2 ] INFO  UpdaterService       - Latest stable version: 11.17
17:26:51.830 [FXGL Background Thread 3 ] DEBUG Engine               - Logging environment variables
17:26:51.831 [FXGL Background Thread 3 ] DEBUG Engine               - achievements: []
17:26:51.831 [FXGL Background Thread 3 ] DEBUG Engine               - actualHeight: 679.0
17:26:51.832 [FXGL Background Thread 3 ] DEBUG Engine               - actualHeightProperty: ReadOnlyDoubleProperty [value: 679.0]
17:26:51.832 [FXGL Background Thread 3 ] DEBUG Engine               - actualWidth: 719.0
17:26:51.832 [FXGL Background Thread 3 ] DEBUG Engine               - actualWidthProperty: ReadOnlyDoubleProperty [value: 719.0]
17:26:51.833 [FXGL Background Thread 3 ] DEBUG Engine               - appIcon: fxgl_icon.png
17:26:51.833 [FXGL Background Thread 3 ] DEBUG Engine               - applicationMode: DEVELOPER
17:26:51.833 [FXGL Background Thread 3 ] DEBUG Engine               - cSSList: [fxgl_dark.css]
17:26:51.833 [FXGL Background Thread 3 ] DEBUG Engine               - collisionDetectionStrategy: BRUTE_FORCE
17:26:51.833 [FXGL Background Thread 3 ] DEBUG Engine               - configClass: Optional.empty
17:26:51.834 [FXGL Background Thread 3 ] DEBUG Engine               - credits: []
17:26:51.834 [FXGL Background Thread 3 ] DEBUG Engine               - defaultCursor: CursorInfo(imageName=fxgl_default_cursor.png, hotspotX=7.0, hotspotY=6.0)
17:26:51.834 [FXGL Background Thread 3 ] DEBUG Engine               - devBBoxColorProperty: ObjectProperty [value: 0xff0000ff]
17:26:51.835 [FXGL Background Thread 3 ] DEBUG Engine               - devEnableDebugCameraProperty: BooleanProperty [value: false]
17:26:51.836 [FXGL Background Thread 3 ] DEBUG Engine               - devSensorColorProperty: ObjectProperty [value: 0xffff00ff]
17:26:51.836 [FXGL Background Thread 3 ] DEBUG Engine               - devShowBBoxProperty: BooleanProperty [value: false]
17:26:51.836 [FXGL Background Thread 3 ] DEBUG Engine               - devShowPositionProperty: BooleanProperty [value: false]
17:26:51.837 [FXGL Background Thread 3 ] DEBUG Engine               - enabledMenuItems: []
17:26:51.837 [FXGL Background Thread 3 ] DEBUG Engine               - engineServices: [class com.almasb.fxgl.app.services.FXGLAssetLoaderService, class com.almasb.fxgl.app.FXGLApplication$GameApplicationService, class com.almasb.fxgl.app.services.FXGLDialogService, class com.almasb.fxgl.app.services.IOTaskExecutorService, class com.almasb.fxgl.io.FileSystemService, class com.almasb.fxgl.localization.LocalizationService, class com.almasb.fxgl.app.services.SystemBundleService, class com.almasb.fxgl.profile.SaveLoadService, class com.almasb.fxgl.ui.FXGLUIFactoryServiceProvider, class com.almasb.fxgl.ui.FXGLDialogFactoryServiceProvider, class com.almasb.fxgl.audio.AudioPlayer, class com.almasb.fxgl.notification.impl.NotificationServiceProvider, class com.almasb.fxgl.achievement.AchievementService, class com.almasb.fxgl.cutscene.CutsceneService, class com.almasb.fxgl.minigames.MiniGameService, class com.almasb.fxgl.net.NetService, class com.almasb.fxgl.app.services.UpdaterService, class com.almasb.fxgl.dev.DevService]
17:26:51.837 [FXGL Background Thread 3 ] DEBUG Engine               - fontGame: Abel-Regular.ttf
17:26:51.837 [FXGL Background Thread 3 ] DEBUG Engine               - fontMono: lucida_console.ttf
17:26:51.838 [FXGL Background Thread 3 ] DEBUG Engine               - fontText: Courier-Prime.ttf
17:26:51.838 [FXGL Background Thread 3 ] DEBUG Engine               - fontUI: VarelaRound-Regular.ttf
17:26:51.838 [FXGL Background Thread 3 ] DEBUG Engine               - fullScreen: BooleanProperty [value: false]
17:26:51.838 [FXGL Background Thread 3 ] DEBUG Engine               - gameDifficulty: MEDIUM
17:26:51.838 [FXGL Background Thread 3 ] DEBUG Engine               - gameDifficultyProperty: ObjectProperty [value: MEDIUM]
17:26:51.839 [FXGL Background Thread 3 ] DEBUG Engine               - globalMusicVolume: 0.5
17:26:51.839 [FXGL Background Thread 3 ] DEBUG Engine               - globalMusicVolumeProperty: DoubleProperty [value: 0.5]
17:26:51.839 [FXGL Background Thread 3 ] DEBUG Engine               - globalSoundVolume: 0.5
17:26:51.840 [FXGL Background Thread 3 ] DEBUG Engine               - globalSoundVolumeProperty: DoubleProperty [value: 0.5]
17:26:51.840 [FXGL Background Thread 3 ] DEBUG Engine               - height: 840
17:26:51.840 [FXGL Background Thread 3 ] DEBUG Engine               - is3D: false
17:26:51.840 [FXGL Background Thread 3 ] DEBUG Engine               - isAndroid: false
17:26:51.840 [FXGL Background Thread 3 ] DEBUG Engine               - isBrowser: false
17:26:51.841 [FXGL Background Thread 3 ] DEBUG Engine               - isClickFeedbackEnabled: false
17:26:51.841 [FXGL Background Thread 3 ] DEBUG Engine               - isCloseConfirmation: false
17:26:51.841 [FXGL Background Thread 3 ] DEBUG Engine               - isDesktop: true
17:26:51.841 [FXGL Background Thread 3 ] DEBUG Engine               - isDeveloperMenuEnabled: false
17:26:51.841 [FXGL Background Thread 3 ] DEBUG Engine               - isEntityPreloadEnabled: true
17:26:51.842 [FXGL Background Thread 3 ] DEBUG Engine               - isExperimentalTiledLargeMap: false
17:26:51.842 [FXGL Background Thread 3 ] DEBUG Engine               - isFileSystemWriteAllowed: true
17:26:51.842 [FXGL Background Thread 3 ] DEBUG Engine               - isFullScreenAllowed: false
17:26:51.842 [FXGL Background Thread 3 ] DEBUG Engine               - isFullScreenFromStart: false
17:26:51.843 [FXGL Background Thread 3 ] DEBUG Engine               - isGameMenuEnabled: true
17:26:51.843 [FXGL Background Thread 3 ] DEBUG Engine               - isIOS: false
17:26:51.843 [FXGL Background Thread 3 ] DEBUG Engine               - isIntroEnabled: false
17:26:51.843 [FXGL Background Thread 3 ] DEBUG Engine               - isLinux: false
17:26:51.843 [FXGL Background Thread 3 ] DEBUG Engine               - isMac: false
17:26:51.843 [FXGL Background Thread 3 ] DEBUG Engine               - isMainMenuEnabled: false
17:26:51.844 [FXGL Background Thread 3 ] DEBUG Engine               - isManualResizeEnabled: true
17:26:51.844 [FXGL Background Thread 3 ] DEBUG Engine               - isMobile: false
17:26:51.844 [FXGL Background Thread 3 ] DEBUG Engine               - isNative: false
17:26:51.844 [FXGL Background Thread 3 ] DEBUG Engine               - isPreserveResizeRatio: true
17:26:51.844 [FXGL Background Thread 3 ] DEBUG Engine               - isProfilingEnabled: false
17:26:51.844 [FXGL Background Thread 3 ] DEBUG Engine               - isScaleAffectedOnResize: true
17:26:51.845 [FXGL Background Thread 3 ] DEBUG Engine               - isSingleStep: false
17:26:51.845 [FXGL Background Thread 3 ] DEBUG Engine               - isUserProfileEnabled: false
17:26:51.845 [FXGL Background Thread 3 ] DEBUG Engine               - isWindows: true
17:26:51.845 [FXGL Background Thread 3 ] DEBUG Engine               - language: ObjectProperty [value: ENGLISH]
17:26:51.845 [FXGL Background Thread 3 ] DEBUG Engine               - menuKey: ESCAPE
17:26:51.845 [FXGL Background Thread 3 ] DEBUG Engine               - mouseSensitivity: 0.2
17:26:51.846 [FXGL Background Thread 3 ] DEBUG Engine               - notificationViewClass: class com.almasb.fxgl.notification.view.XboxNotificationView
17:26:51.846 [FXGL Background Thread 3 ] DEBUG Engine               - pixelsPerMeter: 50.0
17:26:51.846 [FXGL Background Thread 3 ] DEBUG Engine               - platform: WINDOWS
17:26:51.846 [FXGL Background Thread 3 ] DEBUG Engine               - prefHeightProperty: ReadOnlyDoubleProperty [value: 840.0]
17:26:51.847 [FXGL Background Thread 3 ] DEBUG Engine               - prefWidthProperty: ReadOnlyDoubleProperty [value: 920.0]
17:26:51.848 [FXGL Background Thread 3 ] DEBUG Engine               - profileDir: profiles/
17:26:51.849 [FXGL Background Thread 3 ] DEBUG Engine               - profileName: StringProperty [value: DEFAULT]
17:26:51.849 [FXGL Background Thread 3 ] DEBUG Engine               - randomSeed: -1
17:26:51.850 [FXGL Background Thread 3 ] DEBUG Engine               - runtimeInfo: RuntimeInfo(platform=WINDOWS, version=11.16, build=25.05.2021 08.16)
17:26:51.850 [FXGL Background Thread 3 ] DEBUG Engine               - saveFileExt: sav
17:26:51.850 [FXGL Background Thread 3 ] DEBUG Engine               - scaledHeightProp$fxgl: DoubleProperty [bound, value: 679.0]
17:26:51.851 [FXGL Background Thread 3 ] DEBUG Engine               - scaledWidthProp$fxgl: DoubleProperty [bound, value: 719.0]
17:26:51.851 [FXGL Background Thread 3 ] DEBUG Engine               - sceneFactory: com.almasb.fxgl.app.scene.SceneFactory@9fca1f2
17:26:51.851 [FXGL Background Thread 3 ] DEBUG Engine               - secondsIn24h: 60
17:26:51.851 [FXGL Background Thread 3 ] DEBUG Engine               - soundMenuBack: menu/back.wav
17:26:51.852 [FXGL Background Thread 3 ] DEBUG Engine               - soundMenuPress: menu/press.wav
17:26:51.852 [FXGL Background Thread 3 ] DEBUG Engine               - soundMenuSelect: menu/select.wav
17:26:51.852 [FXGL Background Thread 3 ] DEBUG Engine               - soundNotification: core/notification.wav
17:26:51.852 [FXGL Background Thread 3 ] DEBUG Engine               - stageStyle: DECORATED
17:26:51.853 [FXGL Background Thread 3 ] DEBUG Engine               - supportedLanguages: [ENGLISH, FRENCH, GERMAN, HUNGARIAN, RUSSIAN]
17:26:51.853 [FXGL Background Thread 3 ] DEBUG Engine               - ticksPerSecond: -1
17:26:51.853 [FXGL Background Thread 3 ] DEBUG Engine               - title: FXGL Pac-man
17:26:51.854 [FXGL Background Thread 3 ] DEBUG Engine               - urlGithub: https://github.com/AlmasB/FXGL
17:26:51.854 [FXGL Background Thread 3 ] DEBUG Engine               - urlLeaderboard: http://fxgl-top.herokuapp.com/
17:26:51.854 [FXGL Background Thread 3 ] DEBUG Engine               - urlPOM: https://raw.githubusercontent.com/AlmasB/FXGL/release/README.md
17:26:51.854 [FXGL Background Thread 3 ] DEBUG Engine               - userAppClass: class com.almasb.fxglgames.pacman.PacmanApp
17:26:51.855 [FXGL Background Thread 3 ] DEBUG Engine               - version: 1.0
17:26:51.855 [FXGL Background Thread 3 ] DEBUG Engine               - versionCheckDays: 7
17:26:51.855 [FXGL Background Thread 3 ] DEBUG Engine               - width: 920
17:26:51.855 [FXGL Background Thread 3 ] DEBUG Engine               - Logging services
17:26:51.856 [FXGL Background Thread 3 ] DEBUG Engine               - class com.almasb.fxgl.app.services.FXGLAssetLoaderService
17:26:51.856 [FXGL Background Thread 3 ] DEBUG Engine               - class com.almasb.fxgl.app.FXGLApplication$GameApplicationService
17:26:51.857 [FXGL Background Thread 3 ] DEBUG Engine               - class com.almasb.fxgl.app.services.FXGLDialogService
17:26:51.857 [FXGL Background Thread 3 ] DEBUG Engine               - class com.almasb.fxgl.app.services.IOTaskExecutorService
17:26:51.857 [FXGL Background Thread 3 ] DEBUG Engine               - class com.almasb.fxgl.io.FileSystemService
17:26:51.857 [FXGL Background Thread 3 ] DEBUG Engine               - class com.almasb.fxgl.localization.LocalizationService
17:26:51.857 [FXGL Background Thread 3 ] DEBUG Engine               - class com.almasb.fxgl.app.services.SystemBundleService
17:26:51.858 [FXGL Background Thread 3 ] DEBUG Engine               - class com.almasb.fxgl.profile.SaveLoadService
17:26:51.858 [FXGL Background Thread 3 ] DEBUG Engine               - class com.almasb.fxgl.ui.FXGLUIFactoryServiceProvider
17:26:51.858 [FXGL Background Thread 3 ] DEBUG Engine               - class com.almasb.fxgl.ui.FXGLDialogFactoryServiceProvider
17:26:51.858 [FXGL Background Thread 3 ] DEBUG Engine               - class com.almasb.fxgl.audio.AudioPlayer
17:26:51.859 [FXGL Background Thread 3 ] DEBUG Engine               - class com.almasb.fxgl.notification.impl.NotificationServiceProvider
17:26:51.859 [FXGL Background Thread 3 ] DEBUG Engine               - class com.almasb.fxgl.achievement.AchievementService
17:26:51.859 [FXGL Background Thread 3 ] DEBUG Engine               - class com.almasb.fxgl.cutscene.CutsceneService
17:26:51.859 [FXGL Background Thread 3 ] DEBUG Engine               - class com.almasb.fxgl.minigames.MiniGameService
17:26:51.860 [FXGL Background Thread 3 ] DEBUG Engine               - class com.almasb.fxgl.net.NetService
17:26:51.860 [FXGL Background Thread 3 ] DEBUG Engine               - class com.almasb.fxgl.app.services.UpdaterService
17:26:51.860 [FXGL Background Thread 3 ] DEBUG Engine               - class com.almasb.fxgl.dev.DevService
17:26:56.354 [JavaFX Application Thread] DEBUG FXGLApplication      - Exiting FXGL
17:26:56.355 [JavaFX Application Thread] DEBUG LoopRunner           - Stopping loop
17:26:56.355 [JavaFX Application Thread] DEBUG SystemBundleService  - Saving FXGL system data
17:26:56.360 [JavaFX Application Thread] DEBUG FileSystemAccess     - Writing to: C:\Users\fatme\git\Pack-Man\Pacman\system\fxgl.bundle
17:26:56.364 [JavaFX Application Thread] DEBUG Async                - Shutting down background threads
17:26:56.365 [JavaFX Application Thread] DEBUG PrimaryStageWindow   - Closing main window
17:26:56.422 [JavaFX Application Thread] DEBUG Logger               - Closing Logger
