11:21:05.085 [main                     ] DEBUG Logger               - Configured Logger
11:21:05.115 [main                     ] DEBUG GameApplication      - Logging settings
Title: FXGL Pac-man
Version: 1.0
Width: 920
Height: 840
Fullscreen: false
Intro: false
Profiling: false
Single step:false
App Mode: DEVELOPER
Menu Key: ESCAPE
Stage Style: DECORATED
Scene Factory: class com.almasb.fxgl.app.scene.SceneFactory

11:21:06.290 [JavaFX Application Thread] DEBUG FXGLApplication      - Initializing FXGL
11:21:06.303 [JavaFX Application Thread] INFO  Engine               - FXGL-11.16 (25.05.2021 08.16) on MAC (J:15.0.2 FX:16)
11:21:06.304 [JavaFX Application Thread] DEBUG Engine               - JRE Vendor Name: Oracle Corporation
11:21:06.304 [JavaFX Application Thread] DEBUG Engine               - Running on OS: Mac OS X version 10.16
11:21:06.304 [JavaFX Application Thread] DEBUG Engine               - Architecture: x86_64
11:21:06.304 [JavaFX Application Thread] INFO  Engine               - Source code and latest versions at: https://github.com/AlmasB/FXGL
11:21:06.304 [JavaFX Application Thread] INFO  Engine               -              Join the FXGL chat at: https://gitter.im/AlmasB/FXGL
11:21:06.625 [JavaFX Application Thread] DEBUG PrimaryStageWindow   - Creating a JavaFX scene
11:21:06.626 [JavaFX Application Thread] DEBUG PrimaryStageWindow   - Target size > screen size
11:21:06.765 [JavaFX Application Thread] DEBUG PrimaryStageWindow   - Target settings size: 920.0 x 840.0
11:21:06.765 [JavaFX Application Thread] DEBUG PrimaryStageWindow   - Scaled scene size:    866.0 x 813.0
11:21:06.766 [JavaFX Application Thread] DEBUG PrimaryStageWindow   - Scaled ratio: (0.941304347826087, 0.9678571428571429)
11:21:06.767 [JavaFX Application Thread] DEBUG PrimaryStageWindow   - Set initial scene to FXGLStartupScene
11:21:06.778 [JavaFX Application Thread] DEBUG PrimaryStageWindow   - Opening main window
11:21:06.923 [JavaFX Application Thread] DEBUG PrimaryStageWindow   - Window border size: (0.0, 1.0)
11:21:06.924 [JavaFX Application Thread] DEBUG PrimaryStageWindow   - Scaled size: 866.0 x 813.0
11:21:06.926 [JavaFX Application Thread] DEBUG PrimaryStageWindow   - Scaled ratio: (0.941304347826087, 0.941304347826087)
11:21:06.927 [JavaFX Application Thread] DEBUG PrimaryStageWindow   - Scene size: 866.0 x 813.0
11:21:06.928 [JavaFX Application Thread] DEBUG PrimaryStageWindow   - Stage size: 866.0 x 814.0
11:21:06.940 [FXGL Background Thread 1 ] DEBUG Engine               - Initializing environment variables
11:21:07.084 [FXGL Background Thread 1 ] DEBUG FXGLAssetLoaderServi - User app class for loading assets: class com.almasb.fxglgames.pacman.PacmanApp
11:21:07.088 [FXGL Background Thread 1 ] DEBUG GameApplicationServi - Applying CSS: fxgl_dark.css
11:21:07.091 [FXGL Background Thread 1 ] DEBUG FXGLAssetLoaderServi - Loading from file system: jar:file:///Users/rima/.m2/repository/com/github/almasb/fxgl/11.16/fxgl-11.16.jar!/fxglassets/ui/css/fxgl_dark.css
11:21:07.266 [FXGL Background Thread 1 ] DEBUG GameApplicationServi - Initializing application scenes
11:21:07.465 [FXGL Background Thread 1 ] DEBUG GameWorld            - Game world initialized
11:21:07.595 [FXGL Background Thread 1 ] DEBUG PhysicsWorld         - Physics world initialized: appHeight=840, physics.ppm=50.0
11:21:07.596 [FXGL Background Thread 1 ] DEBUG PhysicsWorld         - Using strategy: BRUTE_FORCE
11:21:07.605 [FXGL Background Thread 1 ] DEBUG GameScene            - Game scene initialized: 920x840
11:21:07.635 [FXGL Background Thread 1 ] DEBUG FXGL.DefaultMenu     - createMenuBodyGameMenu()
11:21:07.668 [FXGL Background Thread 1 ] DEBUG FXGL.DefaultMenu     - createOptionsMenu()
11:21:07.684 [FXGL Background Thread 1 ] DEBUG FXGLAssetLoaderServi - Loading from file system: jar:file:///Users/rima/.m2/repository/com/github/almasb/fxgl/11.16/fxgl-11.16.jar!/fxglassets/textures/particles/smoke.png
11:21:08.015 [FXGL Background Thread 1 ] DEBUG FXGLAssetLoaderServi - Loading from file system: jar:file:///Users/rima/.m2/repository/com/github/almasb/fxgl/11.16/fxgl-11.16.jar!/fxglassets/textures/particles/trace_horizontal.png
11:21:08.090 [FXGL Background Thread 1 ] DEBUG GameApplicationServi - Application scenes initialized
11:21:08.122 [FXGL Background Thread 1 ] DEBUG SystemBundleService  - Loading FXGL system data
11:21:08.129 [FXGL Background Thread 1 ] DEBUG FileSystemAccess     - Reading from: /Users/rima/git/FXGLGames/Pacman/system/fxgl.bundle
11:21:08.138 [FXGL Background Thread 1 ] DEBUG SystemBundleService  - Bundle FXGL: {}
11:21:08.139 [FXGL Background Thread 1 ] DEBUG UpdaterService       - Checking for updates
11:21:08.150 [FXGL Background Thread 4 ] DEBUG FXGLApplication      - Loading fonts
11:21:08.154 [FXGL Background Thread 1 ] DEBUG FXGLApplication      - Loading default localization
11:21:08.154 [FXGL Background Thread 4 ] DEBUG FXGLAssetLoaderServi - Loading from file system: jar:file:///Users/rima/.m2/repository/com/github/almasb/fxgl/11.16/fxgl-11.16.jar!/fxglassets/ui/fonts/VarelaRound-Regular.ttf
11:21:08.157 [FXGL Background Thread 1 ] DEBUG FXGLAssetLoaderServi - Loading from file system: jar:file:///Users/rima/.m2/repository/com/github/almasb/fxgl/11.16/fxgl-11.16.jar!/fxglassets/languages/english.lang
11:21:08.201 [FXGL Background Thread 4 ] DEBUG FXGLAssetLoaderServi - Loading from file system: jar:file:///Users/rima/.m2/repository/com/github/almasb/fxgl/11.16/fxgl-11.16.jar!/fxglassets/ui/fonts/Abel-Regular.ttf
11:21:08.209 [FXGL Background Thread 4 ] DEBUG FXGLAssetLoaderServi - Loading from file system: jar:file:///Users/rima/.m2/repository/com/github/almasb/fxgl/11.16/fxgl-11.16.jar!/fxglassets/ui/fonts/lucida_console.ttf
11:21:08.219 [FXGL Background Thread 4 ] DEBUG FXGLAssetLoaderServi - Loading from file system: jar:file:///Users/rima/.m2/repository/com/github/almasb/fxgl/11.16/fxgl-11.16.jar!/fxglassets/ui/fonts/Courier-Prime.ttf
11:21:08.229 [JavaFX Application Thread] DEBUG FXGLApplication      - Registering font factories with UI factory
11:21:08.251 [FXGL Background Thread 1 ] INFO  FXGLApplication      - FXGL initialization took: 1.309 sec
11:21:08.267 [JavaFX Application Thread] DEBUG Input                - Registered new binding: Up - W
11:21:08.270 [JavaFX Application Thread] DEBUG Input                - Registered new binding: Down - S
11:21:08.272 [JavaFX Application Thread] DEBUG Input                - Registered new binding: Left - A
11:21:08.275 [JavaFX Application Thread] DEBUG Input                - Registered new binding: Right - D
11:21:08.281 [JavaFX Application Thread] DEBUG FXGLAssetLoaderServi - Loading from file system: jar:file:///Users/rima/.m2/repository/com/github/almasb/fxgl/11.16/fxgl-11.16.jar!/fxglassets/textures/fxgl_icon.png
11:21:08.345 [JavaFX Application Thread] DEBUG FXGLAssetLoaderServi - Loading from file system: jar:file:///Users/rima/.m2/repository/com/github/almasb/fxgl/11.16/fxgl-11.16.jar!/fxglassets/textures/fxgl_default_cursor.png
11:21:08.358 [JavaFX Application Thread] DEBUG Input                - Registered new binding: Screenshot - CTRL+8
11:21:08.361 [JavaFX Application Thread] DEBUG Input                - Registered new binding: System info dump - CTRL+9
11:21:08.365 [JavaFX Application Thread] DEBUG Input                - Registered new binding: Restart - CTRL+R
11:21:08.369 [JavaFX Application Thread] DEBUG Input                - Registered new binding: Toggle Debug Camera - CTRL+C
11:21:08.383 [JavaFX Application Thread] DEBUG LoopRunner           - Starting loop
11:21:08.384 [JavaFX Application Thread] DEBUG LoopRunner           - Initializing JavaFX AnimationTimerLoop
11:21:08.392 [JavaFX Application Thread] DEBUG GameApplicationServi - Starting new game
11:21:08.397 [JavaFX Application Thread] DEBUG Input                - Clearing active input actions
11:21:08.499 [JavaFX Application Thread] DEBUG GameApplicationServi - Removing overlay from FXGLStartupScene and adding to FXGLLoadingScene
11:21:08.503 [JavaFX Application Thread] DEBUG PrimaryStageWindow   - FXGLStartupScene -> FXGLLoadingScene
11:21:08.505 [JavaFX Application Thread] DEBUG GameApplicationServi - Clearing previous game
11:21:08.509 [JavaFX Application Thread] DEBUG GameScene            - Clearing game scene
11:21:08.511 [JavaFX Application Thread] DEBUG GameWorld            - Clearing game world
11:21:08.512 [JavaFX Application Thread] DEBUG PhysicsWorld         - Clearing physics world
11:21:08.517 [FXGL Background Thread 1 ] DEBUG FXGLApplication      - Initializing game
11:21:08.688 [FXGL Background Thread 1 ] DEBUG FXGLAssetLoaderServi - Loading from file system: file:/Users/rima/git/FXGLGames/Pacman/target/classes/assets/textures/coin.png
11:21:09.491 [FXGL Background Thread 1 ] DEBUG FXGLAssetLoaderServi - Loading from file system: file:/Users/rima/git/FXGLGames/Pacman/target/classes/assets/textures/spritesheet.png
11:21:09.612 [FXGL Background Thread 2 ] INFO  UpdaterService       - Your current version:  11.16
11:21:09.616 [FXGL Background Thread 2 ] INFO  UpdaterService       - Latest stable version: 11.17
11:21:09.928 [FXGL Background Thread 1 ] DEBUG FXGLAssetLoaderServi - Loading from file system: file:/Users/rima/git/FXGLGames/Pacman/target/classes/assets/textures/player.png
11:21:09.974 [FXGL Background Thread 1 ] DEBUG GameWorld            - Clearing removable entities
11:21:09.978 [FXGL Background Thread 1 ] DEBUG GameWorld            - Setting level: com.almasb.fxgl.entity.level.Level@3cbf75ed
11:21:10.110 [FXGL Background Thread 1 ] DEBUG FXGLAssetLoaderServi - Loading from file system: file:/Users/rima/git/FXGLGames/Pacman/target/classes/assets/ui/pacman_ui.fxml
11:21:10.478 [FXGL Background Thread 1 ] INFO  FXGLApplication      - Game initialization took: 1.958 sec
11:21:10.488 [JavaFX Application Thread] DEBUG Input                - Clearing active input actions
11:21:10.605 [JavaFX Application Thread] DEBUG GameApplicationServi - Removing overlay from FXGLLoadingScene and adding to GameScene
11:21:10.610 [JavaFX Application Thread] DEBUG PrimaryStageWindow   - FXGLLoadingScene -> GameScene
11:21:11.152 [FXGL Background Thread 3 ] DEBUG Engine               - Logging environment variables
11:21:11.158 [FXGL Background Thread 3 ] DEBUG Engine               - achievements: []
11:21:11.159 [FXGL Background Thread 3 ] DEBUG Engine               - actualHeight: 813.0
11:21:11.161 [FXGL Background Thread 3 ] DEBUG Engine               - actualHeightProperty: ReadOnlyDoubleProperty [value: 813.0]
11:21:11.162 [FXGL Background Thread 3 ] DEBUG Engine               - actualWidth: 866.0
11:21:11.163 [FXGL Background Thread 3 ] DEBUG Engine               - actualWidthProperty: ReadOnlyDoubleProperty [value: 866.0]
11:21:11.167 [FXGL Background Thread 3 ] DEBUG Engine               - appIcon: fxgl_icon.png
11:21:11.169 [FXGL Background Thread 3 ] DEBUG Engine               - applicationMode: DEVELOPER
11:21:11.170 [FXGL Background Thread 3 ] DEBUG Engine               - cSSList: [fxgl_dark.css]
11:21:11.172 [FXGL Background Thread 3 ] DEBUG Engine               - collisionDetectionStrategy: BRUTE_FORCE
11:21:11.173 [FXGL Background Thread 3 ] DEBUG Engine               - configClass: Optional.empty
11:21:11.174 [FXGL Background Thread 3 ] DEBUG Engine               - credits: []
11:21:11.177 [FXGL Background Thread 3 ] DEBUG Engine               - defaultCursor: CursorInfo(imageName=fxgl_default_cursor.png, hotspotX=7.0, hotspotY=6.0)
11:21:11.180 [FXGL Background Thread 3 ] DEBUG Engine               - devBBoxColorProperty: ObjectProperty [value: 0xff0000ff]
11:21:11.181 [FXGL Background Thread 3 ] DEBUG Engine               - devEnableDebugCameraProperty: BooleanProperty [value: false]
11:21:11.183 [FXGL Background Thread 3 ] DEBUG Engine               - devSensorColorProperty: ObjectProperty [value: 0xffff00ff]
11:21:11.184 [FXGL Background Thread 3 ] DEBUG Engine               - devShowBBoxProperty: BooleanProperty [value: false]
11:21:11.185 [FXGL Background Thread 3 ] DEBUG Engine               - devShowPositionProperty: BooleanProperty [value: false]
11:21:11.186 [FXGL Background Thread 3 ] DEBUG Engine               - enabledMenuItems: []
11:21:11.191 [FXGL Background Thread 3 ] DEBUG Engine               - engineServices: [class com.almasb.fxgl.app.services.FXGLAssetLoaderService, class com.almasb.fxgl.app.FXGLApplication$GameApplicationService, class com.almasb.fxgl.app.services.FXGLDialogService, class com.almasb.fxgl.app.services.IOTaskExecutorService, class com.almasb.fxgl.io.FileSystemService, class com.almasb.fxgl.localization.LocalizationService, class com.almasb.fxgl.app.services.SystemBundleService, class com.almasb.fxgl.profile.SaveLoadService, class com.almasb.fxgl.ui.FXGLUIFactoryServiceProvider, class com.almasb.fxgl.ui.FXGLDialogFactoryServiceProvider, class com.almasb.fxgl.audio.AudioPlayer, class com.almasb.fxgl.notification.impl.NotificationServiceProvider, class com.almasb.fxgl.achievement.AchievementService, class com.almasb.fxgl.cutscene.CutsceneService, class com.almasb.fxgl.minigames.MiniGameService, class com.almasb.fxgl.net.NetService, class com.almasb.fxgl.app.services.UpdaterService, class com.almasb.fxgl.dev.DevService]
11:21:11.194 [FXGL Background Thread 3 ] DEBUG Engine               - fontGame: Abel-Regular.ttf
11:21:11.195 [FXGL Background Thread 3 ] DEBUG Engine               - fontMono: lucida_console.ttf
11:21:11.197 [FXGL Background Thread 3 ] DEBUG Engine               - fontText: Courier-Prime.ttf
11:21:11.199 [FXGL Background Thread 3 ] DEBUG Engine               - fontUI: VarelaRound-Regular.ttf
11:21:11.202 [FXGL Background Thread 3 ] DEBUG Engine               - fullScreen: BooleanProperty [value: false]
11:21:11.203 [FXGL Background Thread 3 ] DEBUG Engine               - gameDifficulty: MEDIUM
11:21:11.205 [FXGL Background Thread 3 ] DEBUG Engine               - gameDifficultyProperty: ObjectProperty [value: MEDIUM]
11:21:11.209 [FXGL Background Thread 3 ] DEBUG Engine               - globalMusicVolume: 0.5
11:21:11.213 [FXGL Background Thread 3 ] DEBUG Engine               - globalMusicVolumeProperty: DoubleProperty [value: 0.5]
11:21:11.217 [FXGL Background Thread 3 ] DEBUG Engine               - globalSoundVolume: 0.5
11:21:11.222 [FXGL Background Thread 3 ] DEBUG Engine               - globalSoundVolumeProperty: DoubleProperty [value: 0.5]
11:21:11.225 [FXGL Background Thread 3 ] DEBUG Engine               - height: 840
11:21:11.228 [FXGL Background Thread 3 ] DEBUG Engine               - is3D: false
11:21:11.235 [FXGL Background Thread 3 ] DEBUG Engine               - isAndroid: false
11:21:11.239 [FXGL Background Thread 3 ] DEBUG Engine               - isBrowser: false
11:21:11.246 [FXGL Background Thread 3 ] DEBUG Engine               - isClickFeedbackEnabled: false
11:21:11.252 [FXGL Background Thread 3 ] DEBUG Engine               - isCloseConfirmation: false
11:21:11.259 [FXGL Background Thread 3 ] DEBUG Engine               - isDesktop: true
11:21:11.265 [FXGL Background Thread 3 ] DEBUG Engine               - isDeveloperMenuEnabled: false
11:21:11.268 [FXGL Background Thread 3 ] DEBUG Engine               - isEntityPreloadEnabled: true
11:21:11.270 [FXGL Background Thread 3 ] DEBUG Engine               - isExperimentalTiledLargeMap: false
11:21:11.271 [FXGL Background Thread 3 ] DEBUG Engine               - isFileSystemWriteAllowed: true
11:21:11.273 [FXGL Background Thread 3 ] DEBUG Engine               - isFullScreenAllowed: false
11:21:11.277 [FXGL Background Thread 3 ] DEBUG Engine               - isFullScreenFromStart: false
11:21:11.282 [FXGL Background Thread 3 ] DEBUG Engine               - isGameMenuEnabled: true
11:21:11.285 [FXGL Background Thread 3 ] DEBUG Engine               - isIOS: false
11:21:11.288 [FXGL Background Thread 3 ] DEBUG Engine               - isIntroEnabled: false
11:21:11.291 [FXGL Background Thread 3 ] DEBUG Engine               - isLinux: false
11:21:11.294 [FXGL Background Thread 3 ] DEBUG Engine               - isMac: true
11:21:11.295 [FXGL Background Thread 3 ] DEBUG Engine               - isMainMenuEnabled: false
11:21:11.298 [FXGL Background Thread 3 ] DEBUG Engine               - isManualResizeEnabled: true
11:21:11.301 [FXGL Background Thread 3 ] DEBUG Engine               - isMobile: false
11:21:11.305 [FXGL Background Thread 3 ] DEBUG Engine               - isNative: false
11:21:11.308 [FXGL Background Thread 3 ] DEBUG Engine               - isPreserveResizeRatio: true
11:21:11.311 [FXGL Background Thread 3 ] DEBUG Engine               - isProfilingEnabled: false
11:21:11.312 [FXGL Background Thread 3 ] DEBUG Engine               - isScaleAffectedOnResize: true
11:21:11.314 [FXGL Background Thread 3 ] DEBUG Engine               - isSingleStep: false
11:21:11.318 [FXGL Background Thread 3 ] DEBUG Engine               - isUserProfileEnabled: false
11:21:11.322 [FXGL Background Thread 3 ] DEBUG Engine               - isWindows: false
11:21:11.324 [FXGL Background Thread 3 ] DEBUG Engine               - language: ObjectProperty [value: ENGLISH]
11:21:11.326 [FXGL Background Thread 3 ] DEBUG Engine               - menuKey: ESCAPE
11:21:11.329 [FXGL Background Thread 3 ] DEBUG Engine               - mouseSensitivity: 0.2
11:21:11.333 [FXGL Background Thread 3 ] DEBUG Engine               - notificationViewClass: class com.almasb.fxgl.notification.view.XboxNotificationView
11:21:11.336 [FXGL Background Thread 3 ] DEBUG Engine               - pixelsPerMeter: 50.0
11:21:11.338 [FXGL Background Thread 3 ] DEBUG Engine               - platform: MAC
11:21:11.343 [FXGL Background Thread 3 ] DEBUG Engine               - prefHeightProperty: ReadOnlyDoubleProperty [value: 840.0]
11:21:11.348 [FXGL Background Thread 3 ] DEBUG Engine               - prefWidthProperty: ReadOnlyDoubleProperty [value: 920.0]
11:21:11.357 [FXGL Background Thread 3 ] DEBUG Engine               - profileDir: profiles/
11:21:11.362 [FXGL Background Thread 3 ] DEBUG Engine               - profileName: StringProperty [value: DEFAULT]
11:21:11.368 [FXGL Background Thread 3 ] DEBUG Engine               - randomSeed: -1
11:21:11.373 [FXGL Background Thread 3 ] DEBUG Engine               - runtimeInfo: RuntimeInfo(platform=MAC, version=11.16, build=25.05.2021 08.16)
11:21:11.377 [FXGL Background Thread 3 ] DEBUG Engine               - saveFileExt: sav
11:21:11.379 [FXGL Background Thread 3 ] DEBUG Engine               - scaledHeightProp$fxgl: DoubleProperty [bound, value: 813.0]
11:21:11.383 [FXGL Background Thread 3 ] DEBUG Engine               - scaledWidthProp$fxgl: DoubleProperty [bound, value: 866.0]
11:21:11.387 [FXGL Background Thread 3 ] DEBUG Engine               - sceneFactory: com.almasb.fxgl.app.scene.SceneFactory@fc73c67
11:21:11.389 [FXGL Background Thread 3 ] DEBUG Engine               - secondsIn24h: 60
11:21:11.392 [FXGL Background Thread 3 ] DEBUG Engine               - soundMenuBack: menu/back.wav
11:21:11.397 [FXGL Background Thread 3 ] DEBUG Engine               - soundMenuPress: menu/press.wav
11:21:11.400 [FXGL Background Thread 3 ] DEBUG Engine               - soundMenuSelect: menu/select.wav
11:21:11.402 [FXGL Background Thread 3 ] DEBUG Engine               - soundNotification: core/notification.wav
11:21:11.404 [FXGL Background Thread 3 ] DEBUG Engine               - stageStyle: DECORATED
11:21:11.405 [FXGL Background Thread 3 ] DEBUG Engine               - supportedLanguages: [ENGLISH, FRENCH, GERMAN, HUNGARIAN, RUSSIAN]
11:21:11.406 [FXGL Background Thread 3 ] DEBUG Engine               - ticksPerSecond: -1
11:21:11.408 [FXGL Background Thread 3 ] DEBUG Engine               - title: FXGL Pac-man
11:21:11.410 [FXGL Background Thread 3 ] DEBUG Engine               - urlGithub: https://github.com/AlmasB/FXGL
11:21:11.412 [FXGL Background Thread 3 ] DEBUG Engine               - urlLeaderboard: http://fxgl-top.herokuapp.com/
11:21:11.415 [FXGL Background Thread 3 ] DEBUG Engine               - urlPOM: https://raw.githubusercontent.com/AlmasB/FXGL/release/README.md
11:21:11.420 [FXGL Background Thread 3 ] DEBUG Engine               - userAppClass: class com.almasb.fxglgames.pacman.PacmanApp
11:21:11.421 [FXGL Background Thread 3 ] DEBUG Engine               - version: 1.0
11:21:11.427 [FXGL Background Thread 3 ] DEBUG Engine               - versionCheckDays: 7
11:21:11.436 [FXGL Background Thread 3 ] DEBUG Engine               - width: 920
11:21:11.442 [FXGL Background Thread 3 ] DEBUG Engine               - Logging services
11:21:11.444 [FXGL Background Thread 3 ] DEBUG Engine               - class com.almasb.fxgl.app.services.FXGLAssetLoaderService
11:21:11.447 [FXGL Background Thread 3 ] DEBUG Engine               - class com.almasb.fxgl.app.FXGLApplication$GameApplicationService
11:21:11.449 [FXGL Background Thread 3 ] DEBUG Engine               - class com.almasb.fxgl.app.services.FXGLDialogService
11:21:11.450 [FXGL Background Thread 3 ] DEBUG Engine               - class com.almasb.fxgl.app.services.IOTaskExecutorService
11:21:11.451 [FXGL Background Thread 3 ] DEBUG Engine               - class com.almasb.fxgl.io.FileSystemService
11:21:11.452 [FXGL Background Thread 3 ] DEBUG Engine               - class com.almasb.fxgl.localization.LocalizationService
11:21:11.452 [FXGL Background Thread 3 ] DEBUG Engine               - class com.almasb.fxgl.app.services.SystemBundleService
11:21:11.453 [FXGL Background Thread 3 ] DEBUG Engine               - class com.almasb.fxgl.profile.SaveLoadService
11:21:11.456 [FXGL Background Thread 3 ] DEBUG Engine               - class com.almasb.fxgl.ui.FXGLUIFactoryServiceProvider
11:21:11.457 [FXGL Background Thread 3 ] DEBUG Engine               - class com.almasb.fxgl.ui.FXGLDialogFactoryServiceProvider
11:21:11.459 [FXGL Background Thread 3 ] DEBUG Engine               - class com.almasb.fxgl.audio.AudioPlayer
11:21:11.460 [FXGL Background Thread 3 ] DEBUG Engine               - class com.almasb.fxgl.notification.impl.NotificationServiceProvider
11:21:11.464 [FXGL Background Thread 3 ] DEBUG Engine               - class com.almasb.fxgl.achievement.AchievementService
11:21:11.467 [FXGL Background Thread 3 ] DEBUG Engine               - class com.almasb.fxgl.cutscene.CutsceneService
11:21:11.470 [FXGL Background Thread 3 ] DEBUG Engine               - class com.almasb.fxgl.minigames.MiniGameService
11:21:11.473 [FXGL Background Thread 3 ] DEBUG Engine               - class com.almasb.fxgl.net.NetService
11:21:11.475 [FXGL Background Thread 3 ] DEBUG Engine               - class com.almasb.fxgl.app.services.UpdaterService
11:21:11.478 [FXGL Background Thread 3 ] DEBUG Engine               - class com.almasb.fxgl.dev.DevService
11:21:16.878 [JavaFX Application Thread] DEBUG GameApplicationServi - Starting new game
11:21:16.884 [JavaFX Application Thread] DEBUG Input                - Clearing active input actions
11:21:16.941 [JavaFX Application Thread] DEBUG GameApplicationServi - Removing overlay from GameScene and adding to FXGLLoadingScene
11:21:16.946 [JavaFX Application Thread] DEBUG PrimaryStageWindow   - GameScene -> FXGLLoadingScene
11:21:16.946 [JavaFX Application Thread] DEBUG GameApplicationServi - Clearing previous game
11:21:16.946 [JavaFX Application Thread] DEBUG GameScene            - Clearing game scene
11:21:16.946 [JavaFX Application Thread] DEBUG GameWorld            - Clearing game world
11:21:16.988 [JavaFX Application Thread] DEBUG PhysicsWorld         - Clearing physics world
11:21:16.992 [FXGL Background Thread 1 ] DEBUG FXGLApplication      - Initializing game
11:21:17.356 [FXGL Background Thread 1 ] DEBUG GameWorld            - Clearing removable entities
11:21:17.361 [FXGL Background Thread 1 ] DEBUG GameWorld            - Setting level: com.almasb.fxgl.entity.level.Level@5867baf1
11:21:17.395 [FXGL Background Thread 1 ] DEBUG FXGLAssetLoaderServi - Loading from file system: file:/Users/rima/git/FXGLGames/Pacman/target/classes/assets/ui/pacman_ui.fxml
11:21:17.414 [FXGL Background Thread 1 ] INFO  FXGLApplication      - Game initialization took: 0.422 sec
11:21:17.415 [JavaFX Application Thread] DEBUG Input                - Clearing active input actions
11:21:17.457 [JavaFX Application Thread] DEBUG GameApplicationServi - Removing overlay from FXGLLoadingScene and adding to GameScene
11:21:17.464 [JavaFX Application Thread] DEBUG PrimaryStageWindow   - FXGLLoadingScene -> GameScene
11:21:25.047 [JavaFX Application Thread] DEBUG GameApplicationServi - Starting new game
11:21:25.056 [JavaFX Application Thread] DEBUG Input                - Clearing active input actions
11:21:25.121 [JavaFX Application Thread] DEBUG GameApplicationServi - Removing overlay from GameScene and adding to FXGLLoadingScene
11:21:25.127 [JavaFX Application Thread] DEBUG PrimaryStageWindow   - GameScene -> FXGLLoadingScene
11:21:25.127 [JavaFX Application Thread] DEBUG GameApplicationServi - Clearing previous game
11:21:25.127 [JavaFX Application Thread] DEBUG GameScene            - Clearing game scene
11:21:25.127 [JavaFX Application Thread] DEBUG GameWorld            - Clearing game world
11:21:25.167 [JavaFX Application Thread] DEBUG PhysicsWorld         - Clearing physics world
11:21:25.172 [FXGL Background Thread 1 ] DEBUG FXGLApplication      - Initializing game
11:21:25.512 [FXGL Background Thread 1 ] DEBUG GameWorld            - Clearing removable entities
11:21:25.520 [FXGL Background Thread 1 ] DEBUG GameWorld            - Setting level: com.almasb.fxgl.entity.level.Level@4254a8fc
11:21:25.543 [FXGL Background Thread 1 ] DEBUG FXGLAssetLoaderServi - Loading from file system: file:/Users/rima/git/FXGLGames/Pacman/target/classes/assets/ui/pacman_ui.fxml
11:21:25.587 [FXGL Background Thread 1 ] INFO  FXGLApplication      - Game initialization took: 0.415 sec
11:21:25.590 [JavaFX Application Thread] DEBUG Input                - Clearing active input actions
11:21:25.642 [JavaFX Application Thread] DEBUG GameApplicationServi - Removing overlay from FXGLLoadingScene and adding to GameScene
11:21:25.645 [JavaFX Application Thread] DEBUG PrimaryStageWindow   - FXGLLoadingScene -> GameScene
11:21:33.192 [JavaFX Application Thread] DEBUG GameApplicationServi - Starting new game
11:21:33.196 [JavaFX Application Thread] DEBUG Input                - Clearing active input actions
11:21:33.242 [JavaFX Application Thread] DEBUG GameApplicationServi - Removing overlay from GameScene and adding to FXGLLoadingScene
11:21:33.242 [JavaFX Application Thread] DEBUG PrimaryStageWindow   - GameScene -> FXGLLoadingScene
11:21:33.242 [JavaFX Application Thread] DEBUG GameApplicationServi - Clearing previous game
11:21:33.243 [JavaFX Application Thread] DEBUG GameScene            - Clearing game scene
11:21:33.243 [JavaFX Application Thread] DEBUG GameWorld            - Clearing game world
11:21:33.249 [JavaFX Application Thread] DEBUG PhysicsWorld         - Clearing physics world
11:21:33.251 [FXGL Background Thread 1 ] DEBUG FXGLApplication      - Initializing game
11:21:33.357 [FXGL Background Thread 1 ] DEBUG GameWorld            - Clearing removable entities
11:21:33.357 [FXGL Background Thread 1 ] DEBUG GameWorld            - Setting level: com.almasb.fxgl.entity.level.Level@5f9c3096
11:21:33.368 [FXGL Background Thread 1 ] DEBUG FXGLAssetLoaderServi - Loading from file system: file:/Users/rima/git/FXGLGames/Pacman/target/classes/assets/ui/pacman_ui.fxml
11:21:33.379 [FXGL Background Thread 1 ] INFO  FXGLApplication      - Game initialization took: 0.128 sec
11:21:33.380 [JavaFX Application Thread] DEBUG Input                - Clearing active input actions
11:21:33.396 [JavaFX Application Thread] DEBUG GameApplicationServi - Removing overlay from FXGLLoadingScene and adding to GameScene
11:21:33.397 [JavaFX Application Thread] DEBUG PrimaryStageWindow   - FXGLLoadingScene -> GameScene
11:21:41.210 [JavaFX Application Thread] DEBUG GameApplicationServi - Starting new game
11:21:41.226 [JavaFX Application Thread] DEBUG Input                - Clearing active input actions
11:21:41.277 [JavaFX Application Thread] DEBUG GameApplicationServi - Removing overlay from GameScene and adding to FXGLLoadingScene
11:21:41.279 [JavaFX Application Thread] DEBUG PrimaryStageWindow   - GameScene -> FXGLLoadingScene
11:21:41.279 [JavaFX Application Thread] DEBUG GameApplicationServi - Clearing previous game
11:21:41.279 [JavaFX Application Thread] DEBUG GameScene            - Clearing game scene
11:21:41.279 [JavaFX Application Thread] DEBUG GameWorld            - Clearing game world
11:21:41.287 [JavaFX Application Thread] DEBUG PhysicsWorld         - Clearing physics world
11:21:41.294 [FXGL Background Thread 1 ] DEBUG FXGLApplication      - Initializing game
11:21:41.380 [FXGL Background Thread 1 ] DEBUG GameWorld            - Clearing removable entities
11:21:41.381 [FXGL Background Thread 1 ] DEBUG GameWorld            - Setting level: com.almasb.fxgl.entity.level.Level@72e11a83
11:21:41.391 [FXGL Background Thread 1 ] DEBUG FXGLAssetLoaderServi - Loading from file system: file:/Users/rima/git/FXGLGames/Pacman/target/classes/assets/ui/pacman_ui.fxml
11:21:41.403 [FXGL Background Thread 1 ] INFO  FXGLApplication      - Game initialization took: 0.109 sec
11:21:41.404 [JavaFX Application Thread] DEBUG Input                - Clearing active input actions
11:21:41.417 [JavaFX Application Thread] DEBUG GameApplicationServi - Removing overlay from FXGLLoadingScene and adding to GameScene
11:21:41.417 [JavaFX Application Thread] DEBUG PrimaryStageWindow   - FXGLLoadingScene -> GameScene
11:21:44.572 [JavaFX Application Thread] DEBUG FXGLApplication      - Exiting FXGL
11:21:44.580 [JavaFX Application Thread] DEBUG LoopRunner           - Stopping loop
11:21:44.583 [JavaFX Application Thread] DEBUG SystemBundleService  - Saving FXGL system data
11:21:44.625 [JavaFX Application Thread] DEBUG FileSystemAccess     - Writing to: /Users/rima/git/FXGLGames/Pacman/system/fxgl.bundle
11:21:44.634 [JavaFX Application Thread] DEBUG Async                - Shutting down background threads
11:21:44.637 [JavaFX Application Thread] DEBUG PrimaryStageWindow   - Closing main window
11:21:44.664 [JavaFX Application Thread] DEBUG Logger               - Closing Logger
